[0.014s] Invoking command in '/home/ros/colcon_ws/src/build/open_manipulator': AMENT_PREFIX_PATH=/home/ros/colcon_ws/src/install/open_manipulator_x_teleop:/home/ros/colcon_ws/src/install/open_manipulator_x_moveit_config:/home/ros/colcon_ws/src/install/open_manipulator_x_bringup:/home/ros/colcon_ws/src/install/open_manipulator_x_playground:/home/ros/colcon_ws/src/install/open_manipulator_x_gui:/home/ros/colcon_ws/src/install/open_manipulator_x_description:${AMENT_PREFIX_PATH} CMAKE_PREFIX_PATH=/home/ros/colcon_ws/src/install/open_manipulator_x_teleop:/home/ros/colcon_ws/src/install/open_manipulator_x_moveit_config:/home/ros/colcon_ws/src/install/open_manipulator_x_bringup:/home/ros/colcon_ws/src/install/open_manipulator_x_playground:/home/ros/colcon_ws/src/install/open_manipulator_x_gui:/home/ros/colcon_ws/src/install/open_manipulator_x_description:/opt/ros/humble LD_LIBRARY_PATH=/home/ros/colcon_ws/src/install/open_manipulator_x_gui/lib:${LD_LIBRARY_PATH} /usr/bin/cmake /home/ros/colcon_ws/src/open_manipulator/open_manipulator -DCMAKE_INSTALL_PREFIX=/home/ros/colcon_ws/src/install/open_manipulator
[0.091s] -- The C compiler identification is GNU 11.4.0
[0.144s] -- The CXX compiler identification is GNU 11.4.0
[0.152s] -- Detecting C compiler ABI info
[0.219s] -- Detecting C compiler ABI info - done
[0.225s] -- Check for working C compiler: /usr/bin/cc - skipped
[0.226s] -- Detecting C compile features
[0.226s] -- Detecting C compile features - done
[0.229s] -- Detecting CXX compiler ABI info
[0.303s] -- Detecting CXX compiler ABI info - done
[0.313s] -- Check for working CXX compiler: /usr/bin/c++ - skipped
[0.313s] -- Detecting CXX compile features
[0.313s] -- Detecting CXX compile features - done
[0.323s] -- Found ament_cmake: 1.3.13 (/opt/ros/humble/share/ament_cmake/cmake)
[0.484s] -- Found Python3: /usr/bin/python3 (found version "3.10.12") found components: Interpreter 
[0.677s] -- Configuring done
[0.680s] -- Generating done
[0.683s] -- Build files have been written to: /home/ros/colcon_ws/src/build/open_manipulator
[0.687s] Invoked command in '/home/ros/colcon_ws/src/build/open_manipulator' returned '0': AMENT_PREFIX_PATH=/home/ros/colcon_ws/src/install/open_manipulator_x_teleop:/home/ros/colcon_ws/src/install/open_manipulator_x_moveit_config:/home/ros/colcon_ws/src/install/open_manipulator_x_bringup:/home/ros/colcon_ws/src/install/open_manipulator_x_playground:/home/ros/colcon_ws/src/install/open_manipulator_x_gui:/home/ros/colcon_ws/src/install/open_manipulator_x_description:${AMENT_PREFIX_PATH} CMAKE_PREFIX_PATH=/home/ros/colcon_ws/src/install/open_manipulator_x_teleop:/home/ros/colcon_ws/src/install/open_manipulator_x_moveit_config:/home/ros/colcon_ws/src/install/open_manipulator_x_bringup:/home/ros/colcon_ws/src/install/open_manipulator_x_playground:/home/ros/colcon_ws/src/install/open_manipulator_x_gui:/home/ros/colcon_ws/src/install/open_manipulator_x_description:/opt/ros/humble LD_LIBRARY_PATH=/home/ros/colcon_ws/src/install/open_manipulator_x_gui/lib:${LD_LIBRARY_PATH} /usr/bin/cmake /home/ros/colcon_ws/src/open_manipulator/open_manipulator -DCMAKE_INSTALL_PREFIX=/home/ros/colcon_ws/src/install/open_manipulator
[0.689s] Invoking command in '/home/ros/colcon_ws/src/build/open_manipulator': AMENT_PREFIX_PATH=/home/ros/colcon_ws/src/install/open_manipulator_x_teleop:/home/ros/colcon_ws/src/install/open_manipulator_x_moveit_config:/home/ros/colcon_ws/src/install/open_manipulator_x_bringup:/home/ros/colcon_ws/src/install/open_manipulator_x_playground:/home/ros/colcon_ws/src/install/open_manipulator_x_gui:/home/ros/colcon_ws/src/install/open_manipulator_x_description:${AMENT_PREFIX_PATH} CMAKE_PREFIX_PATH=/home/ros/colcon_ws/src/install/open_manipulator_x_teleop:/home/ros/colcon_ws/src/install/open_manipulator_x_moveit_config:/home/ros/colcon_ws/src/install/open_manipulator_x_bringup:/home/ros/colcon_ws/src/install/open_manipulator_x_playground:/home/ros/colcon_ws/src/install/open_manipulator_x_gui:/home/ros/colcon_ws/src/install/open_manipulator_x_description:/opt/ros/humble LD_LIBRARY_PATH=/home/ros/colcon_ws/src/install/open_manipulator_x_gui/lib:${LD_LIBRARY_PATH} /usr/bin/cmake --build /home/ros/colcon_ws/src/build/open_manipulator -- -j8 -l8
[0.722s] Invoked command in '/home/ros/colcon_ws/src/build/open_manipulator' returned '0': AMENT_PREFIX_PATH=/home/ros/colcon_ws/src/install/open_manipulator_x_teleop:/home/ros/colcon_ws/src/install/open_manipulator_x_moveit_config:/home/ros/colcon_ws/src/install/open_manipulator_x_bringup:/home/ros/colcon_ws/src/install/open_manipulator_x_playground:/home/ros/colcon_ws/src/install/open_manipulator_x_gui:/home/ros/colcon_ws/src/install/open_manipulator_x_description:${AMENT_PREFIX_PATH} CMAKE_PREFIX_PATH=/home/ros/colcon_ws/src/install/open_manipulator_x_teleop:/home/ros/colcon_ws/src/install/open_manipulator_x_moveit_config:/home/ros/colcon_ws/src/install/open_manipulator_x_bringup:/home/ros/colcon_ws/src/install/open_manipulator_x_playground:/home/ros/colcon_ws/src/install/open_manipulator_x_gui:/home/ros/colcon_ws/src/install/open_manipulator_x_description:/opt/ros/humble LD_LIBRARY_PATH=/home/ros/colcon_ws/src/install/open_manipulator_x_gui/lib:${LD_LIBRARY_PATH} /usr/bin/cmake --build /home/ros/colcon_ws/src/build/open_manipulator -- -j8 -l8
[0.723s] Invoking command in '/home/ros/colcon_ws/src/build/open_manipulator': AMENT_PREFIX_PATH=/home/ros/colcon_ws/src/install/open_manipulator_x_teleop:/home/ros/colcon_ws/src/install/open_manipulator_x_moveit_config:/home/ros/colcon_ws/src/install/open_manipulator_x_bringup:/home/ros/colcon_ws/src/install/open_manipulator_x_playground:/home/ros/colcon_ws/src/install/open_manipulator_x_gui:/home/ros/colcon_ws/src/install/open_manipulator_x_description:${AMENT_PREFIX_PATH} CMAKE_PREFIX_PATH=/home/ros/colcon_ws/src/install/open_manipulator_x_teleop:/home/ros/colcon_ws/src/install/open_manipulator_x_moveit_config:/home/ros/colcon_ws/src/install/open_manipulator_x_bringup:/home/ros/colcon_ws/src/install/open_manipulator_x_playground:/home/ros/colcon_ws/src/install/open_manipulator_x_gui:/home/ros/colcon_ws/src/install/open_manipulator_x_description:/opt/ros/humble LD_LIBRARY_PATH=/home/ros/colcon_ws/src/install/open_manipulator_x_gui/lib:${LD_LIBRARY_PATH} /usr/bin/cmake --install /home/ros/colcon_ws/src/build/open_manipulator
[0.730s] -- Install configuration: ""
[0.731s] -- Installing: /home/ros/colcon_ws/src/install/open_manipulator/share/ament_index/resource_index/package_run_dependencies/open_manipulator
[0.731s] -- Installing: /home/ros/colcon_ws/src/install/open_manipulator/share/ament_index/resource_index/parent_prefix_path/open_manipulator
[0.731s] -- Installing: /home/ros/colcon_ws/src/install/open_manipulator/share/open_manipulator/environment/ament_prefix_path.sh
[0.731s] -- Installing: /home/ros/colcon_ws/src/install/open_manipulator/share/open_manipulator/environment/ament_prefix_path.dsv
[0.731s] -- Installing: /home/ros/colcon_ws/src/install/open_manipulator/share/open_manipulator/environment/path.sh
[0.731s] -- Installing: /home/ros/colcon_ws/src/install/open_manipulator/share/open_manipulator/environment/path.dsv
[0.732s] -- Installing: /home/ros/colcon_ws/src/install/open_manipulator/share/open_manipulator/local_setup.bash
[0.732s] -- Installing: /home/ros/colcon_ws/src/install/open_manipulator/share/open_manipulator/local_setup.sh
[0.732s] -- Installing: /home/ros/colcon_ws/src/install/open_manipulator/share/open_manipulator/local_setup.zsh
[0.732s] -- Installing: /home/ros/colcon_ws/src/install/open_manipulator/share/open_manipulator/local_setup.dsv
[0.732s] -- Installing: /home/ros/colcon_ws/src/install/open_manipulator/share/open_manipulator/package.dsv
[0.732s] -- Installing: /home/ros/colcon_ws/src/install/open_manipulator/share/ament_index/resource_index/packages/open_manipulator
[0.733s] -- Installing: /home/ros/colcon_ws/src/install/open_manipulator/share/open_manipulator/cmake/open_manipulatorConfig.cmake
[0.733s] -- Installing: /home/ros/colcon_ws/src/install/open_manipulator/share/open_manipulator/cmake/open_manipulatorConfig-version.cmake
[0.733s] -- Installing: /home/ros/colcon_ws/src/install/open_manipulator/share/open_manipulator/package.xml
[0.735s] Invoked command in '/home/ros/colcon_ws/src/build/open_manipulator' returned '0': AMENT_PREFIX_PATH=/home/ros/colcon_ws/src/install/open_manipulator_x_teleop:/home/ros/colcon_ws/src/install/open_manipulator_x_moveit_config:/home/ros/colcon_ws/src/install/open_manipulator_x_bringup:/home/ros/colcon_ws/src/install/open_manipulator_x_playground:/home/ros/colcon_ws/src/install/open_manipulator_x_gui:/home/ros/colcon_ws/src/install/open_manipulator_x_description:${AMENT_PREFIX_PATH} CMAKE_PREFIX_PATH=/home/ros/colcon_ws/src/install/open_manipulator_x_teleop:/home/ros/colcon_ws/src/install/open_manipulator_x_moveit_config:/home/ros/colcon_ws/src/install/open_manipulator_x_bringup:/home/ros/colcon_ws/src/install/open_manipulator_x_playground:/home/ros/colcon_ws/src/install/open_manipulator_x_gui:/home/ros/colcon_ws/src/install/open_manipulator_x_description:/opt/ros/humble LD_LIBRARY_PATH=/home/ros/colcon_ws/src/install/open_manipulator_x_gui/lib:${LD_LIBRARY_PATH} /usr/bin/cmake --install /home/ros/colcon_ws/src/build/open_manipulator
