[0.039s] Invoking command in '/home/hoan/colcon_ws/build/open_manipulator_x_teleop': CMAKE_PREFIX_PATH=/home/hoan/colcon_ws/install/open_manipulator_x_moveit_config:/home/hoan/colcon_ws/install/open_manipulator_x_bringup:/home/hoan/colcon_ws/install/open_manipulator_x_description:/home/hoan/ros2_ws/install/rosbridge_test_msgs:/home/hoan/ros2_ws/install/rosbridge_msgs:/home/hoan/ros2_ws/install/rosapi_msgs:/home/hoan/ros2_ws/install/astra_camera:/home/hoan/ros2_ws/install/astra_camera_msgs:/home/hoan/colcon_ws/install/open_manipulator:/home/hoan/colcon_ws/install/open_manipulator_x_teleop:/home/hoan/colcon_ws/install/open_manipulator_x_playground:/home/hoan/colcon_ws/install/open_manipulator_x_gui:/home/hoan/colcon_ws/install/dynamixel_sdk_examples:/home/hoan/colcon_ws/install/dynamixel_hardware_interface:/home/hoan/ros2_ws/install/camera_onnx_processor:/home/hoan/colcon_ws/install/dynamixel_sdk_custom_interfaces:/home/hoan/colcon_ws/install/dynamixel_sdk:/home/hoan/colcon_ws/install/dynamixel_interfaces:/opt/ros/humble /usr/bin/cmake /home/hoan/colcon_ws/src/open_manipulator/open_manipulator_x_teleop -DCMAKE_INSTALL_PREFIX=/home/hoan/colcon_ws/install/open_manipulator_x_teleop
[0.187s] -- The C compiler identification is GNU 11.4.0
[0.293s] -- The CXX compiler identification is GNU 11.4.0
[0.307s] -- Detecting C compiler ABI info
[0.447s] -- Detecting C compiler ABI info - done
[0.467s] -- Check for working C compiler: /usr/bin/cc - skipped
[0.467s] -- Detecting C compile features
[0.467s] -- Detecting C compile features - done
[0.470s] -- Detecting CXX compiler ABI info
[0.682s] -- Detecting CXX compiler ABI info - done
[0.701s] -- Check for working CXX compiler: /usr/bin/c++ - skipped
[0.701s] -- Detecting CXX compile features
[0.702s] -- Detecting CXX compile features - done
[0.709s] -- Found ament_cmake: 1.3.12 (/opt/ros/humble/share/ament_cmake/cmake)
[1.075s] -- Found Python3: /usr/bin/python3 (found version "3.10.12") found components: Interpreter 
[1.276s] -- Found rclcpp: 16.0.16 (/opt/ros/humble/share/rclcpp/cmake)
[1.371s] -- Found rosidl_generator_c: 3.1.7 (/opt/ros/humble/share/rosidl_generator_c/cmake)
[1.385s] -- Found rosidl_adapter: 3.1.7 (/opt/ros/humble/share/rosidl_adapter/cmake)
[1.406s] -- Found rosidl_generator_cpp: 3.1.7 (/opt/ros/humble/share/rosidl_generator_cpp/cmake)
[1.443s] -- Using all available rosidl_typesupport_c: rosidl_typesupport_fastrtps_c;rosidl_typesupport_introspection_c
[1.483s] -- Using all available rosidl_typesupport_cpp: rosidl_typesupport_fastrtps_cpp;rosidl_typesupport_introspection_cpp
[1.609s] -- Found rmw_implementation_cmake: 6.1.2 (/opt/ros/humble/share/rmw_implementation_cmake/cmake)
[1.616s] -- Found rmw_fastrtps_cpp: 6.2.9 (/opt/ros/humble/share/rmw_fastrtps_cpp/cmake)
[1.879s] -- Found OpenSSL: /usr/lib/x86_64-linux-gnu/libcrypto.so (found version "3.0.2")  
[1.981s] -- Found FastRTPS: /opt/ros/humble/include  
[2.147s] -- Using RMW implementation 'rmw_fastrtps_cpp' as default
[2.184s] -- Looking for pthread.h
[2.409s] -- Looking for pthread.h - found
[2.410s] -- Performing Test CMAKE_HAVE_LIBC_PTHREAD
[2.699s] -- Performing Test CMAKE_HAVE_LIBC_PTHREAD - Success
[2.699s] -- Found Threads: TRUE  
[3.034s] -- Found open_manipulator_x_bringup: 3.0.4 (/home/hoan/colcon_ws/install/open_manipulator_x_bringup/share/open_manipulator_x_bringup/cmake)
[3.034s] -- Found open_manipulator_x_moveit_config: 3.0.4 (/home/hoan/colcon_ws/install/open_manipulator_x_moveit_config/share/open_manipulator_x_moveit_config/cmake)
[3.034s] -- Found open_manipulator_x_description: 3.0.4 (/home/hoan/colcon_ws/install/open_manipulator_x_description/share/open_manipulator_x_description/cmake)
[3.042s] -- Found geometry_msgs: 4.9.0 (/opt/ros/humble/share/geometry_msgs/cmake)
[3.104s] -- Found nav_msgs: 4.9.0 (/opt/ros/humble/share/nav_msgs/cmake)
[3.185s] -- Found control_msgs: 4.8.0 (/opt/ros/humble/share/control_msgs/cmake)
[3.545s] -- Found std_srvs: 4.9.0 (/opt/ros/humble/share/std_srvs/cmake)
[3.605s] -- Found rclcpp_action: 16.0.16 (/opt/ros/humble/share/rclcpp_action/cmake)
[4.078s] -- Configuring done
[4.128s] -- Generating done
[4.157s] -- Build files have been written to: /home/hoan/colcon_ws/build/open_manipulator_x_teleop
[4.218s] Invoked command in '/home/hoan/colcon_ws/build/open_manipulator_x_teleop' returned '0': CMAKE_PREFIX_PATH=/home/hoan/colcon_ws/install/open_manipulator_x_moveit_config:/home/hoan/colcon_ws/install/open_manipulator_x_bringup:/home/hoan/colcon_ws/install/open_manipulator_x_description:/home/hoan/ros2_ws/install/rosbridge_test_msgs:/home/hoan/ros2_ws/install/rosbridge_msgs:/home/hoan/ros2_ws/install/rosapi_msgs:/home/hoan/ros2_ws/install/astra_camera:/home/hoan/ros2_ws/install/astra_camera_msgs:/home/hoan/colcon_ws/install/open_manipulator:/home/hoan/colcon_ws/install/open_manipulator_x_teleop:/home/hoan/colcon_ws/install/open_manipulator_x_playground:/home/hoan/colcon_ws/install/open_manipulator_x_gui:/home/hoan/colcon_ws/install/dynamixel_sdk_examples:/home/hoan/colcon_ws/install/dynamixel_hardware_interface:/home/hoan/ros2_ws/install/camera_onnx_processor:/home/hoan/colcon_ws/install/dynamixel_sdk_custom_interfaces:/home/hoan/colcon_ws/install/dynamixel_sdk:/home/hoan/colcon_ws/install/dynamixel_interfaces:/opt/ros/humble /usr/bin/cmake /home/hoan/colcon_ws/src/open_manipulator/open_manipulator_x_teleop -DCMAKE_INSTALL_PREFIX=/home/hoan/colcon_ws/install/open_manipulator_x_teleop
[4.219s] Invoking command in '/home/hoan/colcon_ws/build/open_manipulator_x_teleop': CMAKE_PREFIX_PATH=/home/hoan/colcon_ws/install/open_manipulator_x_moveit_config:/home/hoan/colcon_ws/install/open_manipulator_x_bringup:/home/hoan/colcon_ws/install/open_manipulator_x_description:/home/hoan/ros2_ws/install/rosbridge_test_msgs:/home/hoan/ros2_ws/install/rosbridge_msgs:/home/hoan/ros2_ws/install/rosapi_msgs:/home/hoan/ros2_ws/install/astra_camera:/home/hoan/ros2_ws/install/astra_camera_msgs:/home/hoan/colcon_ws/install/open_manipulator:/home/hoan/colcon_ws/install/open_manipulator_x_teleop:/home/hoan/colcon_ws/install/open_manipulator_x_playground:/home/hoan/colcon_ws/install/open_manipulator_x_gui:/home/hoan/colcon_ws/install/dynamixel_sdk_examples:/home/hoan/colcon_ws/install/dynamixel_hardware_interface:/home/hoan/ros2_ws/install/camera_onnx_processor:/home/hoan/colcon_ws/install/dynamixel_sdk_custom_interfaces:/home/hoan/colcon_ws/install/dynamixel_sdk:/home/hoan/colcon_ws/install/dynamixel_interfaces:/opt/ros/humble /usr/bin/cmake --build /home/hoan/colcon_ws/build/open_manipulator_x_teleop -- -j8 -l8
[4.516s] [ 50%] [32mBuilding CXX object CMakeFiles/open_manipulator_x_teleop.dir/src/open_manipulator_x_teleop.cpp.o[0m
[169.177s] [100%] [32m[1mLinking CXX executable open_manipulator_x_teleop[0m
[170.843s] [100%] Built target open_manipulator_x_teleop
[170.905s] Invoked command in '/home/hoan/colcon_ws/build/open_manipulator_x_teleop' returned '0': CMAKE_PREFIX_PATH=/home/hoan/colcon_ws/install/open_manipulator_x_moveit_config:/home/hoan/colcon_ws/install/open_manipulator_x_bringup:/home/hoan/colcon_ws/install/open_manipulator_x_description:/home/hoan/ros2_ws/install/rosbridge_test_msgs:/home/hoan/ros2_ws/install/rosbridge_msgs:/home/hoan/ros2_ws/install/rosapi_msgs:/home/hoan/ros2_ws/install/astra_camera:/home/hoan/ros2_ws/install/astra_camera_msgs:/home/hoan/colcon_ws/install/open_manipulator:/home/hoan/colcon_ws/install/open_manipulator_x_teleop:/home/hoan/colcon_ws/install/open_manipulator_x_playground:/home/hoan/colcon_ws/install/open_manipulator_x_gui:/home/hoan/colcon_ws/install/dynamixel_sdk_examples:/home/hoan/colcon_ws/install/dynamixel_hardware_interface:/home/hoan/ros2_ws/install/camera_onnx_processor:/home/hoan/colcon_ws/install/dynamixel_sdk_custom_interfaces:/home/hoan/colcon_ws/install/dynamixel_sdk:/home/hoan/colcon_ws/install/dynamixel_interfaces:/opt/ros/humble /usr/bin/cmake --build /home/hoan/colcon_ws/build/open_manipulator_x_teleop -- -j8 -l8
[170.914s] Invoking command in '/home/hoan/colcon_ws/build/open_manipulator_x_teleop': CMAKE_PREFIX_PATH=/home/hoan/colcon_ws/install/open_manipulator_x_moveit_config:/home/hoan/colcon_ws/install/open_manipulator_x_bringup:/home/hoan/colcon_ws/install/open_manipulator_x_description:/home/hoan/ros2_ws/install/rosbridge_test_msgs:/home/hoan/ros2_ws/install/rosbridge_msgs:/home/hoan/ros2_ws/install/rosapi_msgs:/home/hoan/ros2_ws/install/astra_camera:/home/hoan/ros2_ws/install/astra_camera_msgs:/home/hoan/colcon_ws/install/open_manipulator:/home/hoan/colcon_ws/install/open_manipulator_x_teleop:/home/hoan/colcon_ws/install/open_manipulator_x_playground:/home/hoan/colcon_ws/install/open_manipulator_x_gui:/home/hoan/colcon_ws/install/dynamixel_sdk_examples:/home/hoan/colcon_ws/install/dynamixel_hardware_interface:/home/hoan/ros2_ws/install/camera_onnx_processor:/home/hoan/colcon_ws/install/dynamixel_sdk_custom_interfaces:/home/hoan/colcon_ws/install/dynamixel_sdk:/home/hoan/colcon_ws/install/dynamixel_interfaces:/opt/ros/humble /usr/bin/cmake --install /home/hoan/colcon_ws/build/open_manipulator_x_teleop
[170.951s] -- Install configuration: ""
[170.952s] -- Installing: /home/hoan/colcon_ws/install/open_manipulator_x_teleop/lib/open_manipulator_x_teleop/open_manipulator_x_teleop
[170.961s] -- Set runtime path of "/home/hoan/colcon_ws/install/open_manipulator_x_teleop/lib/open_manipulator_x_teleop/open_manipulator_x_teleop" to ""
[170.962s] -- Installing: /home/hoan/colcon_ws/install/open_manipulator_x_teleop/share/ament_index/resource_index/package_run_dependencies/open_manipulator_x_teleop
[170.962s] -- Installing: /home/hoan/colcon_ws/install/open_manipulator_x_teleop/share/ament_index/resource_index/parent_prefix_path/open_manipulator_x_teleop
[170.967s] -- Installing: /home/hoan/colcon_ws/install/open_manipulator_x_teleop/share/open_manipulator_x_teleop/environment/ament_prefix_path.sh
[170.967s] -- Installing: /home/hoan/colcon_ws/install/open_manipulator_x_teleop/share/open_manipulator_x_teleop/environment/ament_prefix_path.dsv
[170.969s] -- Installing: /home/hoan/colcon_ws/install/open_manipulator_x_teleop/share/open_manipulator_x_teleop/environment/path.sh
[170.969s] -- Installing: /home/hoan/colcon_ws/install/open_manipulator_x_teleop/share/open_manipulator_x_teleop/environment/path.dsv
[170.969s] -- Installing: /home/hoan/colcon_ws/install/open_manipulator_x_teleop/share/open_manipulator_x_teleop/local_setup.bash
[170.977s] -- Installing: /home/hoan/colcon_ws/install/open_manipulator_x_teleop/share/open_manipulator_x_teleop/local_setup.sh
[170.977s] -- Installing: /home/hoan/colcon_ws/install/open_manipulator_x_teleop/share/open_manipulator_x_teleop/local_setup.zsh
[170.978s] -- Installing: /home/hoan/colcon_ws/install/open_manipulator_x_teleop/share/open_manipulator_x_teleop/local_setup.dsv
[170.978s] -- Installing: /home/hoan/colcon_ws/install/open_manipulator_x_teleop/share/open_manipulator_x_teleop/package.dsv
[170.978s] -- Installing: /home/hoan/colcon_ws/install/open_manipulator_x_teleop/share/ament_index/resource_index/packages/open_manipulator_x_teleop
[170.978s] -- Installing: /home/hoan/colcon_ws/install/open_manipulator_x_teleop/share/open_manipulator_x_teleop/cmake/open_manipulator_x_teleopConfig.cmake
[170.978s] -- Installing: /home/hoan/colcon_ws/install/open_manipulator_x_teleop/share/open_manipulator_x_teleop/cmake/open_manipulator_x_teleopConfig-version.cmake
[170.978s] -- Installing: /home/hoan/colcon_ws/install/open_manipulator_x_teleop/share/open_manipulator_x_teleop/package.xml
[170.982s] Invoked command in '/home/hoan/colcon_ws/build/open_manipulator_x_teleop' returned '0': CMAKE_PREFIX_PATH=/home/hoan/colcon_ws/install/open_manipulator_x_moveit_config:/home/hoan/colcon_ws/install/open_manipulator_x_bringup:/home/hoan/colcon_ws/install/open_manipulator_x_description:/home/hoan/ros2_ws/install/rosbridge_test_msgs:/home/hoan/ros2_ws/install/rosbridge_msgs:/home/hoan/ros2_ws/install/rosapi_msgs:/home/hoan/ros2_ws/install/astra_camera:/home/hoan/ros2_ws/install/astra_camera_msgs:/home/hoan/colcon_ws/install/open_manipulator:/home/hoan/colcon_ws/install/open_manipulator_x_teleop:/home/hoan/colcon_ws/install/open_manipulator_x_playground:/home/hoan/colcon_ws/install/open_manipulator_x_gui:/home/hoan/colcon_ws/install/dynamixel_sdk_examples:/home/hoan/colcon_ws/install/dynamixel_hardware_interface:/home/hoan/ros2_ws/install/camera_onnx_processor:/home/hoan/colcon_ws/install/dynamixel_sdk_custom_interfaces:/home/hoan/colcon_ws/install/dynamixel_sdk:/home/hoan/colcon_ws/install/dynamixel_interfaces:/opt/ros/humble /usr/bin/cmake --install /home/hoan/colcon_ws/build/open_manipulator_x_teleop
