[0.013s] Invoking command in '/home/hoan/colcon_ws/build/open_manipulator_x_playground': CMAKE_PREFIX_PATH=${CMAKE_PREFIX_PATH}:/home/hoan/ros2_ws/install/camera_onnx_processor:/home/hoan/colcon_ws/install/dynamixel_sdk_custom_interfaces:/home/hoan/colcon_ws/install/dynamixel_sdk:/home/hoan/colcon_ws/install/dynamixel_interfaces:/opt/ros/humble /usr/bin/cmake --build /home/hoan/colcon_ws/build/open_manipulator_x_playground -- -j8 -l8
[0.075s] [100%] Built target main
[0.075s] [100%] Built target hello_moveit
[0.086s] Invoked command in '/home/hoan/colcon_ws/build/open_manipulator_x_playground' returned '0': CMAKE_PREFIX_PATH=${CMAKE_PREFIX_PATH}:/home/hoan/ros2_ws/install/camera_onnx_processor:/home/hoan/colcon_ws/install/dynamixel_sdk_custom_interfaces:/home/hoan/colcon_ws/install/dynamixel_sdk:/home/hoan/colcon_ws/install/dynamixel_interfaces:/opt/ros/humble /usr/bin/cmake --build /home/hoan/colcon_ws/build/open_manipulator_x_playground -- -j8 -l8
[0.096s] Invoking command in '/home/hoan/colcon_ws/build/open_manipulator_x_playground': CMAKE_PREFIX_PATH=${CMAKE_PREFIX_PATH}:/home/hoan/ros2_ws/install/camera_onnx_processor:/home/hoan/colcon_ws/install/dynamixel_sdk_custom_interfaces:/home/hoan/colcon_ws/install/dynamixel_sdk:/home/hoan/colcon_ws/install/dynamixel_interfaces:/opt/ros/humble /usr/bin/cmake --install /home/hoan/colcon_ws/build/open_manipulator_x_playground
[0.103s] -- Install configuration: ""
[0.103s] -- Up-to-date: /home/hoan/colcon_ws/install/open_manipulator_x_playground/lib/open_manipulator_x_playground/hello_moveit
[0.103s] -- Up-to-date: /home/hoan/colcon_ws/install/open_manipulator_x_playground/lib/open_manipulator_x_playground/main
[0.103s] -- Up-to-date: /home/hoan/colcon_ws/install/open_manipulator_x_playground/share/ament_index/resource_index/package_run_dependencies/open_manipulator_x_playground
[0.103s] -- Up-to-date: /home/hoan/colcon_ws/install/open_manipulator_x_playground/share/ament_index/resource_index/parent_prefix_path/open_manipulator_x_playground
[0.104s] -- Up-to-date: /home/hoan/colcon_ws/install/open_manipulator_x_playground/share/open_manipulator_x_playground/environment/ament_prefix_path.sh
[0.104s] -- Up-to-date: /home/hoan/colcon_ws/install/open_manipulator_x_playground/share/open_manipulator_x_playground/environment/ament_prefix_path.dsv
[0.104s] -- Up-to-date: /home/hoan/colcon_ws/install/open_manipulator_x_playground/share/open_manipulator_x_playground/environment/path.sh
[0.104s] -- Up-to-date: /home/hoan/colcon_ws/install/open_manipulator_x_playground/share/open_manipulator_x_playground/environment/path.dsv
[0.104s] -- Up-to-date: /home/hoan/colcon_ws/install/open_manipulator_x_playground/share/open_manipulator_x_playground/local_setup.bash
[0.104s] -- Up-to-date: /home/hoan/colcon_ws/install/open_manipulator_x_playground/share/open_manipulator_x_playground/local_setup.sh
[0.104s] -- Up-to-date: /home/hoan/colcon_ws/install/open_manipulator_x_playground/share/open_manipulator_x_playground/local_setup.zsh
[0.104s] -- Up-to-date: /home/hoan/colcon_ws/install/open_manipulator_x_playground/share/open_manipulator_x_playground/local_setup.dsv
[0.104s] -- Installing: /home/hoan/colcon_ws/install/open_manipulator_x_playground/share/open_manipulator_x_playground/package.dsv
[0.104s] -- Up-to-date: /home/hoan/colcon_ws/install/open_manipulator_x_playground/share/ament_index/resource_index/packages/open_manipulator_x_playground
[0.105s] -- Up-to-date: /home/hoan/colcon_ws/install/open_manipulator_x_playground/share/open_manipulator_x_playground/cmake/open_manipulator_x_playgroundConfig.cmake
[0.105s] -- Up-to-date: /home/hoan/colcon_ws/install/open_manipulator_x_playground/share/open_manipulator_x_playground/cmake/open_manipulator_x_playgroundConfig-version.cmake
[0.105s] -- Up-to-date: /home/hoan/colcon_ws/install/open_manipulator_x_playground/share/open_manipulator_x_playground/package.xml
[0.106s] Invoked command in '/home/hoan/colcon_ws/build/open_manipulator_x_playground' returned '0': CMAKE_PREFIX_PATH=${CMAKE_PREFIX_PATH}:/home/hoan/ros2_ws/install/camera_onnx_processor:/home/hoan/colcon_ws/install/dynamixel_sdk_custom_interfaces:/home/hoan/colcon_ws/install/dynamixel_sdk:/home/hoan/colcon_ws/install/dynamixel_interfaces:/opt/ros/humble /usr/bin/cmake --install /home/hoan/colcon_ws/build/open_manipulator_x_playground
