[0.024s] Invoking command in '/home/ros/colcon_ws/src/build/open_manipulator_x_playground': CMAKE_PREFIX_PATH=/opt/ros/humble /usr/bin/cmake /home/ros/colcon_ws/src/open_manipulator/open_manipulator_x_playground -DCMAKE_INSTALL_PREFIX=/home/ros/colcon_ws/src/install/open_manipulator_x_playground
[0.110s] -- The C compiler identification is GNU 11.4.0
[0.209s] -- The CXX compiler identification is GNU 11.4.0
[0.221s] -- Detecting C compiler ABI info
[0.310s] -- Detecting C compiler ABI info - done
[0.326s] -- Check for working C compiler: /usr/bin/cc - skipped
[0.326s] -- Detecting C compile features
[0.326s] -- Detecting C compile features - done
[0.327s] -- Detecting CXX compiler ABI info
[0.446s] -- Detecting CXX compiler ABI info - done
[0.457s] -- Check for working CXX compiler: /usr/bin/c++ - skipped
[0.457s] -- Detecting CXX compile features
[0.458s] -- Detecting CXX compile features - done
[0.461s] -- Found ament_cmake: 1.3.13 (/opt/ros/humble/share/ament_cmake/cmake)
[0.666s] -- Found Python3: /usr/bin/python3 (found version "3.10.12") found components: Interpreter 
[0.813s] -- Found rclcpp: 16.0.18 (/opt/ros/humble/share/rclcpp/cmake)
[0.870s] -- Found rosidl_generator_c: 3.1.8 (/opt/ros/humble/share/rosidl_generator_c/cmake)
[0.877s] -- Found rosidl_adapter: 3.1.8 (/opt/ros/humble/share/rosidl_adapter/cmake)
[0.889s] -- Found rosidl_generator_cpp: 3.1.8 (/opt/ros/humble/share/rosidl_generator_cpp/cmake)
[0.910s] -- Using all available rosidl_typesupport_c: rosidl_typesupport_fastrtps_c;rosidl_typesupport_introspection_c
[0.934s] -- Using all available rosidl_typesupport_cpp: rosidl_typesupport_fastrtps_cpp;rosidl_typesupport_introspection_cpp
[0.987s] -- Found rmw_implementation_cmake: 6.1.2 (/opt/ros/humble/share/rmw_implementation_cmake/cmake)
[0.992s] -- Found rmw_fastrtps_cpp: 6.2.10 (/opt/ros/humble/share/rmw_fastrtps_cpp/cmake)
[1.139s] -- Found OpenSSL: /usr/lib/x86_64-linux-gnu/libcrypto.so (found version "3.0.2")  
[1.184s] -- Found FastRTPS: /opt/ros/humble/include  
[1.254s] -- Using RMW implementation 'rmw_fastrtps_cpp' as default
[1.287s] -- Looking for pthread.h
[1.514s] -- Looking for pthread.h - found
[1.515s] -- Performing Test CMAKE_HAVE_LIBC_PTHREAD
[1.783s] -- Performing Test CMAKE_HAVE_LIBC_PTHREAD - Success
[1.786s] -- Found Threads: TRUE  
[2.018s] -- Found moveit_ros_planning_interface: 2.5.9 (/opt/ros/humble/share/moveit_ros_planning_interface/cmake)
[2.098s] -- Found Boost: /usr/lib/x86_64-linux-gnu/cmake/Boost-1.74.0/BoostConfig.cmake (found version "1.74.0") found components: date_time filesystem program_options system thread 
[2.923s] -- Found Boost: /usr/lib/x86_64-linux-gnu/cmake/Boost-1.74.0/BoostConfig.cmake (found version "1.74.0") found components: chrono date_time filesystem iostreams program_options regex serialization system thread 
[3.110s] -- Found parameter_traits: 0.7.1 (/opt/ros/humble/share/parameter_traits/cmake)
[3.165s] -- Found rclcpp_lifecycle: 16.0.18 (/opt/ros/humble/share/rclcpp_lifecycle/cmake)
[3.280s] -- Found Boost: /usr/lib/x86_64-linux-gnu/cmake/Boost-1.74.0/BoostConfig.cmake (found version "1.74.0") found components: filesystem 
[3.559s] -- library: /usr/lib/x86_64-linux-gnu/libcurl.so
[3.706s] -- Found Eigen3: TRUE (found version "3.4.0") 
[3.706s] -- Ensuring Eigen3 include directory is part of orocos-kdl CMake target
[4.083s] -- Found Boost: /usr/lib/x86_64-linux-gnu/cmake/Boost-1.74.0/BoostConfig.cmake (found version "1.74.0") found components: system filesystem date_time program_options thread chrono 
[4.142s] -- Found Boost: /usr/lib/x86_64-linux-gnu/cmake/Boost-1.74.0/BoostConfig.cmake (found version "1.74.0") found components: thread system filesystem regex date_time program_options 
[4.187s] -- Found Boost: /usr/lib/x86_64-linux-gnu/cmake/Boost-1.74.0/BoostConfig.cmake (found version "1.74.0") found components: system filesystem date_time program_options thread 
[4.428s] -- Configuring done
[4.550s] -- Generating done
[4.575s] -- Build files have been written to: /home/ros/colcon_ws/src/build/open_manipulator_x_playground
[4.604s] Invoked command in '/home/ros/colcon_ws/src/build/open_manipulator_x_playground' returned '0': CMAKE_PREFIX_PATH=/opt/ros/humble /usr/bin/cmake /home/ros/colcon_ws/src/open_manipulator/open_manipulator_x_playground -DCMAKE_INSTALL_PREFIX=/home/ros/colcon_ws/src/install/open_manipulator_x_playground
[4.609s] Invoking command in '/home/ros/colcon_ws/src/build/open_manipulator_x_playground': CMAKE_PREFIX_PATH=/opt/ros/humble /usr/bin/cmake --build /home/ros/colcon_ws/src/build/open_manipulator_x_playground -- -j8 -l8
[4.766s] [ 25%] [32mBuilding CXX object CMakeFiles/main.dir/src/main.cpp.o[0m
[4.783s] [ 50%] [32mBuilding CXX object CMakeFiles/hello_moveit.dir/src/hello_moveit.cpp.o[0m
[26.031s] [ 75%] [32m[1mLinking CXX executable hello_moveit[0m
[27.419s] [ 75%] Built target hello_moveit
[32.972s] [100%] [32m[1mLinking CXX executable main[0m
[34.003s] [100%] Built target main
[34.023s] Invoked command in '/home/ros/colcon_ws/src/build/open_manipulator_x_playground' returned '0': CMAKE_PREFIX_PATH=/opt/ros/humble /usr/bin/cmake --build /home/ros/colcon_ws/src/build/open_manipulator_x_playground -- -j8 -l8
[34.024s] Invoking command in '/home/ros/colcon_ws/src/build/open_manipulator_x_playground': CMAKE_PREFIX_PATH=/opt/ros/humble /usr/bin/cmake --install /home/ros/colcon_ws/src/build/open_manipulator_x_playground
[34.037s] -- Install configuration: ""
[34.039s] -- Installing: /home/ros/colcon_ws/src/install/open_manipulator_x_playground/lib/open_manipulator_x_playground/hello_moveit
[34.040s] -- Set runtime path of "/home/ros/colcon_ws/src/install/open_manipulator_x_playground/lib/open_manipulator_x_playground/hello_moveit" to ""
[34.041s] -- Installing: /home/ros/colcon_ws/src/install/open_manipulator_x_playground/lib/open_manipulator_x_playground/main
[34.042s] -- Set runtime path of "/home/ros/colcon_ws/src/install/open_manipulator_x_playground/lib/open_manipulator_x_playground/main" to ""
[34.044s] -- Installing: /home/ros/colcon_ws/src/install/open_manipulator_x_playground/share/ament_index/resource_index/package_run_dependencies/open_manipulator_x_playground
[34.047s] -- Installing: /home/ros/colcon_ws/src/install/open_manipulator_x_playground/share/ament_index/resource_index/parent_prefix_path/open_manipulator_x_playground
[34.049s] -- Installing: /home/ros/colcon_ws/src/install/open_manipulator_x_playground/share/open_manipulator_x_playground/environment/ament_prefix_path.sh
[34.050s] -- Installing: /home/ros/colcon_ws/src/install/open_manipulator_x_playground/share/open_manipulator_x_playground/environment/ament_prefix_path.dsv
[34.050s] -- Installing: /home/ros/colcon_ws/src/install/open_manipulator_x_playground/share/open_manipulator_x_playground/environment/path.sh
[34.051s] -- Installing: /home/ros/colcon_ws/src/install/open_manipulator_x_playground/share/open_manipulator_x_playground/environment/path.dsv
[34.051s] -- Installing: /home/ros/colcon_ws/src/install/open_manipulator_x_playground/share/open_manipulator_x_playground/local_setup.bash
[34.054s] -- Installing: /home/ros/colcon_ws/src/install/open_manipulator_x_playground/share/open_manipulator_x_playground/local_setup.sh
[34.057s] -- Installing: /home/ros/colcon_ws/src/install/open_manipulator_x_playground/share/open_manipulator_x_playground/local_setup.zsh
[34.059s] -- Installing: /home/ros/colcon_ws/src/install/open_manipulator_x_playground/share/open_manipulator_x_playground/local_setup.dsv
[34.059s] -- Installing: /home/ros/colcon_ws/src/install/open_manipulator_x_playground/share/open_manipulator_x_playground/package.dsv
[34.061s] -- Installing: /home/ros/colcon_ws/src/install/open_manipulator_x_playground/share/ament_index/resource_index/packages/open_manipulator_x_playground
[34.061s] -- Installing: /home/ros/colcon_ws/src/install/open_manipulator_x_playground/share/open_manipulator_x_playground/cmake/open_manipulator_x_playgroundConfig.cmake
[34.062s] -- Installing: /home/ros/colcon_ws/src/install/open_manipulator_x_playground/share/open_manipulator_x_playground/cmake/open_manipulator_x_playgroundConfig-version.cmake
[34.063s] -- Installing: /home/ros/colcon_ws/src/install/open_manipulator_x_playground/share/open_manipulator_x_playground/package.xml
[34.069s] Invoked command in '/home/ros/colcon_ws/src/build/open_manipulator_x_playground' returned '0': CMAKE_PREFIX_PATH=/opt/ros/humble /usr/bin/cmake --install /home/ros/colcon_ws/src/build/open_manipulator_x_playground
