[0.025s] Invoking command in '/home/ros/colcon_ws/src/build/open_manipulator_x_gui': CMAKE_PREFIX_PATH=/opt/ros/humble /usr/bin/cmake /home/ros/colcon_ws/src/open_manipulator/open_manipulator_x_gui -DCMAKE_INSTALL_PREFIX=/home/ros/colcon_ws/src/install/open_manipulator_x_gui
[0.089s] -- The C compiler identification is GNU 11.4.0
[0.200s] -- The CXX compiler identification is GNU 11.4.0
[0.211s] -- Detecting C compiler ABI info
[0.305s] -- Detecting C compiler ABI info - done
[0.323s] -- Check for working C compiler: /usr/bin/cc - skipped
[0.323s] -- Detecting C compile features
[0.323s] -- Detecting C compile features - done
[0.330s] -- Detecting CXX compiler ABI info
[0.443s] -- Detecting CXX compiler ABI info - done
[0.455s] -- Check for working CXX compiler: /usr/bin/c++ - skipped
[0.455s] -- Detecting CXX compile features
[0.456s] -- Detecting CXX compile features - done
[0.460s] -- Found ament_cmake: 1.3.13 (/opt/ros/humble/share/ament_cmake/cmake)
[0.708s] -- Found Python3: /usr/bin/python3 (found version "3.10.12") found components: Interpreter 
[0.853s] -- Found geometry_msgs: 4.9.1 (/opt/ros/humble/share/geometry_msgs/cmake)
[0.914s] -- Found rosidl_generator_c: 3.1.8 (/opt/ros/humble/share/rosidl_generator_c/cmake)
[0.923s] -- Found rosidl_adapter: 3.1.8 (/opt/ros/humble/share/rosidl_adapter/cmake)
[0.939s] -- Found rosidl_generator_cpp: 3.1.8 (/opt/ros/humble/share/rosidl_generator_cpp/cmake)
[0.960s] -- Using all available rosidl_typesupport_c: rosidl_typesupport_fastrtps_c;rosidl_typesupport_introspection_c
[0.988s] -- Using all available rosidl_typesupport_cpp: rosidl_typesupport_fastrtps_cpp;rosidl_typesupport_introspection_cpp
[1.061s] -- Found rclcpp: 16.0.18 (/opt/ros/humble/share/rclcpp/cmake)
[1.140s] -- Found rmw_implementation_cmake: 6.1.2 (/opt/ros/humble/share/rmw_implementation_cmake/cmake)
[1.146s] -- Found rmw_fastrtps_cpp: 6.2.10 (/opt/ros/humble/share/rmw_fastrtps_cpp/cmake)
[1.358s] -- Found OpenSSL: /usr/lib/x86_64-linux-gnu/libcrypto.so (found version "3.0.2")  
[1.459s] -- Found FastRTPS: /opt/ros/humble/include  
[1.662s] -- Using RMW implementation 'rmw_fastrtps_cpp' as default
[1.748s] -- Looking for pthread.h
[1.987s] -- Looking for pthread.h - found
[1.987s] -- Performing Test CMAKE_HAVE_LIBC_PTHREAD
[2.251s] -- Performing Test CMAKE_HAVE_LIBC_PTHREAD - Success
[2.256s] -- Found Threads: TRUE  
[2.359s] -- Found sensor_msgs: 4.9.1 (/opt/ros/humble/share/sensor_msgs/cmake)
[2.399s] -- Found moveit_msgs: 2.2.1 (/opt/ros/humble/share/moveit_msgs/cmake)
[2.868s] -- Found moveit_ros_planning: 2.5.9 (/opt/ros/humble/share/moveit_ros_planning/cmake)
[3.010s] -- Found Boost: /usr/lib/x86_64-linux-gnu/cmake/Boost-1.74.0/BoostConfig.cmake (found version "1.74.0") found components: system filesystem date_time program_options thread chrono 
[3.460s] -- Found Boost: /usr/lib/x86_64-linux-gnu/cmake/Boost-1.74.0/BoostConfig.cmake (found version "1.74.0") found components: chrono date_time filesystem iostreams program_options regex serialization system thread 
[3.532s] -- Found parameter_traits: 0.7.1 (/opt/ros/humble/share/parameter_traits/cmake)
[3.567s] -- Found rclcpp_lifecycle: 16.0.18 (/opt/ros/humble/share/rclcpp_lifecycle/cmake)
[3.620s] -- Found Boost: /usr/lib/x86_64-linux-gnu/cmake/Boost-1.74.0/BoostConfig.cmake (found version "1.74.0") found components: filesystem 
[3.879s] -- library: /usr/lib/x86_64-linux-gnu/libcurl.so
[3.976s] -- Found Eigen3: TRUE (found version "3.4.0") 
[3.978s] -- Ensuring Eigen3 include directory is part of orocos-kdl CMake target
[4.097s] -- Found moveit_ros_planning_interface: 2.5.9 (/opt/ros/humble/share/moveit_ros_planning_interface/cmake)
[4.107s] -- Found Boost: /usr/lib/x86_64-linux-gnu/cmake/Boost-1.74.0/BoostConfig.cmake (found version "1.74.0") found components: date_time filesystem program_options system thread 
[4.144s] -- Found Boost: /usr/lib/x86_64-linux-gnu/cmake/Boost-1.74.0/BoostConfig.cmake (found version "1.74.0") found components: thread system filesystem regex date_time program_options 
[4.226s] -- Found Boost: /usr/lib/x86_64-linux-gnu/cmake/Boost-1.74.0/BoostConfig.cmake (found version "1.74.0") found components: system filesystem date_time program_options thread 
[4.493s] -- Configuring done
[4.671s] -- Generating done
[4.690s] -- Build files have been written to: /home/ros/colcon_ws/src/build/open_manipulator_x_gui
[4.725s] Invoked command in '/home/ros/colcon_ws/src/build/open_manipulator_x_gui' returned '0': CMAKE_PREFIX_PATH=/opt/ros/humble /usr/bin/cmake /home/ros/colcon_ws/src/open_manipulator/open_manipulator_x_gui -DCMAKE_INSTALL_PREFIX=/home/ros/colcon_ws/src/install/open_manipulator_x_gui
[4.725s] Invoking command in '/home/ros/colcon_ws/src/build/open_manipulator_x_gui': CMAKE_PREFIX_PATH=/opt/ros/humble /usr/bin/cmake --build /home/ros/colcon_ws/src/build/open_manipulator_x_gui -- -j8 -l8
[4.866s] [  7%] [34m[1mGenerating ui_main_window.h[0m
[4.915s] [ 15%] [34m[1mGenerating gui_headers/ui_main_window.h[0m
[4.967s] [ 15%] Built target copy_ui_header
[5.029s] [ 23%] [34m[1mAutomatic MOC and UIC for target open_manipulator_x_gui_node[0m
[5.132s] [ 23%] Built target open_manipulator_x_gui_node_autogen
[5.169s] [ 30%] [34m[1mGenerating include/open_manipulator_x_gui/moc_main_window.cpp[0m
[5.170s] [ 38%] [34m[1mGenerating include/open_manipulator_x_gui/moc_qnode.cpp[0m
[5.248s] [ 46%] [32mBuilding CXX object CMakeFiles/open_manipulator_x_gui_node.dir/src/main_window.cpp.o[0m
[5.251s] [ 53%] [32mBuilding CXX object CMakeFiles/open_manipulator_x_gui_node.dir/open_manipulator_x_gui_node_autogen/mocs_compilation.cpp.o[0m
[5.257s] [ 61%] [32mBuilding CXX object CMakeFiles/open_manipulator_x_gui_node.dir/include/open_manipulator_x_gui/moc_qnode.cpp.o[0m
[5.267s] [ 69%] [32mBuilding CXX object CMakeFiles/open_manipulator_x_gui_node.dir/src/qnode.cpp.o[0m
[5.267s] [ 76%] [32mBuilding CXX object CMakeFiles/open_manipulator_x_gui_node.dir/src/main.cpp.o[0m
[5.282s] [ 84%] [32mBuilding CXX object CMakeFiles/open_manipulator_x_gui_node.dir/include/open_manipulator_x_gui/moc_main_window.cpp.o[0m
[37.350s] [ 92%] [32m[1mLinking CXX executable open_manipulator_x_gui_node[0m
[39.227s] [100%] Built target open_manipulator_x_gui_node
[39.237s] Invoked command in '/home/ros/colcon_ws/src/build/open_manipulator_x_gui' returned '0': CMAKE_PREFIX_PATH=/opt/ros/humble /usr/bin/cmake --build /home/ros/colcon_ws/src/build/open_manipulator_x_gui -- -j8 -l8
[39.238s] Invoking command in '/home/ros/colcon_ws/src/build/open_manipulator_x_gui': CMAKE_PREFIX_PATH=/opt/ros/humble /usr/bin/cmake --install /home/ros/colcon_ws/src/build/open_manipulator_x_gui
[39.245s] -- Install configuration: ""
[39.245s] -- Installing: /home/ros/colcon_ws/src/install/open_manipulator_x_gui/lib/open_manipulator_x_gui/open_manipulator_x_gui_node
[39.247s] -- Set runtime path of "/home/ros/colcon_ws/src/install/open_manipulator_x_gui/lib/open_manipulator_x_gui/open_manipulator_x_gui_node" to ""
[39.247s] -- Installing: /home/ros/colcon_ws/src/install/open_manipulator_x_gui/include
[39.247s] -- Installing: /home/ros/colcon_ws/src/install/open_manipulator_x_gui/include/open_manipulator_x_gui
[39.247s] -- Installing: /home/ros/colcon_ws/src/install/open_manipulator_x_gui/include/open_manipulator_x_gui/qnode.hpp
[39.247s] -- Installing: /home/ros/colcon_ws/src/install/open_manipulator_x_gui/include/open_manipulator_x_gui/main_window.hpp
[39.248s] -- Installing: /home/ros/colcon_ws/src/install/open_manipulator_x_gui/share/open_manipulator_x_gui/launch
[39.248s] -- Installing: /home/ros/colcon_ws/src/install/open_manipulator_x_gui/share/open_manipulator_x_gui/launch/open_manipulator_x_gui.launch.py
[39.248s] -- Installing: /home/ros/colcon_ws/src/install/open_manipulator_x_gui/share/open_manipulator_x_gui/ui
[39.249s] -- Installing: /home/ros/colcon_ws/src/install/open_manipulator_x_gui/share/open_manipulator_x_gui/ui/main_window.ui
[39.249s] -- Installing: /home/ros/colcon_ws/src/install/open_manipulator_x_gui/share/open_manipulator_x_gui/config
[39.249s] -- Installing: /home/ros/colcon_ws/src/install/open_manipulator_x_gui/share/open_manipulator_x_gui/config/robot_joint_log.csv
[39.249s] -- Installing: /home/ros/colcon_ws/src/install/open_manipulator_x_gui/share/open_manipulator_x_gui/environment/library_path.sh
[39.249s] -- Installing: /home/ros/colcon_ws/src/install/open_manipulator_x_gui/share/open_manipulator_x_gui/environment/library_path.dsv
[39.250s] -- Installing: /home/ros/colcon_ws/src/install/open_manipulator_x_gui/share/ament_index/resource_index/package_run_dependencies/open_manipulator_x_gui
[39.250s] -- Installing: /home/ros/colcon_ws/src/install/open_manipulator_x_gui/share/ament_index/resource_index/parent_prefix_path/open_manipulator_x_gui
[39.250s] -- Installing: /home/ros/colcon_ws/src/install/open_manipulator_x_gui/share/open_manipulator_x_gui/environment/ament_prefix_path.sh
[39.250s] -- Installing: /home/ros/colcon_ws/src/install/open_manipulator_x_gui/share/open_manipulator_x_gui/environment/ament_prefix_path.dsv
[39.250s] -- Installing: /home/ros/colcon_ws/src/install/open_manipulator_x_gui/share/open_manipulator_x_gui/environment/path.sh
[39.250s] -- Installing: /home/ros/colcon_ws/src/install/open_manipulator_x_gui/share/open_manipulator_x_gui/environment/path.dsv
[39.250s] -- Installing: /home/ros/colcon_ws/src/install/open_manipulator_x_gui/share/open_manipulator_x_gui/local_setup.bash
[39.251s] -- Installing: /home/ros/colcon_ws/src/install/open_manipulator_x_gui/share/open_manipulator_x_gui/local_setup.sh
[39.251s] -- Installing: /home/ros/colcon_ws/src/install/open_manipulator_x_gui/share/open_manipulator_x_gui/local_setup.zsh
[39.251s] -- Installing: /home/ros/colcon_ws/src/install/open_manipulator_x_gui/share/open_manipulator_x_gui/local_setup.dsv
[39.251s] -- Installing: /home/ros/colcon_ws/src/install/open_manipulator_x_gui/share/open_manipulator_x_gui/package.dsv
[39.251s] -- Installing: /home/ros/colcon_ws/src/install/open_manipulator_x_gui/share/ament_index/resource_index/packages/open_manipulator_x_gui
[39.251s] -- Installing: /home/ros/colcon_ws/src/install/open_manipulator_x_gui/share/open_manipulator_x_gui/cmake/ament_cmake_export_include_directories-extras.cmake
[39.251s] -- Installing: /home/ros/colcon_ws/src/install/open_manipulator_x_gui/share/open_manipulator_x_gui/cmake/ament_cmake_export_libraries-extras.cmake
[39.252s] -- Installing: /home/ros/colcon_ws/src/install/open_manipulator_x_gui/share/open_manipulator_x_gui/cmake/open_manipulator_x_guiConfig.cmake
[39.252s] -- Installing: /home/ros/colcon_ws/src/install/open_manipulator_x_gui/share/open_manipulator_x_gui/cmake/open_manipulator_x_guiConfig-version.cmake
[39.252s] -- Installing: /home/ros/colcon_ws/src/install/open_manipulator_x_gui/share/open_manipulator_x_gui/package.xml
[39.254s] Invoked command in '/home/ros/colcon_ws/src/build/open_manipulator_x_gui' returned '0': CMAKE_PREFIX_PATH=/opt/ros/humble /usr/bin/cmake --install /home/ros/colcon_ws/src/build/open_manipulator_x_gui
