[0.026s] Invoking command in '/home/ros/colcon_ws/src/build/open_manipulator_x_description': CMAKE_PREFIX_PATH=/opt/ros/humble /usr/bin/cmake /home/ros/colcon_ws/src/open_manipulator/open_manipulator_x_description -DCMAKE_INSTALL_PREFIX=/home/ros/colcon_ws/src/install/open_manipulator_x_description
[0.117s] -- The C compiler identification is GNU 11.4.0
[0.215s] -- The CXX compiler identification is GNU 11.4.0
[0.226s] -- Detecting C compiler ABI info
[0.327s] -- Detecting C compiler ABI info - done
[0.340s] -- Check for working C compiler: /usr/bin/cc - skipped
[0.340s] -- Detecting C compile features
[0.342s] -- Detecting C compile features - done
[0.346s] -- Detecting CXX compiler ABI info
[0.459s] -- Detecting CXX compiler ABI info - done
[0.470s] -- Check for working CXX compiler: /usr/bin/c++ - skipped
[0.470s] -- Detecting CXX compile features
[0.471s] -- Detecting CXX compile features - done
[0.476s] -- Found ament_cmake: 1.3.13 (/opt/ros/humble/share/ament_cmake/cmake)
[0.702s] -- Found Python3: /usr/bin/python3 (found version "3.10.12") found components: Interpreter 
[0.922s] -- Configuring done
[0.926s] -- Generating done
[0.929s] -- Build files have been written to: /home/ros/colcon_ws/src/build/open_manipulator_x_description
[0.937s] Invoked command in '/home/ros/colcon_ws/src/build/open_manipulator_x_description' returned '0': CMAKE_PREFIX_PATH=/opt/ros/humble /usr/bin/cmake /home/ros/colcon_ws/src/open_manipulator/open_manipulator_x_description -DCMAKE_INSTALL_PREFIX=/home/ros/colcon_ws/src/install/open_manipulator_x_description
[0.938s] Invoking command in '/home/ros/colcon_ws/src/build/open_manipulator_x_description': CMAKE_PREFIX_PATH=/opt/ros/humble /usr/bin/cmake --build /home/ros/colcon_ws/src/build/open_manipulator_x_description -- -j8 -l8
[0.987s] Invoked command in '/home/ros/colcon_ws/src/build/open_manipulator_x_description' returned '0': CMAKE_PREFIX_PATH=/opt/ros/humble /usr/bin/cmake --build /home/ros/colcon_ws/src/build/open_manipulator_x_description -- -j8 -l8
[0.999s] Invoking command in '/home/ros/colcon_ws/src/build/open_manipulator_x_description': CMAKE_PREFIX_PATH=/opt/ros/humble /usr/bin/cmake --install /home/ros/colcon_ws/src/build/open_manipulator_x_description
[1.009s] -- Install configuration: ""
[1.009s] -- Installing: /home/ros/colcon_ws/src/install/open_manipulator_x_description/share/open_manipulator_x_description/launch
[1.011s] -- Installing: /home/ros/colcon_ws/src/install/open_manipulator_x_description/share/open_manipulator_x_description/launch/model.launch.py
[1.011s] -- Installing: /home/ros/colcon_ws/src/install/open_manipulator_x_description/share/open_manipulator_x_description/meshes
[1.011s] -- Installing: /home/ros/colcon_ws/src/install/open_manipulator_x_description/share/open_manipulator_x_description/meshes/link4.stl
[1.011s] -- Installing: /home/ros/colcon_ws/src/install/open_manipulator_x_description/share/open_manipulator_x_description/meshes/gripper_right_palm.stl
[1.011s] -- Installing: /home/ros/colcon_ws/src/install/open_manipulator_x_description/share/open_manipulator_x_description/meshes/link2.stl
[1.012s] -- Installing: /home/ros/colcon_ws/src/install/open_manipulator_x_description/share/open_manipulator_x_description/meshes/link1.stl
[1.012s] -- Installing: /home/ros/colcon_ws/src/install/open_manipulator_x_description/share/open_manipulator_x_description/meshes/gripper_left_palm.stl
[1.013s] -- Installing: /home/ros/colcon_ws/src/install/open_manipulator_x_description/share/open_manipulator_x_description/meshes/link5.stl
[1.013s] -- Installing: /home/ros/colcon_ws/src/install/open_manipulator_x_description/share/open_manipulator_x_description/meshes/link3.stl
[1.014s] -- Installing: /home/ros/colcon_ws/src/install/open_manipulator_x_description/share/open_manipulator_x_description/meshes/Plate.stl
[1.015s] -- Installing: /home/ros/colcon_ws/src/install/open_manipulator_x_description/share/open_manipulator_x_description/rviz
[1.015s] -- Installing: /home/ros/colcon_ws/src/install/open_manipulator_x_description/share/open_manipulator_x_description/rviz/open_manipulator_x.rviz
[1.015s] -- Installing: /home/ros/colcon_ws/src/install/open_manipulator_x_description/share/open_manipulator_x_description/urdf
[1.015s] -- Installing: /home/ros/colcon_ws/src/install/open_manipulator_x_description/share/open_manipulator_x_description/urdf/materials.xacro
[1.015s] -- Installing: /home/ros/colcon_ws/src/install/open_manipulator_x_description/share/open_manipulator_x_description/urdf/open_manipulator_x_robot.urdf.xacro
[1.015s] -- Installing: /home/ros/colcon_ws/src/install/open_manipulator_x_description/share/open_manipulator_x_description/urdf/open_manipulator_x.urdf.xacro
[1.016s] -- Installing: /home/ros/colcon_ws/src/install/open_manipulator_x_description/share/open_manipulator_x_description/gazebo
[1.016s] -- Installing: /home/ros/colcon_ws/src/install/open_manipulator_x_description/share/open_manipulator_x_description/gazebo/materials.xacro
[1.016s] -- Installing: /home/ros/colcon_ws/src/install/open_manipulator_x_description/share/open_manipulator_x_description/gazebo/open_manipulator_x.gazebo.xacro
[1.016s] -- Installing: /home/ros/colcon_ws/src/install/open_manipulator_x_description/share/open_manipulator_x_description/ros2_control
[1.016s] -- Installing: /home/ros/colcon_ws/src/install/open_manipulator_x_description/share/open_manipulator_x_description/ros2_control/open_manipulator_x_system.ros2_control.xacro
[1.016s] -- Installing: /home/ros/colcon_ws/src/install/open_manipulator_x_description/share/ament_index/resource_index/package_run_dependencies/open_manipulator_x_description
[1.017s] -- Installing: /home/ros/colcon_ws/src/install/open_manipulator_x_description/share/ament_index/resource_index/parent_prefix_path/open_manipulator_x_description
[1.017s] -- Installing: /home/ros/colcon_ws/src/install/open_manipulator_x_description/share/open_manipulator_x_description/environment/ament_prefix_path.sh
[1.017s] -- Installing: /home/ros/colcon_ws/src/install/open_manipulator_x_description/share/open_manipulator_x_description/environment/ament_prefix_path.dsv
[1.017s] -- Installing: /home/ros/colcon_ws/src/install/open_manipulator_x_description/share/open_manipulator_x_description/environment/path.sh
[1.018s] -- Installing: /home/ros/colcon_ws/src/install/open_manipulator_x_description/share/open_manipulator_x_description/environment/path.dsv
[1.018s] -- Installing: /home/ros/colcon_ws/src/install/open_manipulator_x_description/share/open_manipulator_x_description/local_setup.bash
[1.020s] -- Installing: /home/ros/colcon_ws/src/install/open_manipulator_x_description/share/open_manipulator_x_description/local_setup.sh
[1.020s] -- Installing: /home/ros/colcon_ws/src/install/open_manipulator_x_description/share/open_manipulator_x_description/local_setup.zsh
[1.020s] -- Installing: /home/ros/colcon_ws/src/install/open_manipulator_x_description/share/open_manipulator_x_description/local_setup.dsv
[1.020s] -- Installing: /home/ros/colcon_ws/src/install/open_manipulator_x_description/share/open_manipulator_x_description/package.dsv
[1.021s] -- Installing: /home/ros/colcon_ws/src/install/open_manipulator_x_description/share/ament_index/resource_index/packages/open_manipulator_x_description
[1.021s] -- Installing: /home/ros/colcon_ws/src/install/open_manipulator_x_description/share/open_manipulator_x_description/cmake/open_manipulator_x_descriptionConfig.cmake
[1.021s] -- Installing: /home/ros/colcon_ws/src/install/open_manipulator_x_description/share/open_manipulator_x_description/cmake/open_manipulator_x_descriptionConfig-version.cmake
[1.021s] -- Installing: /home/ros/colcon_ws/src/install/open_manipulator_x_description/share/open_manipulator_x_description/package.xml
[1.021s] Invoked command in '/home/ros/colcon_ws/src/build/open_manipulator_x_description' returned '0': CMAKE_PREFIX_PATH=/opt/ros/humble /usr/bin/cmake --install /home/ros/colcon_ws/src/build/open_manipulator_x_description
