[0.059s] Invoking command in '/home/hoan/colcon_ws/build/dynamixel_hardware_interface': CMAKE_PREFIX_PATH=/home/hoan/colcon_ws/install/dynamixel_sdk:/home/hoan/colcon_ws/install/dynamixel_interfaces:/home/hoan/ros2_ws/install/rosbridge_test_msgs:/home/hoan/ros2_ws/install/rosbridge_msgs:/home/hoan/ros2_ws/install/rosapi_msgs:/home/hoan/ros2_ws/install/astra_camera:/home/hoan/ros2_ws/install/astra_camera_msgs:/home/hoan/colcon_ws/install/open_manipulator:/home/hoan/colcon_ws/install/open_manipulator_x_teleop:/home/hoan/colcon_ws/install/open_manipulator_x_playground:/home/hoan/colcon_ws/install/open_manipulator_x_moveit_config:/home/hoan/colcon_ws/install/open_manipulator_x_gui:/home/hoan/colcon_ws/install/open_manipulator_x_bringup:/home/hoan/colcon_ws/install/open_manipulator_x_description:/home/hoan/colcon_ws/install/dynamixel_sdk_examples:/home/hoan/colcon_ws/install/dynamixel_hardware_interface:/home/hoan/ros2_ws/install/camera_onnx_processor:/home/hoan/colcon_ws/install/dynamixel_sdk_custom_interfaces:/opt/ros/humble LD_LIBRARY_PATH=/home/hoan/colcon_ws/install/dynamixel_sdk/lib:/home/hoan/colcon_ws/install/dynamixel_interfaces/lib:/home/hoan/ros2_ws/install/rosbridge_test_msgs/lib:/home/hoan/ros2_ws/install/rosbridge_msgs/lib:/home/hoan/ros2_ws/install/rosapi_msgs/lib:/home/hoan/ros2_ws/install/astra_camera/lib:/home/hoan/ros2_ws/install/astra_camera_msgs/lib:/home/hoan/colcon_ws/install/open_manipulator_x_gui/lib:/home/hoan/colcon_ws/install/dynamixel_sdk_custom_interfaces/lib:/home/hoan/colcon_ws/install/dynamixel_hardware_interface/lib:/opt/ros/humble/opt/rviz_ogre_vendor/lib:/opt/ros/humble/lib/x86_64-linux-gnu:/opt/ros/humble/lib /usr/bin/cmake /home/hoan/colcon_ws/src/dynamixel_hardware_interface -DCMAKE_INSTALL_PREFIX=/home/hoan/colcon_ws/install/dynamixel_hardware_interface
[0.269s] -- The C compiler identification is GNU 11.4.0
[0.481s] -- The CXX compiler identification is GNU 11.4.0
[0.502s] -- Detecting C compiler ABI info
[0.774s] -- Detecting C compiler ABI info - done
[0.802s] -- Check for working C compiler: /usr/bin/cc - skipped
[0.803s] -- Detecting C compile features
[0.803s] -- Detecting C compile features - done
[0.815s] -- Detecting CXX compiler ABI info
[1.120s] -- Detecting CXX compiler ABI info - done
[1.143s] -- Check for working CXX compiler: /usr/bin/c++ - skipped
[1.144s] -- Detecting CXX compile features
[1.144s] -- Detecting CXX compile features - done
[1.158s] -- Found ament_cmake: 1.3.12 (/opt/ros/humble/share/ament_cmake/cmake)
[1.622s] -- Found Python3: /usr/bin/python3 (found version "3.10.12") found components: Interpreter 
[1.959s] -- Found hardware_interface: 2.53.0 (/opt/ros/humble/share/hardware_interface/cmake)
[2.122s] -- Found rosidl_generator_c: 3.1.7 (/opt/ros/humble/share/rosidl_generator_c/cmake)
[2.138s] -- Found rosidl_adapter: 3.1.7 (/opt/ros/humble/share/rosidl_adapter/cmake)
[2.157s] -- Found rosidl_generator_cpp: 3.1.7 (/opt/ros/humble/share/rosidl_generator_cpp/cmake)
[2.186s] -- Using all available rosidl_typesupport_c: rosidl_typesupport_fastrtps_c;rosidl_typesupport_introspection_c
[2.226s] -- Using all available rosidl_typesupport_cpp: rosidl_typesupport_fastrtps_cpp;rosidl_typesupport_introspection_cpp
[2.953s] -- Found rmw_implementation_cmake: 6.1.2 (/opt/ros/humble/share/rmw_implementation_cmake/cmake)
[2.962s] -- Found rmw_fastrtps_cpp: 6.2.9 (/opt/ros/humble/share/rmw_fastrtps_cpp/cmake)
[3.026s] -- Found TinyXML2 via Config file: TinyXML2_DIR-NOTFOUND
[3.152s] -- Found OpenSSL: /usr/lib/x86_64-linux-gnu/libcrypto.so (found version "3.0.2")  
[3.157s] -- Found TinyXML2 via Config file: TinyXML2_DIR-NOTFOUND
[3.191s] -- Found FastRTPS: /opt/ros/humble/include  
[3.198s] -- Found TinyXML2 via Config file: TinyXML2_DIR-NOTFOUND
[3.216s] -- Found TinyXML2 via Config file: TinyXML2_DIR-NOTFOUND
[3.239s] -- Using RMW implementation 'rmw_fastrtps_cpp' as default
[3.265s] -- Looking for pthread.h
[3.516s] -- Looking for pthread.h - found
[3.517s] -- Performing Test CMAKE_HAVE_LIBC_PTHREAD
[3.786s] -- Performing Test CMAKE_HAVE_LIBC_PTHREAD - Success
[3.789s] -- Found Threads: TRUE  
[3.962s] -- Found realtime_tools: 2.15.0 (/opt/ros/humble/share/realtime_tools/cmake)
[4.025s] -- Found dynamixel_sdk: 4.0.3 (/home/hoan/colcon_ws/install/dynamixel_sdk/share/dynamixel_sdk/cmake)
[4.039s] -- Found std_srvs: 4.9.0 (/opt/ros/humble/share/std_srvs/cmake)
[4.078s] -- Found dynamixel_interfaces: 1.0.1 (/home/hoan/colcon_ws/install/dynamixel_interfaces/share/dynamixel_interfaces/cmake)
[4.117s] -- Found ament_lint_auto: 0.12.14 (/opt/ros/humble/share/ament_lint_auto/cmake)
[4.330s] -- Added test 'copyright' to check source files copyright and LICENSE
[4.347s] -- Added test 'cppcheck' to perform static code analysis on C / C++ code
[4.348s] -- Configured cppcheck include dirs: $<BUILD_INTERFACE:/home/hoan/colcon_ws/src/dynamixel_hardware_interface/include>
[4.348s] -- Configured cppcheck exclude dirs and/or files: 
[4.360s] -- Added test 'cpplint' to check C / C++ code against the Google style
[4.361s] -- Configured cpplint exclude dirs and/or files: 
[4.364s] -- Added test 'flake8' to check Python code syntax and style conventions
[4.371s] -- Added test 'lint_cmake' to check CMake code style
[4.372s] -- Added test 'pep257' to check Python code against some of the docstring style conventions in PEP 257
[4.384s] -- Added test 'uncrustify' to check C / C++ code style
[4.386s] -- Configured uncrustify additional arguments: 
[4.387s] -- Added test 'xmllint' to check XML markup files
[4.398s] -- Configuring done
[4.451s] -- Generating done
[4.470s] -- Build files have been written to: /home/hoan/colcon_ws/build/dynamixel_hardware_interface
[4.495s] Invoked command in '/home/hoan/colcon_ws/build/dynamixel_hardware_interface' returned '0': CMAKE_PREFIX_PATH=/home/hoan/colcon_ws/install/dynamixel_sdk:/home/hoan/colcon_ws/install/dynamixel_interfaces:/home/hoan/ros2_ws/install/rosbridge_test_msgs:/home/hoan/ros2_ws/install/rosbridge_msgs:/home/hoan/ros2_ws/install/rosapi_msgs:/home/hoan/ros2_ws/install/astra_camera:/home/hoan/ros2_ws/install/astra_camera_msgs:/home/hoan/colcon_ws/install/open_manipulator:/home/hoan/colcon_ws/install/open_manipulator_x_teleop:/home/hoan/colcon_ws/install/open_manipulator_x_playground:/home/hoan/colcon_ws/install/open_manipulator_x_moveit_config:/home/hoan/colcon_ws/install/open_manipulator_x_gui:/home/hoan/colcon_ws/install/open_manipulator_x_bringup:/home/hoan/colcon_ws/install/open_manipulator_x_description:/home/hoan/colcon_ws/install/dynamixel_sdk_examples:/home/hoan/colcon_ws/install/dynamixel_hardware_interface:/home/hoan/ros2_ws/install/camera_onnx_processor:/home/hoan/colcon_ws/install/dynamixel_sdk_custom_interfaces:/opt/ros/humble LD_LIBRARY_PATH=/home/hoan/colcon_ws/install/dynamixel_sdk/lib:/home/hoan/colcon_ws/install/dynamixel_interfaces/lib:/home/hoan/ros2_ws/install/rosbridge_test_msgs/lib:/home/hoan/ros2_ws/install/rosbridge_msgs/lib:/home/hoan/ros2_ws/install/rosapi_msgs/lib:/home/hoan/ros2_ws/install/astra_camera/lib:/home/hoan/ros2_ws/install/astra_camera_msgs/lib:/home/hoan/colcon_ws/install/open_manipulator_x_gui/lib:/home/hoan/colcon_ws/install/dynamixel_sdk_custom_interfaces/lib:/home/hoan/colcon_ws/install/dynamixel_hardware_interface/lib:/opt/ros/humble/opt/rviz_ogre_vendor/lib:/opt/ros/humble/lib/x86_64-linux-gnu:/opt/ros/humble/lib /usr/bin/cmake /home/hoan/colcon_ws/src/dynamixel_hardware_interface -DCMAKE_INSTALL_PREFIX=/home/hoan/colcon_ws/install/dynamixel_hardware_interface
[4.501s] Invoking command in '/home/hoan/colcon_ws/build/dynamixel_hardware_interface': CMAKE_PREFIX_PATH=/home/hoan/colcon_ws/install/dynamixel_sdk:/home/hoan/colcon_ws/install/dynamixel_interfaces:/home/hoan/ros2_ws/install/rosbridge_test_msgs:/home/hoan/ros2_ws/install/rosbridge_msgs:/home/hoan/ros2_ws/install/rosapi_msgs:/home/hoan/ros2_ws/install/astra_camera:/home/hoan/ros2_ws/install/astra_camera_msgs:/home/hoan/colcon_ws/install/open_manipulator:/home/hoan/colcon_ws/install/open_manipulator_x_teleop:/home/hoan/colcon_ws/install/open_manipulator_x_playground:/home/hoan/colcon_ws/install/open_manipulator_x_moveit_config:/home/hoan/colcon_ws/install/open_manipulator_x_gui:/home/hoan/colcon_ws/install/open_manipulator_x_bringup:/home/hoan/colcon_ws/install/open_manipulator_x_description:/home/hoan/colcon_ws/install/dynamixel_sdk_examples:/home/hoan/colcon_ws/install/dynamixel_hardware_interface:/home/hoan/ros2_ws/install/camera_onnx_processor:/home/hoan/colcon_ws/install/dynamixel_sdk_custom_interfaces:/opt/ros/humble LD_LIBRARY_PATH=/home/hoan/colcon_ws/install/dynamixel_sdk/lib:/home/hoan/colcon_ws/install/dynamixel_interfaces/lib:/home/hoan/ros2_ws/install/rosbridge_test_msgs/lib:/home/hoan/ros2_ws/install/rosbridge_msgs/lib:/home/hoan/ros2_ws/install/rosapi_msgs/lib:/home/hoan/ros2_ws/install/astra_camera/lib:/home/hoan/ros2_ws/install/astra_camera_msgs/lib:/home/hoan/colcon_ws/install/open_manipulator_x_gui/lib:/home/hoan/colcon_ws/install/dynamixel_sdk_custom_interfaces/lib:/home/hoan/colcon_ws/install/dynamixel_hardware_interface/lib:/opt/ros/humble/opt/rviz_ogre_vendor/lib:/opt/ros/humble/lib/x86_64-linux-gnu:/opt/ros/humble/lib /usr/bin/cmake --build /home/hoan/colcon_ws/build/dynamixel_hardware_interface -- -j8 -l8
[4.613s] [ 75%] [32mBuilding CXX object CMakeFiles/dynamixel_hardware_interface.dir/src/dynamixel/dynamixel.cpp.o[0m
[4.619s] [ 75%] [32mBuilding CXX object CMakeFiles/dynamixel_hardware_interface.dir/src/dynamixel_hardware_interface.cpp.o[0m
[4.620s] [ 75%] [32mBuilding CXX object CMakeFiles/dynamixel_hardware_interface.dir/src/dynamixel/dynamixel_info.cpp.o[0m
[169.241s] [100%] [32m[1mLinking CXX shared library libdynamixel_hardware_interface.so[0m
[169.855s] [100%] Built target dynamixel_hardware_interface
[169.865s] Invoked command in '/home/hoan/colcon_ws/build/dynamixel_hardware_interface' returned '0': CMAKE_PREFIX_PATH=/home/hoan/colcon_ws/install/dynamixel_sdk:/home/hoan/colcon_ws/install/dynamixel_interfaces:/home/hoan/ros2_ws/install/rosbridge_test_msgs:/home/hoan/ros2_ws/install/rosbridge_msgs:/home/hoan/ros2_ws/install/rosapi_msgs:/home/hoan/ros2_ws/install/astra_camera:/home/hoan/ros2_ws/install/astra_camera_msgs:/home/hoan/colcon_ws/install/open_manipulator:/home/hoan/colcon_ws/install/open_manipulator_x_teleop:/home/hoan/colcon_ws/install/open_manipulator_x_playground:/home/hoan/colcon_ws/install/open_manipulator_x_moveit_config:/home/hoan/colcon_ws/install/open_manipulator_x_gui:/home/hoan/colcon_ws/install/open_manipulator_x_bringup:/home/hoan/colcon_ws/install/open_manipulator_x_description:/home/hoan/colcon_ws/install/dynamixel_sdk_examples:/home/hoan/colcon_ws/install/dynamixel_hardware_interface:/home/hoan/ros2_ws/install/camera_onnx_processor:/home/hoan/colcon_ws/install/dynamixel_sdk_custom_interfaces:/opt/ros/humble LD_LIBRARY_PATH=/home/hoan/colcon_ws/install/dynamixel_sdk/lib:/home/hoan/colcon_ws/install/dynamixel_interfaces/lib:/home/hoan/ros2_ws/install/rosbridge_test_msgs/lib:/home/hoan/ros2_ws/install/rosbridge_msgs/lib:/home/hoan/ros2_ws/install/rosapi_msgs/lib:/home/hoan/ros2_ws/install/astra_camera/lib:/home/hoan/ros2_ws/install/astra_camera_msgs/lib:/home/hoan/colcon_ws/install/open_manipulator_x_gui/lib:/home/hoan/colcon_ws/install/dynamixel_sdk_custom_interfaces/lib:/home/hoan/colcon_ws/install/dynamixel_hardware_interface/lib:/opt/ros/humble/opt/rviz_ogre_vendor/lib:/opt/ros/humble/lib/x86_64-linux-gnu:/opt/ros/humble/lib /usr/bin/cmake --build /home/hoan/colcon_ws/build/dynamixel_hardware_interface -- -j8 -l8
[169.867s] Invoking command in '/home/hoan/colcon_ws/build/dynamixel_hardware_interface': CMAKE_PREFIX_PATH=/home/hoan/colcon_ws/install/dynamixel_sdk:/home/hoan/colcon_ws/install/dynamixel_interfaces:/home/hoan/ros2_ws/install/rosbridge_test_msgs:/home/hoan/ros2_ws/install/rosbridge_msgs:/home/hoan/ros2_ws/install/rosapi_msgs:/home/hoan/ros2_ws/install/astra_camera:/home/hoan/ros2_ws/install/astra_camera_msgs:/home/hoan/colcon_ws/install/open_manipulator:/home/hoan/colcon_ws/install/open_manipulator_x_teleop:/home/hoan/colcon_ws/install/open_manipulator_x_playground:/home/hoan/colcon_ws/install/open_manipulator_x_moveit_config:/home/hoan/colcon_ws/install/open_manipulator_x_gui:/home/hoan/colcon_ws/install/open_manipulator_x_bringup:/home/hoan/colcon_ws/install/open_manipulator_x_description:/home/hoan/colcon_ws/install/dynamixel_sdk_examples:/home/hoan/colcon_ws/install/dynamixel_hardware_interface:/home/hoan/ros2_ws/install/camera_onnx_processor:/home/hoan/colcon_ws/install/dynamixel_sdk_custom_interfaces:/opt/ros/humble LD_LIBRARY_PATH=/home/hoan/colcon_ws/install/dynamixel_sdk/lib:/home/hoan/colcon_ws/install/dynamixel_interfaces/lib:/home/hoan/ros2_ws/install/rosbridge_test_msgs/lib:/home/hoan/ros2_ws/install/rosbridge_msgs/lib:/home/hoan/ros2_ws/install/rosapi_msgs/lib:/home/hoan/ros2_ws/install/astra_camera/lib:/home/hoan/ros2_ws/install/astra_camera_msgs/lib:/home/hoan/colcon_ws/install/open_manipulator_x_gui/lib:/home/hoan/colcon_ws/install/dynamixel_sdk_custom_interfaces/lib:/home/hoan/colcon_ws/install/dynamixel_hardware_interface/lib:/opt/ros/humble/opt/rviz_ogre_vendor/lib:/opt/ros/humble/lib/x86_64-linux-gnu:/opt/ros/humble/lib /usr/bin/cmake --install /home/hoan/colcon_ws/build/dynamixel_hardware_interface
[169.874s] -- Install configuration: ""
[169.875s] -- Installing: /home/hoan/colcon_ws/install/dynamixel_hardware_interface/share/dynamixel_hardware_interface/dynamixel_hardware_interface_plugin.xml
[169.875s] -- Installing: /home/hoan/colcon_ws/install/dynamixel_hardware_interface/lib/libdynamixel_hardware_interface.so
[169.881s] -- Set runtime path of "/home/hoan/colcon_ws/install/dynamixel_hardware_interface/lib/libdynamixel_hardware_interface.so" to ""
[169.881s] -- Installing: /home/hoan/colcon_ws/install/dynamixel_hardware_interface/include
[169.881s] -- Installing: /home/hoan/colcon_ws/install/dynamixel_hardware_interface/include/dynamixel_hardware_interface
[169.881s] -- Installing: /home/hoan/colcon_ws/install/dynamixel_hardware_interface/include/dynamixel_hardware_interface/dynamixel_hardware_interface.hpp
[169.881s] -- Installing: /home/hoan/colcon_ws/install/dynamixel_hardware_interface/include/dynamixel_hardware_interface/dynamixel
[169.881s] -- Installing: /home/hoan/colcon_ws/install/dynamixel_hardware_interface/include/dynamixel_hardware_interface/dynamixel/dynamixel_info.hpp
[169.881s] -- Installing: /home/hoan/colcon_ws/install/dynamixel_hardware_interface/include/dynamixel_hardware_interface/dynamixel/dynamixel.hpp
[169.882s] -- Installing: /home/hoan/colcon_ws/install/dynamixel_hardware_interface/include/dynamixel_hardware_interface/visibility_control.h
[169.882s] -- Installing: /home/hoan/colcon_ws/install/dynamixel_hardware_interface/lib/dynamixel_hardware_interface/create_udev_rules
[169.882s] -- Installing: /home/hoan/colcon_ws/install/dynamixel_hardware_interface/share/dynamixel_hardware_interface//scripts
[169.882s] -- Installing: /home/hoan/colcon_ws/install/dynamixel_hardware_interface/share/dynamixel_hardware_interface//scripts/cluster_model_files.py
[169.883s] -- Installing: /home/hoan/colcon_ws/install/dynamixel_hardware_interface/share/dynamixel_hardware_interface//scripts/check_model_file_formatting.py
[169.883s] -- Installing: /home/hoan/colcon_ws/install/dynamixel_hardware_interface/share/dynamixel_hardware_interface//scripts/99-manipulator-cdc.rules
[169.883s] -- Installing: /home/hoan/colcon_ws/install/dynamixel_hardware_interface/share/dynamixel_hardware_interface//scripts/create_udev_rules
[169.883s] -- Installing: /home/hoan/colcon_ws/install/dynamixel_hardware_interface/share/dynamixel_hardware_interface//scripts/hx_synctable_model_generator.py
[169.883s] -- Installing: /home/hoan/colcon_ws/install/dynamixel_hardware_interface/share/dynamixel_hardware_interface//scripts/xml_to_model_parser.py
[169.884s] -- Installing: /home/hoan/colcon_ws/install/dynamixel_hardware_interface/share/dynamixel_hardware_interface/param
[169.884s] -- Installing: /home/hoan/colcon_ws/install/dynamixel_hardware_interface/share/dynamixel_hardware_interface/param/dxl_model
[169.884s] -- Installing: /home/hoan/colcon_ws/install/dynamixel_hardware_interface/share/dynamixel_hardware_interface/param/dxl_model/hx5_d20_r_synctable_2_device_5.model
[169.884s] -- Installing: /home/hoan/colcon_ws/install/dynamixel_hardware_interface/share/dynamixel_hardware_interface/param/dxl_model/mx_28.model
[169.884s] -- Installing: /home/hoan/colcon_ws/install/dynamixel_hardware_interface/share/dynamixel_hardware_interface/param/dxl_model/xl330_m288.model
[169.885s] -- Installing: /home/hoan/colcon_ws/install/dynamixel_hardware_interface/share/dynamixel_hardware_interface/param/dxl_model/xl330_m077.model
[169.885s] -- Installing: /home/hoan/colcon_ws/install/dynamixel_hardware_interface/share/dynamixel_hardware_interface/param/dxl_model/2xl430_w250.model
[169.885s] -- Installing: /home/hoan/colcon_ws/install/dynamixel_hardware_interface/share/dynamixel_hardware_interface/param/dxl_model/ym070_210_a051.model
[169.885s] -- Installing: /home/hoan/colcon_ws/install/dynamixel_hardware_interface/share/dynamixel_hardware_interface/param/dxl_model/hx5_d20_r_synctable_3_device_2.model
[169.886s] -- Installing: /home/hoan/colcon_ws/install/dynamixel_hardware_interface/share/dynamixel_hardware_interface/param/dxl_model/hx5_d20_r_synctable_2_device_4.model
[169.886s] -- Installing: /home/hoan/colcon_ws/install/dynamixel_hardware_interface/share/dynamixel_hardware_interface/param/dxl_model/dynamixel.model
[169.886s] -- Installing: /home/hoan/colcon_ws/install/dynamixel_hardware_interface/share/dynamixel_hardware_interface/param/dxl_model/hx5_d20_r_synctable_1_device_3.model
[169.886s] -- Installing: /home/hoan/colcon_ws/install/dynamixel_hardware_interface/share/dynamixel_hardware_interface/param/dxl_model/xh540_w270.model
[169.886s] -- Installing: /home/hoan/colcon_ws/install/dynamixel_hardware_interface/share/dynamixel_hardware_interface/param/dxl_model/mx_64.model
[169.886s] -- Installing: /home/hoan/colcon_ws/install/dynamixel_hardware_interface/share/dynamixel_hardware_interface/param/dxl_model/xl430_w250.model
[169.887s] -- Installing: /home/hoan/colcon_ws/install/dynamixel_hardware_interface/share/dynamixel_hardware_interface/param/dxl_model/xc330_t288_fw52.model
[169.887s] -- Installing: /home/hoan/colcon_ws/install/dynamixel_hardware_interface/share/dynamixel_hardware_interface/param/dxl_model/xc330_m288.model
[169.887s] -- Installing: /home/hoan/colcon_ws/install/dynamixel_hardware_interface/share/dynamixel_hardware_interface/param/dxl_model/ym080_230_r051.model
[169.887s] -- Installing: /home/hoan/colcon_ws/install/dynamixel_hardware_interface/share/dynamixel_hardware_interface/param/dxl_model/xl330_m077_fw52.model
[169.888s] -- Installing: /home/hoan/colcon_ws/install/dynamixel_hardware_interface/share/dynamixel_hardware_interface/param/dxl_model/ffw_g10_led.model
[169.888s] -- Installing: /home/hoan/colcon_ws/install/dynamixel_hardware_interface/share/dynamixel_hardware_interface/param/dxl_model/xd430_t210.model
[169.888s] -- Installing: /home/hoan/colcon_ws/install/dynamixel_hardware_interface/share/dynamixel_hardware_interface/param/dxl_model/xw430_t200.model
[169.888s] -- Installing: /home/hoan/colcon_ws/install/dynamixel_hardware_interface/share/dynamixel_hardware_interface/param/dxl_model/hx5_d20_r_synctable_5_device_2.model
[169.888s] -- Installing: /home/hoan/colcon_ws/install/dynamixel_hardware_interface/share/dynamixel_hardware_interface/param/dxl_model/ffw_sg2_drive_3.model
[169.888s] -- Installing: /home/hoan/colcon_ws/install/dynamixel_hardware_interface/share/dynamixel_hardware_interface/param/dxl_model/rh_p12_rn.model
[169.889s] -- Installing: /home/hoan/colcon_ws/install/dynamixel_hardware_interface/share/dynamixel_hardware_interface/param/dxl_model/xc330_t288.model
[169.889s] -- Installing: /home/hoan/colcon_ws/install/dynamixel_hardware_interface/share/dynamixel_hardware_interface/param/dxl_model/xd540_t150.model
[169.889s] -- Installing: /home/hoan/colcon_ws/install/dynamixel_hardware_interface/share/dynamixel_hardware_interface/param/dxl_model/hx5_d20_r_synctable_4_device_2.model
[169.889s] -- Installing: /home/hoan/colcon_ws/install/dynamixel_hardware_interface/share/dynamixel_hardware_interface/param/dxl_model/xm540_w270.model
[169.889s] -- Installing: /home/hoan/colcon_ws/install/dynamixel_hardware_interface/share/dynamixel_hardware_interface/param/dxl_model/hx5_d20_r_synctable_1_device_5.model
[169.889s] -- Installing: /home/hoan/colcon_ws/install/dynamixel_hardware_interface/share/dynamixel_hardware_interface/param/dxl_model/xh540_v150.model
[169.890s] -- Installing: /home/hoan/colcon_ws/install/dynamixel_hardware_interface/share/dynamixel_hardware_interface/param/dxl_model/ph54_100_s500.model
[169.890s] -- Installing: /home/hoan/colcon_ws/install/dynamixel_hardware_interface/share/dynamixel_hardware_interface/param/dxl_model/hx5_d20_r_synctable_3_device_5.model
[169.890s] -- Installing: /home/hoan/colcon_ws/install/dynamixel_hardware_interface/share/dynamixel_hardware_interface/param/dxl_model/omy_end.model
[169.890s] -- Installing: /home/hoan/colcon_ws/install/dynamixel_hardware_interface/share/dynamixel_hardware_interface/param/dxl_model/pm54_040_s250.model
[169.890s] -- Installing: /home/hoan/colcon_ws/install/dynamixel_hardware_interface/share/dynamixel_hardware_interface/param/dxl_model/ffw_g40_imu.model
[169.891s] -- Installing: /home/hoan/colcon_ws/install/dynamixel_hardware_interface/share/dynamixel_hardware_interface/param/dxl_model/xc430_w150.model
[169.891s] -- Installing: /home/hoan/colcon_ws/install/dynamixel_hardware_interface/share/dynamixel_hardware_interface/param/dxl_model/hx5_d20_r_synctable_5_device_4.model
[169.891s] -- Installing: /home/hoan/colcon_ws/install/dynamixel_hardware_interface/share/dynamixel_hardware_interface/param/dxl_model/xd430_t350.model
[169.891s] -- Installing: /home/hoan/colcon_ws/install/dynamixel_hardware_interface/share/dynamixel_hardware_interface/param/dxl_model/xd540_t270.model
[169.891s] -- Installing: /home/hoan/colcon_ws/install/dynamixel_hardware_interface/share/dynamixel_hardware_interface/param/dxl_model/hx5_d20_r_synctable_3_device_3.model
[169.891s] -- Installing: /home/hoan/colcon_ws/install/dynamixel_hardware_interface/share/dynamixel_hardware_interface/param/dxl_model/xm430_w350.model
[169.892s] -- Installing: /home/hoan/colcon_ws/install/dynamixel_hardware_interface/share/dynamixel_hardware_interface/param/dxl_model/xw540_h260.model
[169.892s] -- Installing: /home/hoan/colcon_ws/install/dynamixel_hardware_interface/share/dynamixel_hardware_interface/param/dxl_model/xm540_w150.model
[169.892s] -- Installing: /home/hoan/colcon_ws/install/dynamixel_hardware_interface/share/dynamixel_hardware_interface/param/dxl_model/xc430_w240.model
[169.892s] -- Installing: /home/hoan/colcon_ws/install/dynamixel_hardware_interface/share/dynamixel_hardware_interface/param/dxl_model/xc335_t332.model
[169.892s] -- Installing: /home/hoan/colcon_ws/install/dynamixel_hardware_interface/share/dynamixel_hardware_interface/param/dxl_model/ph54_200_s500.model
[169.893s] -- Installing: /home/hoan/colcon_ws/install/dynamixel_hardware_interface/share/dynamixel_hardware_interface/param/dxl_model/xw540_t140.model
[169.893s] -- Installing: /home/hoan/colcon_ws/install/dynamixel_hardware_interface/share/dynamixel_hardware_interface/param/dxl_model/hx5_d20_r_synctable_4_device_1.model
[169.893s] -- Installing: /home/hoan/colcon_ws/install/dynamixel_hardware_interface/share/dynamixel_hardware_interface/param/dxl_model/xl320.model
[169.893s] -- Installing: /home/hoan/colcon_ws/install/dynamixel_hardware_interface/share/dynamixel_hardware_interface/param/dxl_model/xh430_w350.model
[169.893s] -- Installing: /home/hoan/colcon_ws/install/dynamixel_hardware_interface/share/dynamixel_hardware_interface/param/dxl_model/hx5_d20_r_synctable_3_device_1.model
[169.894s] -- Installing: /home/hoan/colcon_ws/install/dynamixel_hardware_interface/share/dynamixel_hardware_interface/param/dxl_model/hx5_d20_r_synctable_2_device_3.model
[169.894s] -- Installing: /home/hoan/colcon_ws/install/dynamixel_hardware_interface/share/dynamixel_hardware_interface/param/dxl_model/xc330_m181.model
[169.894s] -- Installing: /home/hoan/colcon_ws/install/dynamixel_hardware_interface/share/dynamixel_hardware_interface/param/dxl_model/ym080_230_a099.model
[169.894s] -- Installing: /home/hoan/colcon_ws/install/dynamixel_hardware_interface/share/dynamixel_hardware_interface/param/dxl_model/ph42_020_s300.model
[169.894s] -- Installing: /home/hoan/colcon_ws/install/dynamixel_hardware_interface/share/dynamixel_hardware_interface/param/dxl_model/hx5_d20_rr.model
[169.895s] -- Installing: /home/hoan/colcon_ws/install/dynamixel_hardware_interface/share/dynamixel_hardware_interface/param/dxl_model/xc330_m288_fw52.model
[169.895s] -- Installing: /home/hoan/colcon_ws/install/dynamixel_hardware_interface/share/dynamixel_hardware_interface/param/dxl_model/h54_200_s500_ra.model
[169.895s] -- Installing: /home/hoan/colcon_ws/install/dynamixel_hardware_interface/share/dynamixel_hardware_interface/param/dxl_model/m42_10_s260_ra.model
[169.895s] -- Installing: /home/hoan/colcon_ws/install/dynamixel_hardware_interface/share/dynamixel_hardware_interface/param/dxl_model/hx5_d20_r_synctable_5_device_3.model
[169.895s] -- Installing: /home/hoan/colcon_ws/install/dynamixel_hardware_interface/share/dynamixel_hardware_interface/param/dxl_model/mx_106.model
[169.896s] -- Installing: /home/hoan/colcon_ws/install/dynamixel_hardware_interface/share/dynamixel_hardware_interface/param/dxl_model/ym080_230_m001.model
[169.896s] -- Installing: /home/hoan/colcon_ws/install/dynamixel_hardware_interface/share/dynamixel_hardware_interface/param/dxl_model/omy_hat.model
[169.896s] -- Installing: /home/hoan/colcon_ws/install/dynamixel_hardware_interface/share/dynamixel_hardware_interface/param/dxl_model/ym070_210_a099.model
[169.896s] -- Installing: /home/hoan/colcon_ws/install/dynamixel_hardware_interface/share/dynamixel_hardware_interface/param/dxl_model/pm54_060_s250.model
[169.896s] -- Installing: /home/hoan/colcon_ws/install/dynamixel_hardware_interface/share/dynamixel_hardware_interface/param/dxl_model/ym070_210_m001.model
[169.897s] -- Installing: /home/hoan/colcon_ws/install/dynamixel_hardware_interface/share/dynamixel_hardware_interface/param/dxl_model/xw430_t333.model
[169.897s] -- Installing: /home/hoan/colcon_ws/install/dynamixel_hardware_interface/share/dynamixel_hardware_interface/param/dxl_model/ffw_sg2_drive_2.model
[169.897s] -- Installing: /home/hoan/colcon_ws/install/dynamixel_hardware_interface/share/dynamixel_hardware_interface/param/dxl_model/hx5_d20_r_synctable_5_device_1.model
[169.897s] -- Installing: /home/hoan/colcon_ws/install/dynamixel_hardware_interface/share/dynamixel_hardware_interface/param/dxl_model/xh540_v270.model
[169.898s] -- Installing: /home/hoan/colcon_ws/install/dynamixel_hardware_interface/share/dynamixel_hardware_interface/param/dxl_model/ym080_230_r099.model
[169.898s] -- Installing: /home/hoan/colcon_ws/install/dynamixel_hardware_interface/share/dynamixel_hardware_interface/param/dxl_model/hx5_d20_r_synctable_2_device_1.model
[169.898s] -- Installing: /home/hoan/colcon_ws/install/dynamixel_hardware_interface/share/dynamixel_hardware_interface/param/dxl_model/2xc430_w250.model
[169.898s] -- Installing: /home/hoan/colcon_ws/install/dynamixel_hardware_interface/share/dynamixel_hardware_interface/param/dxl_model/omy_end_rh_p12_rn.model
[169.898s] -- Installing: /home/hoan/colcon_ws/install/dynamixel_hardware_interface/share/dynamixel_hardware_interface/param/dxl_model/h42_20_s300_ra.model
[169.898s] -- Installing: /home/hoan/colcon_ws/install/dynamixel_hardware_interface/share/dynamixel_hardware_interface/param/dxl_model/hx5_d20_r_synctable_4_device_5.model
[169.899s] -- Installing: /home/hoan/colcon_ws/install/dynamixel_hardware_interface/share/dynamixel_hardware_interface/param/dxl_model/xh430_w210.model
[169.899s] -- Installing: /home/hoan/colcon_ws/install/dynamixel_hardware_interface/share/dynamixel_hardware_interface/param/dxl_model/xl330_m288_fw52.model
[169.899s] -- Installing: /home/hoan/colcon_ws/install/dynamixel_hardware_interface/share/dynamixel_hardware_interface/param/dxl_model/hx5_d20_r_synctable_1_device_4.model
[169.899s] -- Installing: /home/hoan/colcon_ws/install/dynamixel_hardware_interface/share/dynamixel_hardware_interface/param/dxl_model/sensorxel_joy.model
[169.899s] -- Installing: /home/hoan/colcon_ws/install/dynamixel_hardware_interface/share/dynamixel_hardware_interface/param/dxl_model/pm42_010_s260.model
[169.900s] -- Installing: /home/hoan/colcon_ws/install/dynamixel_hardware_interface/share/dynamixel_hardware_interface/param/dxl_model/xh430_v210.model
[169.900s] -- Installing: /home/hoan/colcon_ws/install/dynamixel_hardware_interface/share/dynamixel_hardware_interface/param/dxl_model/hx5_d20_r_synctable_4_device_3.model
[169.900s] -- Installing: /home/hoan/colcon_ws/install/dynamixel_hardware_interface/share/dynamixel_hardware_interface/param/dxl_model/hx5_d20_r_synctable_4_device_4.model
[169.900s] -- Installing: /home/hoan/colcon_ws/install/dynamixel_hardware_interface/share/dynamixel_hardware_interface/param/dxl_model/ffw_sg2_steer_3.model
[169.900s] -- Installing: /home/hoan/colcon_ws/install/dynamixel_hardware_interface/share/dynamixel_hardware_interface/param/dxl_model/h54_100_s500_ra.model
[169.900s] -- Installing: /home/hoan/colcon_ws/install/dynamixel_hardware_interface/share/dynamixel_hardware_interface/param/dxl_model/hx5_d20_r_synctable_5_device_5.model
[169.901s] -- Installing: /home/hoan/colcon_ws/install/dynamixel_hardware_interface/share/dynamixel_hardware_interface/param/dxl_model/xw540_t260.model
[169.901s] -- Installing: /home/hoan/colcon_ws/install/dynamixel_hardware_interface/share/dynamixel_hardware_interface/param/dxl_model/xc330_t181_fw52.model
[169.901s] -- Installing: /home/hoan/colcon_ws/install/dynamixel_hardware_interface/share/dynamixel_hardware_interface/param/dxl_model/ffw_sg2_steer_1.model
[169.901s] -- Installing: /home/hoan/colcon_ws/install/dynamixel_hardware_interface/share/dynamixel_hardware_interface/param/dxl_model/ffw_sg2_drive_1.model
[169.901s] -- Installing: /home/hoan/colcon_ws/install/dynamixel_hardware_interface/share/dynamixel_hardware_interface/param/dxl_model/xm430_w210.model
[169.902s] -- Installing: /home/hoan/colcon_ws/install/dynamixel_hardware_interface/share/dynamixel_hardware_interface/param/dxl_model/ym070_210_r099.model
[169.902s] -- Installing: /home/hoan/colcon_ws/install/dynamixel_hardware_interface/share/dynamixel_hardware_interface/param/dxl_model/ym070_210_r051.model
[169.902s] -- Installing: /home/hoan/colcon_ws/install/dynamixel_hardware_interface/share/dynamixel_hardware_interface/param/dxl_model/ym070_210_b001.model
[169.902s] -- Installing: /home/hoan/colcon_ws/install/dynamixel_hardware_interface/share/dynamixel_hardware_interface/param/dxl_model/hx5_d20_r_synctable_1_device_1.model
[169.902s] -- Installing: /home/hoan/colcon_ws/install/dynamixel_hardware_interface/share/dynamixel_hardware_interface/param/dxl_model/ffw_sg2_steer_2.model
[169.903s] -- Installing: /home/hoan/colcon_ws/install/dynamixel_hardware_interface/share/dynamixel_hardware_interface/param/dxl_model/ym080_230_b001.model
[169.903s] -- Installing: /home/hoan/colcon_ws/install/dynamixel_hardware_interface/share/dynamixel_hardware_interface/param/dxl_model/ffw_g10_rcu.model
[169.903s] -- Installing: /home/hoan/colcon_ws/install/dynamixel_hardware_interface/share/dynamixel_hardware_interface/param/dxl_model/xh430_v350.model
[169.904s] -- Installing: /home/hoan/colcon_ws/install/dynamixel_hardware_interface/share/dynamixel_hardware_interface/param/dxl_model/xc330_m181_fw52.model
[169.904s] -- Installing: /home/hoan/colcon_ws/install/dynamixel_hardware_interface/share/dynamixel_hardware_interface/param/dxl_model/m54_60_s250_ra.model
[169.904s] -- Installing: /home/hoan/colcon_ws/install/dynamixel_hardware_interface/share/dynamixel_hardware_interface/param/dxl_model/ym080_230_a051.model
[169.904s] -- Installing: /home/hoan/colcon_ws/install/dynamixel_hardware_interface/share/dynamixel_hardware_interface/param/dxl_model/xh540_w150.model
[169.904s] -- Installing: /home/hoan/colcon_ws/install/dynamixel_hardware_interface/share/dynamixel_hardware_interface/param/dxl_model/hx5_d20_rl.model
[169.905s] -- Installing: /home/hoan/colcon_ws/install/dynamixel_hardware_interface/share/dynamixel_hardware_interface/param/dxl_model/hx5_d20_r_synctable_3_device_4.model
[169.905s] -- Installing: /home/hoan/colcon_ws/install/dynamixel_hardware_interface/share/dynamixel_hardware_interface/param/dxl_model/xc330_t181.model
[169.905s] -- Installing: /home/hoan/colcon_ws/install/dynamixel_hardware_interface/share/dynamixel_hardware_interface/param/dxl_model/hx5_d20_r_synctable_2_device_2.model
[169.905s] -- Installing: /home/hoan/colcon_ws/install/dynamixel_hardware_interface/share/dynamixel_hardware_interface/param/dxl_model/hx5_d20_r_synctable_1_device_2.model
[169.906s] -- Installing: /home/hoan/colcon_ws/install/dynamixel_hardware_interface/share/dynamixel_hardware_interface/param/dxl_model/m54_40_s250_ra.model
[169.906s] -- Installing: /home/hoan/colcon_ws/install/dynamixel_hardware_interface/share/dynamixel_hardware_interface/environment/library_path.sh
[169.906s] -- Installing: /home/hoan/colcon_ws/install/dynamixel_hardware_interface/share/dynamixel_hardware_interface/environment/library_path.dsv
[169.907s] -- Installing: /home/hoan/colcon_ws/install/dynamixel_hardware_interface/share/ament_index/resource_index/package_run_dependencies/dynamixel_hardware_interface
[169.907s] -- Installing: /home/hoan/colcon_ws/install/dynamixel_hardware_interface/share/ament_index/resource_index/parent_prefix_path/dynamixel_hardware_interface
[169.907s] -- Installing: /home/hoan/colcon_ws/install/dynamixel_hardware_interface/share/dynamixel_hardware_interface/environment/ament_prefix_path.sh
[169.907s] -- Installing: /home/hoan/colcon_ws/install/dynamixel_hardware_interface/share/dynamixel_hardware_interface/environment/ament_prefix_path.dsv
[169.908s] -- Installing: /home/hoan/colcon_ws/install/dynamixel_hardware_interface/share/dynamixel_hardware_interface/environment/path.sh
[169.908s] -- Installing: /home/hoan/colcon_ws/install/dynamixel_hardware_interface/share/dynamixel_hardware_interface/environment/path.dsv
[169.908s] -- Installing: /home/hoan/colcon_ws/install/dynamixel_hardware_interface/share/dynamixel_hardware_interface/local_setup.bash
[169.908s] -- Installing: /home/hoan/colcon_ws/install/dynamixel_hardware_interface/share/dynamixel_hardware_interface/local_setup.sh
[169.908s] -- Installing: /home/hoan/colcon_ws/install/dynamixel_hardware_interface/share/dynamixel_hardware_interface/local_setup.zsh
[169.909s] -- Installing: /home/hoan/colcon_ws/install/dynamixel_hardware_interface/share/dynamixel_hardware_interface/local_setup.dsv
[169.909s] -- Installing: /home/hoan/colcon_ws/install/dynamixel_hardware_interface/share/dynamixel_hardware_interface/package.dsv
[169.909s] -- Installing: /home/hoan/colcon_ws/install/dynamixel_hardware_interface/share/ament_index/resource_index/packages/dynamixel_hardware_interface
[169.909s] -- Installing: /home/hoan/colcon_ws/install/dynamixel_hardware_interface/share/ament_index/resource_index/hardware_interface__pluginlib__plugin/dynamixel_hardware_interface
[169.910s] -- Installing: /home/hoan/colcon_ws/install/dynamixel_hardware_interface/share/dynamixel_hardware_interface/cmake/export_dynamixel_hardware_interfaceExport.cmake
[169.910s] -- Installing: /home/hoan/colcon_ws/install/dynamixel_hardware_interface/share/dynamixel_hardware_interface/cmake/export_dynamixel_hardware_interfaceExport-noconfig.cmake
[169.911s] -- Installing: /home/hoan/colcon_ws/install/dynamixel_hardware_interface/share/dynamixel_hardware_interface/cmake/ament_cmake_export_include_directories-extras.cmake
[169.911s] -- Installing: /home/hoan/colcon_ws/install/dynamixel_hardware_interface/share/dynamixel_hardware_interface/cmake/ament_cmake_export_libraries-extras.cmake
[169.911s] -- Installing: /home/hoan/colcon_ws/install/dynamixel_hardware_interface/share/dynamixel_hardware_interface/cmake/ament_cmake_export_targets-extras.cmake
[169.912s] -- Installing: /home/hoan/colcon_ws/install/dynamixel_hardware_interface/share/dynamixel_hardware_interface/cmake/ament_cmake_export_dependencies-extras.cmake
[169.912s] -- Installing: /home/hoan/colcon_ws/install/dynamixel_hardware_interface/share/dynamixel_hardware_interface/cmake/dynamixel_hardware_interfaceConfig.cmake
[169.912s] -- Installing: /home/hoan/colcon_ws/install/dynamixel_hardware_interface/share/dynamixel_hardware_interface/cmake/dynamixel_hardware_interfaceConfig-version.cmake
[169.912s] -- Installing: /home/hoan/colcon_ws/install/dynamixel_hardware_interface/share/dynamixel_hardware_interface/package.xml
[169.915s] Invoked command in '/home/hoan/colcon_ws/build/dynamixel_hardware_interface' returned '0': CMAKE_PREFIX_PATH=/home/hoan/colcon_ws/install/dynamixel_sdk:/home/hoan/colcon_ws/install/dynamixel_interfaces:/home/hoan/ros2_ws/install/rosbridge_test_msgs:/home/hoan/ros2_ws/install/rosbridge_msgs:/home/hoan/ros2_ws/install/rosapi_msgs:/home/hoan/ros2_ws/install/astra_camera:/home/hoan/ros2_ws/install/astra_camera_msgs:/home/hoan/colcon_ws/install/open_manipulator:/home/hoan/colcon_ws/install/open_manipulator_x_teleop:/home/hoan/colcon_ws/install/open_manipulator_x_playground:/home/hoan/colcon_ws/install/open_manipulator_x_moveit_config:/home/hoan/colcon_ws/install/open_manipulator_x_gui:/home/hoan/colcon_ws/install/open_manipulator_x_bringup:/home/hoan/colcon_ws/install/open_manipulator_x_description:/home/hoan/colcon_ws/install/dynamixel_sdk_examples:/home/hoan/colcon_ws/install/dynamixel_hardware_interface:/home/hoan/ros2_ws/install/camera_onnx_processor:/home/hoan/colcon_ws/install/dynamixel_sdk_custom_interfaces:/opt/ros/humble LD_LIBRARY_PATH=/home/hoan/colcon_ws/install/dynamixel_sdk/lib:/home/hoan/colcon_ws/install/dynamixel_interfaces/lib:/home/hoan/ros2_ws/install/rosbridge_test_msgs/lib:/home/hoan/ros2_ws/install/rosbridge_msgs/lib:/home/hoan/ros2_ws/install/rosapi_msgs/lib:/home/hoan/ros2_ws/install/astra_camera/lib:/home/hoan/ros2_ws/install/astra_camera_msgs/lib:/home/hoan/colcon_ws/install/open_manipulator_x_gui/lib:/home/hoan/colcon_ws/install/dynamixel_sdk_custom_interfaces/lib:/home/hoan/colcon_ws/install/dynamixel_hardware_interface/lib:/opt/ros/humble/opt/rviz_ogre_vendor/lib:/opt/ros/humble/lib/x86_64-linux-gnu:/opt/ros/humble/lib /usr/bin/cmake --install /home/hoan/colcon_ws/build/dynamixel_hardware_interface
