[0.059s] Invoking command in '/home/hoan/colcon_ws/build/dynamixel_sdk_examples': CMAKE_PREFIX_PATH=/home/hoan/colcon_ws/install/dynamixel_sdk_custom_interfaces:/home/hoan/colcon_ws/install/dynamixel_sdk:/home/hoan/ros2_ws/install/rosbridge_test_msgs:/home/hoan/ros2_ws/install/rosbridge_msgs:/home/hoan/ros2_ws/install/rosapi_msgs:/home/hoan/ros2_ws/install/astra_camera:/home/hoan/ros2_ws/install/astra_camera_msgs:/home/hoan/colcon_ws/install/open_manipulator:/home/hoan/colcon_ws/install/open_manipulator_x_teleop:/home/hoan/colcon_ws/install/open_manipulator_x_playground:/home/hoan/colcon_ws/install/open_manipulator_x_moveit_config:/home/hoan/colcon_ws/install/open_manipulator_x_gui:/home/hoan/colcon_ws/install/open_manipulator_x_bringup:/home/hoan/colcon_ws/install/open_manipulator_x_description:/home/hoan/colcon_ws/install/dynamixel_sdk_examples:/home/hoan/colcon_ws/install/dynamixel_hardware_interface:/home/hoan/ros2_ws/install/camera_onnx_processor:/home/hoan/colcon_ws/install/dynamixel_interfaces:/opt/ros/humble LD_LIBRARY_PATH=/home/hoan/colcon_ws/install/dynamixel_sdk_custom_interfaces/lib:/home/hoan/colcon_ws/install/dynamixel_sdk/lib:/home/hoan/ros2_ws/install/rosbridge_test_msgs/lib:/home/hoan/ros2_ws/install/rosbridge_msgs/lib:/home/hoan/ros2_ws/install/rosapi_msgs/lib:/home/hoan/ros2_ws/install/astra_camera/lib:/home/hoan/ros2_ws/install/astra_camera_msgs/lib:/home/hoan/colcon_ws/install/open_manipulator_x_gui/lib:/home/hoan/colcon_ws/install/dynamixel_hardware_interface/lib:/home/hoan/colcon_ws/install/dynamixel_interfaces/lib:/opt/ros/humble/opt/rviz_ogre_vendor/lib:/opt/ros/humble/lib/x86_64-linux-gnu:/opt/ros/humble/lib /usr/bin/cmake /home/hoan/colcon_ws/src/DynamixelSDK/ros/dynamixel_sdk_examples -DCMAKE_INSTALL_PREFIX=/home/hoan/colcon_ws/install/dynamixel_sdk_examples
[0.266s] -- The C compiler identification is GNU 11.4.0
[0.466s] -- The CXX compiler identification is GNU 11.4.0
[0.495s] -- Detecting C compiler ABI info
[0.783s] -- Detecting C compiler ABI info - done
[0.818s] -- Check for working C compiler: /usr/bin/cc - skipped
[0.819s] -- Detecting C compile features
[0.821s] -- Detecting C compile features - done
[0.837s] -- Detecting CXX compiler ABI info
[1.123s] -- Detecting CXX compiler ABI info - done
[1.150s] -- Check for working CXX compiler: /usr/bin/c++ - skipped
[1.150s] -- Detecting CXX compile features
[1.151s] -- Detecting CXX compile features - done
[1.166s] -- Found ament_cmake: 1.3.12 (/opt/ros/humble/share/ament_cmake/cmake)
[1.671s] -- Found Python3: /usr/bin/python3 (found version "3.10.12") found components: Interpreter 
[1.991s] -- Found dynamixel_sdk: 4.0.3 (/home/hoan/colcon_ws/install/dynamixel_sdk/share/dynamixel_sdk/cmake)
[1.998s] -- Found dynamixel_sdk_custom_interfaces: 4.0.3 (/home/hoan/colcon_ws/install/dynamixel_sdk_custom_interfaces/share/dynamixel_sdk_custom_interfaces/cmake)
[2.158s] -- Found rosidl_generator_c: 3.1.7 (/opt/ros/humble/share/rosidl_generator_c/cmake)
[2.171s] -- Found rosidl_adapter: 3.1.7 (/opt/ros/humble/share/rosidl_adapter/cmake)
[2.193s] -- Found rosidl_generator_cpp: 3.1.7 (/opt/ros/humble/share/rosidl_generator_cpp/cmake)
[2.221s] -- Using all available rosidl_typesupport_c: rosidl_typesupport_fastrtps_c;rosidl_typesupport_introspection_c
[2.262s] -- Using all available rosidl_typesupport_cpp: rosidl_typesupport_fastrtps_cpp;rosidl_typesupport_introspection_cpp
[2.324s] -- Found rclcpp: 16.0.16 (/opt/ros/humble/share/rclcpp/cmake)
[2.420s] -- Found rmw_implementation_cmake: 6.1.2 (/opt/ros/humble/share/rmw_implementation_cmake/cmake)
[2.429s] -- Found rmw_fastrtps_cpp: 6.2.9 (/opt/ros/humble/share/rmw_fastrtps_cpp/cmake)
[2.674s] -- Found OpenSSL: /usr/lib/x86_64-linux-gnu/libcrypto.so (found version "3.0.2")  
[2.780s] -- Found FastRTPS: /opt/ros/humble/include  
[2.930s] -- Using RMW implementation 'rmw_fastrtps_cpp' as default
[2.956s] -- Looking for pthread.h
[3.153s] -- Looking for pthread.h - found
[3.154s] -- Performing Test CMAKE_HAVE_LIBC_PTHREAD
[3.308s] -- Performing Test CMAKE_HAVE_LIBC_PTHREAD - Success
[3.309s] -- Found Threads: TRUE  
[3.538s] -- Found rclpy: 3.3.19 (/opt/ros/humble/share/rclpy/cmake)
[3.548s] -- Found ament_lint_auto: 0.12.14 (/opt/ros/humble/share/ament_lint_auto/cmake)
[3.805s] -- Added test 'copyright' to check source files copyright and LICENSE
[3.807s] -- Added test 'cppcheck' to perform static code analysis on C / C++ code
[3.809s] -- Configured cppcheck include dirs: /home/hoan/colcon_ws/src/DynamixelSDK/ros/dynamixel_sdk_examples/include
[3.809s] -- Configured cppcheck exclude dirs and/or files: 
[3.811s] -- Added test 'cpplint' to check C / C++ code against the Google style
[3.811s] -- Configured cpplint exclude dirs and/or files: 
[3.814s] -- Added test 'flake8' to check Python code syntax and style conventions
[3.817s] -- Added test 'lint_cmake' to check CMake code style
[3.819s] -- Added test 'pep257' to check Python code against some of the docstring style conventions in PEP 257
[3.821s] -- Added test 'uncrustify' to check C / C++ code style
[3.821s] -- Configured uncrustify additional arguments: 
[3.830s] -- Added test 'xmllint' to check XML markup files
[3.838s] -- Configuring done
[3.863s] -- Generating done
[3.870s] -- Build files have been written to: /home/hoan/colcon_ws/build/dynamixel_sdk_examples
[3.902s] Invoked command in '/home/hoan/colcon_ws/build/dynamixel_sdk_examples' returned '0': CMAKE_PREFIX_PATH=/home/hoan/colcon_ws/install/dynamixel_sdk_custom_interfaces:/home/hoan/colcon_ws/install/dynamixel_sdk:/home/hoan/ros2_ws/install/rosbridge_test_msgs:/home/hoan/ros2_ws/install/rosbridge_msgs:/home/hoan/ros2_ws/install/rosapi_msgs:/home/hoan/ros2_ws/install/astra_camera:/home/hoan/ros2_ws/install/astra_camera_msgs:/home/hoan/colcon_ws/install/open_manipulator:/home/hoan/colcon_ws/install/open_manipulator_x_teleop:/home/hoan/colcon_ws/install/open_manipulator_x_playground:/home/hoan/colcon_ws/install/open_manipulator_x_moveit_config:/home/hoan/colcon_ws/install/open_manipulator_x_gui:/home/hoan/colcon_ws/install/open_manipulator_x_bringup:/home/hoan/colcon_ws/install/open_manipulator_x_description:/home/hoan/colcon_ws/install/dynamixel_sdk_examples:/home/hoan/colcon_ws/install/dynamixel_hardware_interface:/home/hoan/ros2_ws/install/camera_onnx_processor:/home/hoan/colcon_ws/install/dynamixel_interfaces:/opt/ros/humble LD_LIBRARY_PATH=/home/hoan/colcon_ws/install/dynamixel_sdk_custom_interfaces/lib:/home/hoan/colcon_ws/install/dynamixel_sdk/lib:/home/hoan/ros2_ws/install/rosbridge_test_msgs/lib:/home/hoan/ros2_ws/install/rosbridge_msgs/lib:/home/hoan/ros2_ws/install/rosapi_msgs/lib:/home/hoan/ros2_ws/install/astra_camera/lib:/home/hoan/ros2_ws/install/astra_camera_msgs/lib:/home/hoan/colcon_ws/install/open_manipulator_x_gui/lib:/home/hoan/colcon_ws/install/dynamixel_hardware_interface/lib:/home/hoan/colcon_ws/install/dynamixel_interfaces/lib:/opt/ros/humble/opt/rviz_ogre_vendor/lib:/opt/ros/humble/lib/x86_64-linux-gnu:/opt/ros/humble/lib /usr/bin/cmake /home/hoan/colcon_ws/src/DynamixelSDK/ros/dynamixel_sdk_examples -DCMAKE_INSTALL_PREFIX=/home/hoan/colcon_ws/install/dynamixel_sdk_examples
[3.906s] Invoking command in '/home/hoan/colcon_ws/build/dynamixel_sdk_examples': CMAKE_PREFIX_PATH=/home/hoan/colcon_ws/install/dynamixel_sdk_custom_interfaces:/home/hoan/colcon_ws/install/dynamixel_sdk:/home/hoan/ros2_ws/install/rosbridge_test_msgs:/home/hoan/ros2_ws/install/rosbridge_msgs:/home/hoan/ros2_ws/install/rosapi_msgs:/home/hoan/ros2_ws/install/astra_camera:/home/hoan/ros2_ws/install/astra_camera_msgs:/home/hoan/colcon_ws/install/open_manipulator:/home/hoan/colcon_ws/install/open_manipulator_x_teleop:/home/hoan/colcon_ws/install/open_manipulator_x_playground:/home/hoan/colcon_ws/install/open_manipulator_x_moveit_config:/home/hoan/colcon_ws/install/open_manipulator_x_gui:/home/hoan/colcon_ws/install/open_manipulator_x_bringup:/home/hoan/colcon_ws/install/open_manipulator_x_description:/home/hoan/colcon_ws/install/dynamixel_sdk_examples:/home/hoan/colcon_ws/install/dynamixel_hardware_interface:/home/hoan/ros2_ws/install/camera_onnx_processor:/home/hoan/colcon_ws/install/dynamixel_interfaces:/opt/ros/humble LD_LIBRARY_PATH=/home/hoan/colcon_ws/install/dynamixel_sdk_custom_interfaces/lib:/home/hoan/colcon_ws/install/dynamixel_sdk/lib:/home/hoan/ros2_ws/install/rosbridge_test_msgs/lib:/home/hoan/ros2_ws/install/rosbridge_msgs/lib:/home/hoan/ros2_ws/install/rosapi_msgs/lib:/home/hoan/ros2_ws/install/astra_camera/lib:/home/hoan/ros2_ws/install/astra_camera_msgs/lib:/home/hoan/colcon_ws/install/open_manipulator_x_gui/lib:/home/hoan/colcon_ws/install/dynamixel_hardware_interface/lib:/home/hoan/colcon_ws/install/dynamixel_interfaces/lib:/opt/ros/humble/opt/rviz_ogre_vendor/lib:/opt/ros/humble/lib/x86_64-linux-gnu:/opt/ros/humble/lib /usr/bin/cmake --build /home/hoan/colcon_ws/build/dynamixel_sdk_examples -- -j8 -l8
[4.090s] [ 50%] [32mBuilding CXX object CMakeFiles/read_write_node.dir/src/read_write_node.cpp.o[0m
[168.876s] [100%] [32m[1mLinking CXX executable read_write_node[0m
[169.598s] [100%] Built target read_write_node
[169.621s] Invoked command in '/home/hoan/colcon_ws/build/dynamixel_sdk_examples' returned '0': CMAKE_PREFIX_PATH=/home/hoan/colcon_ws/install/dynamixel_sdk_custom_interfaces:/home/hoan/colcon_ws/install/dynamixel_sdk:/home/hoan/ros2_ws/install/rosbridge_test_msgs:/home/hoan/ros2_ws/install/rosbridge_msgs:/home/hoan/ros2_ws/install/rosapi_msgs:/home/hoan/ros2_ws/install/astra_camera:/home/hoan/ros2_ws/install/astra_camera_msgs:/home/hoan/colcon_ws/install/open_manipulator:/home/hoan/colcon_ws/install/open_manipulator_x_teleop:/home/hoan/colcon_ws/install/open_manipulator_x_playground:/home/hoan/colcon_ws/install/open_manipulator_x_moveit_config:/home/hoan/colcon_ws/install/open_manipulator_x_gui:/home/hoan/colcon_ws/install/open_manipulator_x_bringup:/home/hoan/colcon_ws/install/open_manipulator_x_description:/home/hoan/colcon_ws/install/dynamixel_sdk_examples:/home/hoan/colcon_ws/install/dynamixel_hardware_interface:/home/hoan/ros2_ws/install/camera_onnx_processor:/home/hoan/colcon_ws/install/dynamixel_interfaces:/opt/ros/humble LD_LIBRARY_PATH=/home/hoan/colcon_ws/install/dynamixel_sdk_custom_interfaces/lib:/home/hoan/colcon_ws/install/dynamixel_sdk/lib:/home/hoan/ros2_ws/install/rosbridge_test_msgs/lib:/home/hoan/ros2_ws/install/rosbridge_msgs/lib:/home/hoan/ros2_ws/install/rosapi_msgs/lib:/home/hoan/ros2_ws/install/astra_camera/lib:/home/hoan/ros2_ws/install/astra_camera_msgs/lib:/home/hoan/colcon_ws/install/open_manipulator_x_gui/lib:/home/hoan/colcon_ws/install/dynamixel_hardware_interface/lib:/home/hoan/colcon_ws/install/dynamixel_interfaces/lib:/opt/ros/humble/opt/rviz_ogre_vendor/lib:/opt/ros/humble/lib/x86_64-linux-gnu:/opt/ros/humble/lib /usr/bin/cmake --build /home/hoan/colcon_ws/build/dynamixel_sdk_examples -- -j8 -l8
[169.625s] Invoking command in '/home/hoan/colcon_ws/build/dynamixel_sdk_examples': CMAKE_PREFIX_PATH=/home/hoan/colcon_ws/install/dynamixel_sdk_custom_interfaces:/home/hoan/colcon_ws/install/dynamixel_sdk:/home/hoan/ros2_ws/install/rosbridge_test_msgs:/home/hoan/ros2_ws/install/rosbridge_msgs:/home/hoan/ros2_ws/install/rosapi_msgs:/home/hoan/ros2_ws/install/astra_camera:/home/hoan/ros2_ws/install/astra_camera_msgs:/home/hoan/colcon_ws/install/open_manipulator:/home/hoan/colcon_ws/install/open_manipulator_x_teleop:/home/hoan/colcon_ws/install/open_manipulator_x_playground:/home/hoan/colcon_ws/install/open_manipulator_x_moveit_config:/home/hoan/colcon_ws/install/open_manipulator_x_gui:/home/hoan/colcon_ws/install/open_manipulator_x_bringup:/home/hoan/colcon_ws/install/open_manipulator_x_description:/home/hoan/colcon_ws/install/dynamixel_sdk_examples:/home/hoan/colcon_ws/install/dynamixel_hardware_interface:/home/hoan/ros2_ws/install/camera_onnx_processor:/home/hoan/colcon_ws/install/dynamixel_interfaces:/opt/ros/humble LD_LIBRARY_PATH=/home/hoan/colcon_ws/install/dynamixel_sdk_custom_interfaces/lib:/home/hoan/colcon_ws/install/dynamixel_sdk/lib:/home/hoan/ros2_ws/install/rosbridge_test_msgs/lib:/home/hoan/ros2_ws/install/rosbridge_msgs/lib:/home/hoan/ros2_ws/install/rosapi_msgs/lib:/home/hoan/ros2_ws/install/astra_camera/lib:/home/hoan/ros2_ws/install/astra_camera_msgs/lib:/home/hoan/colcon_ws/install/open_manipulator_x_gui/lib:/home/hoan/colcon_ws/install/dynamixel_hardware_interface/lib:/home/hoan/colcon_ws/install/dynamixel_interfaces/lib:/opt/ros/humble/opt/rviz_ogre_vendor/lib:/opt/ros/humble/lib/x86_64-linux-gnu:/opt/ros/humble/lib /usr/bin/cmake --install /home/hoan/colcon_ws/build/dynamixel_sdk_examples
[169.639s] -- Install configuration: ""
[169.639s] -- Installing: /home/hoan/colcon_ws/install/dynamixel_sdk_examples/lib/dynamixel_sdk_examples/read_write_node
[169.644s] -- Set runtime path of "/home/hoan/colcon_ws/install/dynamixel_sdk_examples/lib/dynamixel_sdk_examples/read_write_node" to ""
[169.645s] -- Installing: /home/hoan/colcon_ws/install/dynamixel_sdk_examples/lib/dynamixel_sdk_examples/read_write_node.py
[169.646s] -- Installing: /home/hoan/colcon_ws/install/dynamixel_sdk_examples/share/ament_index/resource_index/package_run_dependencies/dynamixel_sdk_examples
[169.647s] -- Installing: /home/hoan/colcon_ws/install/dynamixel_sdk_examples/share/ament_index/resource_index/parent_prefix_path/dynamixel_sdk_examples
[169.647s] -- Installing: /home/hoan/colcon_ws/install/dynamixel_sdk_examples/share/dynamixel_sdk_examples/environment/ament_prefix_path.sh
[169.647s] -- Installing: /home/hoan/colcon_ws/install/dynamixel_sdk_examples/share/dynamixel_sdk_examples/environment/ament_prefix_path.dsv
[169.648s] -- Installing: /home/hoan/colcon_ws/install/dynamixel_sdk_examples/share/dynamixel_sdk_examples/environment/path.sh
[169.648s] -- Installing: /home/hoan/colcon_ws/install/dynamixel_sdk_examples/share/dynamixel_sdk_examples/environment/path.dsv
[169.648s] -- Installing: /home/hoan/colcon_ws/install/dynamixel_sdk_examples/share/dynamixel_sdk_examples/local_setup.bash
[169.648s] -- Installing: /home/hoan/colcon_ws/install/dynamixel_sdk_examples/share/dynamixel_sdk_examples/local_setup.sh
[169.649s] -- Installing: /home/hoan/colcon_ws/install/dynamixel_sdk_examples/share/dynamixel_sdk_examples/local_setup.zsh
[169.649s] -- Installing: /home/hoan/colcon_ws/install/dynamixel_sdk_examples/share/dynamixel_sdk_examples/local_setup.dsv
[169.649s] -- Installing: /home/hoan/colcon_ws/install/dynamixel_sdk_examples/share/dynamixel_sdk_examples/package.dsv
[169.650s] -- Installing: /home/hoan/colcon_ws/install/dynamixel_sdk_examples/share/ament_index/resource_index/packages/dynamixel_sdk_examples
[169.650s] -- Installing: /home/hoan/colcon_ws/install/dynamixel_sdk_examples/share/dynamixel_sdk_examples/cmake/dynamixel_sdk_examplesConfig.cmake
[169.651s] -- Installing: /home/hoan/colcon_ws/install/dynamixel_sdk_examples/share/dynamixel_sdk_examples/cmake/dynamixel_sdk_examplesConfig-version.cmake
[169.651s] -- Installing: /home/hoan/colcon_ws/install/dynamixel_sdk_examples/share/dynamixel_sdk_examples/package.xml
[169.656s] Invoked command in '/home/hoan/colcon_ws/build/dynamixel_sdk_examples' returned '0': CMAKE_PREFIX_PATH=/home/hoan/colcon_ws/install/dynamixel_sdk_custom_interfaces:/home/hoan/colcon_ws/install/dynamixel_sdk:/home/hoan/ros2_ws/install/rosbridge_test_msgs:/home/hoan/ros2_ws/install/rosbridge_msgs:/home/hoan/ros2_ws/install/rosapi_msgs:/home/hoan/ros2_ws/install/astra_camera:/home/hoan/ros2_ws/install/astra_camera_msgs:/home/hoan/colcon_ws/install/open_manipulator:/home/hoan/colcon_ws/install/open_manipulator_x_teleop:/home/hoan/colcon_ws/install/open_manipulator_x_playground:/home/hoan/colcon_ws/install/open_manipulator_x_moveit_config:/home/hoan/colcon_ws/install/open_manipulator_x_gui:/home/hoan/colcon_ws/install/open_manipulator_x_bringup:/home/hoan/colcon_ws/install/open_manipulator_x_description:/home/hoan/colcon_ws/install/dynamixel_sdk_examples:/home/hoan/colcon_ws/install/dynamixel_hardware_interface:/home/hoan/ros2_ws/install/camera_onnx_processor:/home/hoan/colcon_ws/install/dynamixel_interfaces:/opt/ros/humble LD_LIBRARY_PATH=/home/hoan/colcon_ws/install/dynamixel_sdk_custom_interfaces/lib:/home/hoan/colcon_ws/install/dynamixel_sdk/lib:/home/hoan/ros2_ws/install/rosbridge_test_msgs/lib:/home/hoan/ros2_ws/install/rosbridge_msgs/lib:/home/hoan/ros2_ws/install/rosapi_msgs/lib:/home/hoan/ros2_ws/install/astra_camera/lib:/home/hoan/ros2_ws/install/astra_camera_msgs/lib:/home/hoan/colcon_ws/install/open_manipulator_x_gui/lib:/home/hoan/colcon_ws/install/dynamixel_hardware_interface/lib:/home/hoan/colcon_ws/install/dynamixel_interfaces/lib:/opt/ros/humble/opt/rviz_ogre_vendor/lib:/opt/ros/humble/lib/x86_64-linux-gnu:/opt/ros/humble/lib /usr/bin/cmake --install /home/hoan/colcon_ws/build/dynamixel_sdk_examples
