[0.034s] Invoking command in '/home/hoan/colcon_ws/build/open_manipulator_x_description': CMAKE_PREFIX_PATH=${CMAKE_PREFIX_PATH}:/home/hoan/ros2_ws/install/camera_onnx_processor:/home/hoan/colcon_ws/install/dynamixel_sdk_custom_interfaces:/home/hoan/colcon_ws/install/dynamixel_sdk:/home/hoan/colcon_ws/install/dynamixel_interfaces:/opt/ros/humble /usr/bin/cmake /home/hoan/colcon_ws/src/open_manipulator/open_manipulator_x_description -DCMAKE_INSTALL_PREFIX=/home/hoan/colcon_ws/install/open_manipulator_x_description
[0.195s] -- The C compiler identification is GNU 11.4.0
[0.307s] -- The CXX compiler identification is GNU 11.4.0
[0.319s] -- Detecting C compiler ABI info
[0.426s] -- Detecting C compiler ABI info - done
[0.439s] -- Check for working C compiler: /usr/bin/cc - skipped
[0.439s] -- Detecting C compile features
[0.439s] -- Detecting C compile features - done
[0.444s] -- Detecting CXX compiler ABI info
[0.563s] -- Detecting CXX compiler ABI info - done
[0.575s] -- Check for working CXX compiler: /usr/bin/c++ - skipped
[0.575s] -- Detecting CXX compile features
[0.576s] -- Detecting CXX compile features - done
[0.581s] -- Found ament_cmake: 1.3.12 (/opt/ros/humble/share/ament_cmake/cmake)
[0.828s] -- Found Python3: /usr/bin/python3 (found version "3.10.12") found components: Interpreter 
[1.070s] -- Configuring done
[1.070s] -- Generating done
[1.070s] -- Build files have been written to: /home/hoan/colcon_ws/build/open_manipulator_x_description
[1.075s] Invoked command in '/home/hoan/colcon_ws/build/open_manipulator_x_description' returned '0': CMAKE_PREFIX_PATH=${CMAKE_PREFIX_PATH}:/home/hoan/ros2_ws/install/camera_onnx_processor:/home/hoan/colcon_ws/install/dynamixel_sdk_custom_interfaces:/home/hoan/colcon_ws/install/dynamixel_sdk:/home/hoan/colcon_ws/install/dynamixel_interfaces:/opt/ros/humble /usr/bin/cmake /home/hoan/colcon_ws/src/open_manipulator/open_manipulator_x_description -DCMAKE_INSTALL_PREFIX=/home/hoan/colcon_ws/install/open_manipulator_x_description
[1.077s] Invoking command in '/home/hoan/colcon_ws/build/open_manipulator_x_description': CMAKE_PREFIX_PATH=${CMAKE_PREFIX_PATH}:/home/hoan/ros2_ws/install/camera_onnx_processor:/home/hoan/colcon_ws/install/dynamixel_sdk_custom_interfaces:/home/hoan/colcon_ws/install/dynamixel_sdk:/home/hoan/colcon_ws/install/dynamixel_interfaces:/opt/ros/humble /usr/bin/cmake --build /home/hoan/colcon_ws/build/open_manipulator_x_description -- -j8 -l8
[1.118s] Invoked command in '/home/hoan/colcon_ws/build/open_manipulator_x_description' returned '0': CMAKE_PREFIX_PATH=${CMAKE_PREFIX_PATH}:/home/hoan/ros2_ws/install/camera_onnx_processor:/home/hoan/colcon_ws/install/dynamixel_sdk_custom_interfaces:/home/hoan/colcon_ws/install/dynamixel_sdk:/home/hoan/colcon_ws/install/dynamixel_interfaces:/opt/ros/humble /usr/bin/cmake --build /home/hoan/colcon_ws/build/open_manipulator_x_description -- -j8 -l8
[1.128s] Invoking command in '/home/hoan/colcon_ws/build/open_manipulator_x_description': CMAKE_PREFIX_PATH=${CMAKE_PREFIX_PATH}:/home/hoan/ros2_ws/install/camera_onnx_processor:/home/hoan/colcon_ws/install/dynamixel_sdk_custom_interfaces:/home/hoan/colcon_ws/install/dynamixel_sdk:/home/hoan/colcon_ws/install/dynamixel_interfaces:/opt/ros/humble /usr/bin/cmake --install /home/hoan/colcon_ws/build/open_manipulator_x_description
[1.136s] -- Install configuration: ""
[1.137s] -- Installing: /home/hoan/colcon_ws/install/open_manipulator_x_description/share/open_manipulator_x_description/launch
[1.137s] -- Installing: /home/hoan/colcon_ws/install/open_manipulator_x_description/share/open_manipulator_x_description/launch/model.launch.py
[1.137s] -- Installing: /home/hoan/colcon_ws/install/open_manipulator_x_description/share/open_manipulator_x_description/meshes
[1.137s] -- Installing: /home/hoan/colcon_ws/install/open_manipulator_x_description/share/open_manipulator_x_description/meshes/link4.stl
[1.137s] -- Installing: /home/hoan/colcon_ws/install/open_manipulator_x_description/share/open_manipulator_x_description/meshes/gripper_right_palm.stl
[1.138s] -- Installing: /home/hoan/colcon_ws/install/open_manipulator_x_description/share/open_manipulator_x_description/meshes/link2.stl
[1.138s] -- Installing: /home/hoan/colcon_ws/install/open_manipulator_x_description/share/open_manipulator_x_description/meshes/link1.stl
[1.139s] -- Installing: /home/hoan/colcon_ws/install/open_manipulator_x_description/share/open_manipulator_x_description/meshes/gripper_left_palm.stl
[1.140s] -- Installing: /home/hoan/colcon_ws/install/open_manipulator_x_description/share/open_manipulator_x_description/meshes/link5.stl
[1.141s] -- Installing: /home/hoan/colcon_ws/install/open_manipulator_x_description/share/open_manipulator_x_description/meshes/link3.stl
[1.141s] -- Installing: /home/hoan/colcon_ws/install/open_manipulator_x_description/share/open_manipulator_x_description/meshes/Plate.stl
[1.142s] -- Installing: /home/hoan/colcon_ws/install/open_manipulator_x_description/share/open_manipulator_x_description/rviz
[1.142s] -- Installing: /home/hoan/colcon_ws/install/open_manipulator_x_description/share/open_manipulator_x_description/rviz/open_manipulator_x.rviz
[1.142s] -- Installing: /home/hoan/colcon_ws/install/open_manipulator_x_description/share/open_manipulator_x_description/urdf
[1.142s] -- Installing: /home/hoan/colcon_ws/install/open_manipulator_x_description/share/open_manipulator_x_description/urdf/materials.xacro
[1.142s] -- Installing: /home/hoan/colcon_ws/install/open_manipulator_x_description/share/open_manipulator_x_description/urdf/open_manipulator_x_robot.urdf.xacro
[1.143s] -- Installing: /home/hoan/colcon_ws/install/open_manipulator_x_description/share/open_manipulator_x_description/urdf/open_manipulator_x.urdf.xacro
[1.143s] -- Installing: /home/hoan/colcon_ws/install/open_manipulator_x_description/share/open_manipulator_x_description/gazebo
[1.144s] -- Installing: /home/hoan/colcon_ws/install/open_manipulator_x_description/share/open_manipulator_x_description/gazebo/materials.xacro
[1.144s] -- Installing: /home/hoan/colcon_ws/install/open_manipulator_x_description/share/open_manipulator_x_description/gazebo/open_manipulator_x.gazebo.xacro
[1.145s] -- Installing: /home/hoan/colcon_ws/install/open_manipulator_x_description/share/open_manipulator_x_description/ros2_control
[1.145s] -- Installing: /home/hoan/colcon_ws/install/open_manipulator_x_description/share/open_manipulator_x_description/ros2_control/open_manipulator_x_system.ros2_control.xacro
[1.145s] -- Installing: /home/hoan/colcon_ws/install/open_manipulator_x_description/share/ament_index/resource_index/package_run_dependencies/open_manipulator_x_description
[1.145s] -- Installing: /home/hoan/colcon_ws/install/open_manipulator_x_description/share/ament_index/resource_index/parent_prefix_path/open_manipulator_x_description
[1.145s] -- Installing: /home/hoan/colcon_ws/install/open_manipulator_x_description/share/open_manipulator_x_description/environment/ament_prefix_path.sh
[1.145s] -- Installing: /home/hoan/colcon_ws/install/open_manipulator_x_description/share/open_manipulator_x_description/environment/ament_prefix_path.dsv
[1.145s] -- Installing: /home/hoan/colcon_ws/install/open_manipulator_x_description/share/open_manipulator_x_description/environment/path.sh
[1.145s] -- Installing: /home/hoan/colcon_ws/install/open_manipulator_x_description/share/open_manipulator_x_description/environment/path.dsv
[1.145s] -- Installing: /home/hoan/colcon_ws/install/open_manipulator_x_description/share/open_manipulator_x_description/local_setup.bash
[1.145s] -- Installing: /home/hoan/colcon_ws/install/open_manipulator_x_description/share/open_manipulator_x_description/local_setup.sh
[1.145s] -- Installing: /home/hoan/colcon_ws/install/open_manipulator_x_description/share/open_manipulator_x_description/local_setup.zsh
[1.146s] -- Installing: /home/hoan/colcon_ws/install/open_manipulator_x_description/share/open_manipulator_x_description/local_setup.dsv
[1.146s] -- Installing: /home/hoan/colcon_ws/install/open_manipulator_x_description/share/open_manipulator_x_description/package.dsv
[1.146s] -- Installing: /home/hoan/colcon_ws/install/open_manipulator_x_description/share/ament_index/resource_index/packages/open_manipulator_x_description
[1.146s] -- Installing: /home/hoan/colcon_ws/install/open_manipulator_x_description/share/open_manipulator_x_description/cmake/open_manipulator_x_descriptionConfig.cmake
[1.146s] -- Installing: /home/hoan/colcon_ws/install/open_manipulator_x_description/share/open_manipulator_x_description/cmake/open_manipulator_x_descriptionConfig-version.cmake
[1.146s] -- Installing: /home/hoan/colcon_ws/install/open_manipulator_x_description/share/open_manipulator_x_description/package.xml
[1.147s] Invoked command in '/home/hoan/colcon_ws/build/open_manipulator_x_description' returned '0': CMAKE_PREFIX_PATH=${CMAKE_PREFIX_PATH}:/home/hoan/ros2_ws/install/camera_onnx_processor:/home/hoan/colcon_ws/install/dynamixel_sdk_custom_interfaces:/home/hoan/colcon_ws/install/dynamixel_sdk:/home/hoan/colcon_ws/install/dynamixel_interfaces:/opt/ros/humble /usr/bin/cmake --install /home/hoan/colcon_ws/build/open_manipulator_x_description
