[0.016s] Invoking command in '/home/ros/colcon_ws/src/build/open_manipulator_x_moveit_config': AMENT_PREFIX_PATH=/home/ros/colcon_ws/src/install/open_manipulator_x_description:${AMENT_PREFIX_PATH} CMAKE_PREFIX_PATH=/home/ros/colcon_ws/src/install/open_manipulator_x_description:/opt/ros/humble /usr/bin/cmake /home/ros/colcon_ws/src/open_manipulator/open_manipulator_x_moveit_config -DCMAKE_INSTALL_PREFIX=/home/ros/colcon_ws/src/install/open_manipulator_x_moveit_config
[0.145s] -- The C compiler identification is GNU 11.4.0
[0.201s] -- The CXX compiler identification is GNU 11.4.0
[0.217s] -- Detecting C compiler ABI info
[0.440s] -- Detecting C compiler ABI info - done
[0.460s] -- Check for working C compiler: /usr/bin/cc - skipped
[0.460s] -- Detecting C compile features
[0.460s] -- Detecting C compile features - done
[0.468s] -- Detecting CXX compiler ABI info
[0.744s] -- Detecting CXX compiler ABI info - done
[0.800s] -- Check for working CXX compiler: /usr/bin/c++ - skipped
[0.800s] -- Detecting CXX compile features
[0.802s] -- Detecting CXX compile features - done
[0.814s] -- Found ament_cmake: 1.3.13 (/opt/ros/humble/share/ament_cmake/cmake)
[1.458s] -- Found Python3: /usr/bin/python3 (found version "3.10.12") found components: Interpreter 
[2.083s] -- Configuring done
[2.094s] -- Generating done
[2.100s] -- Build files have been written to: /home/ros/colcon_ws/src/build/open_manipulator_x_moveit_config
[2.120s] Invoked command in '/home/ros/colcon_ws/src/build/open_manipulator_x_moveit_config' returned '0': AMENT_PREFIX_PATH=/home/ros/colcon_ws/src/install/open_manipulator_x_description:${AMENT_PREFIX_PATH} CMAKE_PREFIX_PATH=/home/ros/colcon_ws/src/install/open_manipulator_x_description:/opt/ros/humble /usr/bin/cmake /home/ros/colcon_ws/src/open_manipulator/open_manipulator_x_moveit_config -DCMAKE_INSTALL_PREFIX=/home/ros/colcon_ws/src/install/open_manipulator_x_moveit_config
[2.121s] Invoking command in '/home/ros/colcon_ws/src/build/open_manipulator_x_moveit_config': AMENT_PREFIX_PATH=/home/ros/colcon_ws/src/install/open_manipulator_x_description:${AMENT_PREFIX_PATH} CMAKE_PREFIX_PATH=/home/ros/colcon_ws/src/install/open_manipulator_x_description:/opt/ros/humble /usr/bin/cmake --build /home/ros/colcon_ws/src/build/open_manipulator_x_moveit_config -- -j8 -l8
[2.222s] Invoked command in '/home/ros/colcon_ws/src/build/open_manipulator_x_moveit_config' returned '0': AMENT_PREFIX_PATH=/home/ros/colcon_ws/src/install/open_manipulator_x_description:${AMENT_PREFIX_PATH} CMAKE_PREFIX_PATH=/home/ros/colcon_ws/src/install/open_manipulator_x_description:/opt/ros/humble /usr/bin/cmake --build /home/ros/colcon_ws/src/build/open_manipulator_x_moveit_config -- -j8 -l8
[2.223s] Invoking command in '/home/ros/colcon_ws/src/build/open_manipulator_x_moveit_config': AMENT_PREFIX_PATH=/home/ros/colcon_ws/src/install/open_manipulator_x_description:${AMENT_PREFIX_PATH} CMAKE_PREFIX_PATH=/home/ros/colcon_ws/src/install/open_manipulator_x_description:/opt/ros/humble /usr/bin/cmake --install /home/ros/colcon_ws/src/build/open_manipulator_x_moveit_config
[2.233s] -- Install configuration: ""
[2.234s] -- Installing: /home/ros/colcon_ws/src/install/open_manipulator_x_moveit_config/share/open_manipulator_x_moveit_config/launch
[2.235s] -- Installing: /home/ros/colcon_ws/src/install/open_manipulator_x_moveit_config/share/open_manipulator_x_moveit_config/launch/spawn_controllers.launch.py
[2.236s] -- Installing: /home/ros/colcon_ws/src/install/open_manipulator_x_moveit_config/share/open_manipulator_x_moveit_config/launch/move_group.launch.py
[2.237s] -- Installing: /home/ros/colcon_ws/src/install/open_manipulator_x_moveit_config/share/open_manipulator_x_moveit_config/launch/servo.launch.py
[2.237s] -- Installing: /home/ros/colcon_ws/src/install/open_manipulator_x_moveit_config/share/open_manipulator_x_moveit_config/launch/demo.launch.py
[2.238s] -- Installing: /home/ros/colcon_ws/src/install/open_manipulator_x_moveit_config/share/open_manipulator_x_moveit_config/launch/moveit_gazebo.launch.py
[2.239s] -- Installing: /home/ros/colcon_ws/src/install/open_manipulator_x_moveit_config/share/open_manipulator_x_moveit_config/launch/moveit_rviz.launch.py
[2.240s] -- Installing: /home/ros/colcon_ws/src/install/open_manipulator_x_moveit_config/share/open_manipulator_x_moveit_config/launch/rsp.launch.py
[2.240s] -- Installing: /home/ros/colcon_ws/src/install/open_manipulator_x_moveit_config/share/open_manipulator_x_moveit_config/launch/setup_assistant.launch.py
[2.241s] -- Installing: /home/ros/colcon_ws/src/install/open_manipulator_x_moveit_config/share/open_manipulator_x_moveit_config/launch/static_virtual_joint_tfs.launch.py
[2.242s] -- Installing: /home/ros/colcon_ws/src/install/open_manipulator_x_moveit_config/share/open_manipulator_x_moveit_config/launch/moveit_core.launch.py
[2.242s] -- Installing: /home/ros/colcon_ws/src/install/open_manipulator_x_moveit_config/share/open_manipulator_x_moveit_config/config
[2.243s] -- Installing: /home/ros/colcon_ws/src/install/open_manipulator_x_moveit_config/share/open_manipulator_x_moveit_config/config/moveit_servo.yaml
[2.243s] -- Installing: /home/ros/colcon_ws/src/install/open_manipulator_x_moveit_config/share/open_manipulator_x_moveit_config/config/initial_positions.yaml
[2.244s] -- Installing: /home/ros/colcon_ws/src/install/open_manipulator_x_moveit_config/share/open_manipulator_x_moveit_config/config/moveit.rviz
[2.244s] -- Installing: /home/ros/colcon_ws/src/install/open_manipulator_x_moveit_config/share/open_manipulator_x_moveit_config/config/moveit_teleop.rviz
[2.245s] -- Installing: /home/ros/colcon_ws/src/install/open_manipulator_x_moveit_config/share/open_manipulator_x_moveit_config/config/pilz_cartesian_limits.yaml
[2.245s] -- Installing: /home/ros/colcon_ws/src/install/open_manipulator_x_moveit_config/share/open_manipulator_x_moveit_config/config/open_manipulator_x.urdf.xacro
[2.247s] -- Installing: /home/ros/colcon_ws/src/install/open_manipulator_x_moveit_config/share/open_manipulator_x_moveit_config/config/joint_limits.yaml
[2.247s] -- Installing: /home/ros/colcon_ws/src/install/open_manipulator_x_moveit_config/share/open_manipulator_x_moveit_config/config/kinematics.yaml
[2.248s] -- Installing: /home/ros/colcon_ws/src/install/open_manipulator_x_moveit_config/share/open_manipulator_x_moveit_config/config/ompl_planning.yaml
[2.248s] -- Installing: /home/ros/colcon_ws/src/install/open_manipulator_x_moveit_config/share/open_manipulator_x_moveit_config/config/open_manipulator_x.ros2_control.xacro
[2.252s] -- Installing: /home/ros/colcon_ws/src/install/open_manipulator_x_moveit_config/share/open_manipulator_x_moveit_config/config/open_manipulator_x.srdf
[2.252s] -- Installing: /home/ros/colcon_ws/src/install/open_manipulator_x_moveit_config/share/open_manipulator_x_moveit_config/config/moveit_controllers.yaml
[2.252s] -- Installing: /home/ros/colcon_ws/src/install/open_manipulator_x_moveit_config/share/open_manipulator_x_moveit_config/.setup_assistant
[2.252s] -- Installing: /home/ros/colcon_ws/src/install/open_manipulator_x_moveit_config/share/ament_index/resource_index/package_run_dependencies/open_manipulator_x_moveit_config
[2.253s] -- Installing: /home/ros/colcon_ws/src/install/open_manipulator_x_moveit_config/share/ament_index/resource_index/parent_prefix_path/open_manipulator_x_moveit_config
[2.253s] -- Installing: /home/ros/colcon_ws/src/install/open_manipulator_x_moveit_config/share/open_manipulator_x_moveit_config/environment/ament_prefix_path.sh
[2.253s] -- Installing: /home/ros/colcon_ws/src/install/open_manipulator_x_moveit_config/share/open_manipulator_x_moveit_config/environment/ament_prefix_path.dsv
[2.253s] -- Installing: /home/ros/colcon_ws/src/install/open_manipulator_x_moveit_config/share/open_manipulator_x_moveit_config/environment/path.sh
[2.253s] -- Installing: /home/ros/colcon_ws/src/install/open_manipulator_x_moveit_config/share/open_manipulator_x_moveit_config/environment/path.dsv
[2.253s] -- Installing: /home/ros/colcon_ws/src/install/open_manipulator_x_moveit_config/share/open_manipulator_x_moveit_config/local_setup.bash
[2.253s] -- Installing: /home/ros/colcon_ws/src/install/open_manipulator_x_moveit_config/share/open_manipulator_x_moveit_config/local_setup.sh
[2.254s] -- Installing: /home/ros/colcon_ws/src/install/open_manipulator_x_moveit_config/share/open_manipulator_x_moveit_config/local_setup.zsh
[2.254s] -- Installing: /home/ros/colcon_ws/src/install/open_manipulator_x_moveit_config/share/open_manipulator_x_moveit_config/local_setup.dsv
[2.254s] -- Installing: /home/ros/colcon_ws/src/install/open_manipulator_x_moveit_config/share/open_manipulator_x_moveit_config/package.dsv
[2.254s] -- Installing: /home/ros/colcon_ws/src/install/open_manipulator_x_moveit_config/share/ament_index/resource_index/packages/open_manipulator_x_moveit_config
[2.254s] -- Installing: /home/ros/colcon_ws/src/install/open_manipulator_x_moveit_config/share/open_manipulator_x_moveit_config/cmake/open_manipulator_x_moveit_configConfig.cmake
[2.255s] -- Installing: /home/ros/colcon_ws/src/install/open_manipulator_x_moveit_config/share/open_manipulator_x_moveit_config/cmake/open_manipulator_x_moveit_configConfig-version.cmake
[2.255s] -- Installing: /home/ros/colcon_ws/src/install/open_manipulator_x_moveit_config/share/open_manipulator_x_moveit_config/package.xml
[2.258s] Invoked command in '/home/ros/colcon_ws/src/build/open_manipulator_x_moveit_config' returned '0': AMENT_PREFIX_PATH=/home/ros/colcon_ws/src/install/open_manipulator_x_description:${AMENT_PREFIX_PATH} CMAKE_PREFIX_PATH=/home/ros/colcon_ws/src/install/open_manipulator_x_description:/opt/ros/humble /usr/bin/cmake --install /home/ros/colcon_ws/src/build/open_manipulator_x_moveit_config
