[0.012s] Invoking command in '/home/hoan/colcon_ws/build/open_manipulator_x_moveit_config': CMAKE_PREFIX_PATH=/home/hoan/colcon_ws/install/open_manipulator_x_description:/home/hoan/ros2_ws/install/rosbridge_test_msgs:/home/hoan/ros2_ws/install/rosbridge_msgs:/home/hoan/ros2_ws/install/rosapi_msgs:/home/hoan/ros2_ws/install/astra_camera:/home/hoan/ros2_ws/install/astra_camera_msgs:/home/hoan/colcon_ws/install/open_manipulator:/home/hoan/colcon_ws/install/open_manipulator_x_teleop:/home/hoan/colcon_ws/install/open_manipulator_x_playground:/home/hoan/colcon_ws/install/open_manipulator_x_moveit_config:/home/hoan/colcon_ws/install/open_manipulator_x_gui:/home/hoan/colcon_ws/install/open_manipulator_x_bringup:/home/hoan/colcon_ws/install/dynamixel_sdk_examples:/home/hoan/colcon_ws/install/dynamixel_hardware_interface:/home/hoan/ros2_ws/install/camera_onnx_processor:/home/hoan/colcon_ws/install/dynamixel_sdk_custom_interfaces:/home/hoan/colcon_ws/install/dynamixel_sdk:/home/hoan/colcon_ws/install/dynamixel_interfaces:/opt/ros/humble /usr/bin/cmake /home/hoan/colcon_ws/src/open_manipulator/open_manipulator_x_moveit_config -DCMAKE_INSTALL_PREFIX=/home/hoan/colcon_ws/install/open_manipulator_x_moveit_config
[0.118s] -- The C compiler identification is GNU 11.4.0
[0.200s] -- The CXX compiler identification is GNU 11.4.0
[0.213s] -- Detecting C compiler ABI info
[0.375s] -- Detecting C compiler ABI info - done
[0.401s] -- Check for working C compiler: /usr/bin/cc - skipped
[0.407s] -- Detecting C compile features
[0.408s] -- Detecting C compile features - done
[0.427s] -- Detecting CXX compiler ABI info
[0.695s] -- Detecting CXX compiler ABI info - done
[0.721s] -- Check for working CXX compiler: /usr/bin/c++ - skipped
[0.724s] -- Detecting CXX compile features
[0.726s] -- Detecting CXX compile features - done
[0.735s] -- Found ament_cmake: 1.3.12 (/opt/ros/humble/share/ament_cmake/cmake)
[1.392s] -- Found Python3: /usr/bin/python3 (found version "3.10.12") found components: Interpreter 
[2.006s] -- Configuring done
[2.016s] -- Generating done
[2.027s] -- Build files have been written to: /home/hoan/colcon_ws/build/open_manipulator_x_moveit_config
[2.085s] Invoked command in '/home/hoan/colcon_ws/build/open_manipulator_x_moveit_config' returned '0': CMAKE_PREFIX_PATH=/home/hoan/colcon_ws/install/open_manipulator_x_description:/home/hoan/ros2_ws/install/rosbridge_test_msgs:/home/hoan/ros2_ws/install/rosbridge_msgs:/home/hoan/ros2_ws/install/rosapi_msgs:/home/hoan/ros2_ws/install/astra_camera:/home/hoan/ros2_ws/install/astra_camera_msgs:/home/hoan/colcon_ws/install/open_manipulator:/home/hoan/colcon_ws/install/open_manipulator_x_teleop:/home/hoan/colcon_ws/install/open_manipulator_x_playground:/home/hoan/colcon_ws/install/open_manipulator_x_moveit_config:/home/hoan/colcon_ws/install/open_manipulator_x_gui:/home/hoan/colcon_ws/install/open_manipulator_x_bringup:/home/hoan/colcon_ws/install/dynamixel_sdk_examples:/home/hoan/colcon_ws/install/dynamixel_hardware_interface:/home/hoan/ros2_ws/install/camera_onnx_processor:/home/hoan/colcon_ws/install/dynamixel_sdk_custom_interfaces:/home/hoan/colcon_ws/install/dynamixel_sdk:/home/hoan/colcon_ws/install/dynamixel_interfaces:/opt/ros/humble /usr/bin/cmake /home/hoan/colcon_ws/src/open_manipulator/open_manipulator_x_moveit_config -DCMAKE_INSTALL_PREFIX=/home/hoan/colcon_ws/install/open_manipulator_x_moveit_config
[2.086s] Invoking command in '/home/hoan/colcon_ws/build/open_manipulator_x_moveit_config': CMAKE_PREFIX_PATH=/home/hoan/colcon_ws/install/open_manipulator_x_description:/home/hoan/ros2_ws/install/rosbridge_test_msgs:/home/hoan/ros2_ws/install/rosbridge_msgs:/home/hoan/ros2_ws/install/rosapi_msgs:/home/hoan/ros2_ws/install/astra_camera:/home/hoan/ros2_ws/install/astra_camera_msgs:/home/hoan/colcon_ws/install/open_manipulator:/home/hoan/colcon_ws/install/open_manipulator_x_teleop:/home/hoan/colcon_ws/install/open_manipulator_x_playground:/home/hoan/colcon_ws/install/open_manipulator_x_moveit_config:/home/hoan/colcon_ws/install/open_manipulator_x_gui:/home/hoan/colcon_ws/install/open_manipulator_x_bringup:/home/hoan/colcon_ws/install/dynamixel_sdk_examples:/home/hoan/colcon_ws/install/dynamixel_hardware_interface:/home/hoan/ros2_ws/install/camera_onnx_processor:/home/hoan/colcon_ws/install/dynamixel_sdk_custom_interfaces:/home/hoan/colcon_ws/install/dynamixel_sdk:/home/hoan/colcon_ws/install/dynamixel_interfaces:/opt/ros/humble /usr/bin/cmake --build /home/hoan/colcon_ws/build/open_manipulator_x_moveit_config -- -j8 -l8
[2.232s] Invoked command in '/home/hoan/colcon_ws/build/open_manipulator_x_moveit_config' returned '0': CMAKE_PREFIX_PATH=/home/hoan/colcon_ws/install/open_manipulator_x_description:/home/hoan/ros2_ws/install/rosbridge_test_msgs:/home/hoan/ros2_ws/install/rosbridge_msgs:/home/hoan/ros2_ws/install/rosapi_msgs:/home/hoan/ros2_ws/install/astra_camera:/home/hoan/ros2_ws/install/astra_camera_msgs:/home/hoan/colcon_ws/install/open_manipulator:/home/hoan/colcon_ws/install/open_manipulator_x_teleop:/home/hoan/colcon_ws/install/open_manipulator_x_playground:/home/hoan/colcon_ws/install/open_manipulator_x_moveit_config:/home/hoan/colcon_ws/install/open_manipulator_x_gui:/home/hoan/colcon_ws/install/open_manipulator_x_bringup:/home/hoan/colcon_ws/install/dynamixel_sdk_examples:/home/hoan/colcon_ws/install/dynamixel_hardware_interface:/home/hoan/ros2_ws/install/camera_onnx_processor:/home/hoan/colcon_ws/install/dynamixel_sdk_custom_interfaces:/home/hoan/colcon_ws/install/dynamixel_sdk:/home/hoan/colcon_ws/install/dynamixel_interfaces:/opt/ros/humble /usr/bin/cmake --build /home/hoan/colcon_ws/build/open_manipulator_x_moveit_config -- -j8 -l8
[2.233s] Invoking command in '/home/hoan/colcon_ws/build/open_manipulator_x_moveit_config': CMAKE_PREFIX_PATH=/home/hoan/colcon_ws/install/open_manipulator_x_description:/home/hoan/ros2_ws/install/rosbridge_test_msgs:/home/hoan/ros2_ws/install/rosbridge_msgs:/home/hoan/ros2_ws/install/rosapi_msgs:/home/hoan/ros2_ws/install/astra_camera:/home/hoan/ros2_ws/install/astra_camera_msgs:/home/hoan/colcon_ws/install/open_manipulator:/home/hoan/colcon_ws/install/open_manipulator_x_teleop:/home/hoan/colcon_ws/install/open_manipulator_x_playground:/home/hoan/colcon_ws/install/open_manipulator_x_moveit_config:/home/hoan/colcon_ws/install/open_manipulator_x_gui:/home/hoan/colcon_ws/install/open_manipulator_x_bringup:/home/hoan/colcon_ws/install/dynamixel_sdk_examples:/home/hoan/colcon_ws/install/dynamixel_hardware_interface:/home/hoan/ros2_ws/install/camera_onnx_processor:/home/hoan/colcon_ws/install/dynamixel_sdk_custom_interfaces:/home/hoan/colcon_ws/install/dynamixel_sdk:/home/hoan/colcon_ws/install/dynamixel_interfaces:/opt/ros/humble /usr/bin/cmake --install /home/hoan/colcon_ws/build/open_manipulator_x_moveit_config
[2.263s] -- Install configuration: ""
[2.264s] -- Installing: /home/hoan/colcon_ws/install/open_manipulator_x_moveit_config/share/open_manipulator_x_moveit_config/launch
[2.264s] -- Installing: /home/hoan/colcon_ws/install/open_manipulator_x_moveit_config/share/open_manipulator_x_moveit_config/launch/spawn_controllers.launch.py
[2.264s] -- Installing: /home/hoan/colcon_ws/install/open_manipulator_x_moveit_config/share/open_manipulator_x_moveit_config/launch/move_group.launch.py
[2.265s] -- Installing: /home/hoan/colcon_ws/install/open_manipulator_x_moveit_config/share/open_manipulator_x_moveit_config/launch/servo.launch.py
[2.267s] -- Installing: /home/hoan/colcon_ws/install/open_manipulator_x_moveit_config/share/open_manipulator_x_moveit_config/launch/demo.launch.py
[2.268s] -- Installing: /home/hoan/colcon_ws/install/open_manipulator_x_moveit_config/share/open_manipulator_x_moveit_config/launch/moveit_gazebo.launch.py
[2.268s] -- Installing: /home/hoan/colcon_ws/install/open_manipulator_x_moveit_config/share/open_manipulator_x_moveit_config/launch/moveit_rviz.launch.py
[2.268s] -- Installing: /home/hoan/colcon_ws/install/open_manipulator_x_moveit_config/share/open_manipulator_x_moveit_config/launch/rsp.launch.py
[2.268s] -- Installing: /home/hoan/colcon_ws/install/open_manipulator_x_moveit_config/share/open_manipulator_x_moveit_config/launch/setup_assistant.launch.py
[2.268s] -- Installing: /home/hoan/colcon_ws/install/open_manipulator_x_moveit_config/share/open_manipulator_x_moveit_config/launch/static_virtual_joint_tfs.launch.py
[2.268s] -- Installing: /home/hoan/colcon_ws/install/open_manipulator_x_moveit_config/share/open_manipulator_x_moveit_config/launch/moveit_core.launch.py
[2.268s] -- Installing: /home/hoan/colcon_ws/install/open_manipulator_x_moveit_config/share/open_manipulator_x_moveit_config/config
[2.269s] -- Installing: /home/hoan/colcon_ws/install/open_manipulator_x_moveit_config/share/open_manipulator_x_moveit_config/config/moveit_servo.yaml
[2.269s] -- Installing: /home/hoan/colcon_ws/install/open_manipulator_x_moveit_config/share/open_manipulator_x_moveit_config/config/initial_positions.yaml
[2.269s] -- Installing: /home/hoan/colcon_ws/install/open_manipulator_x_moveit_config/share/open_manipulator_x_moveit_config/config/moveit.rviz
[2.269s] -- Installing: /home/hoan/colcon_ws/install/open_manipulator_x_moveit_config/share/open_manipulator_x_moveit_config/config/moveit_teleop.rviz
[2.269s] -- Installing: /home/hoan/colcon_ws/install/open_manipulator_x_moveit_config/share/open_manipulator_x_moveit_config/config/pilz_cartesian_limits.yaml
[2.269s] -- Installing: /home/hoan/colcon_ws/install/open_manipulator_x_moveit_config/share/open_manipulator_x_moveit_config/config/open_manipulator_x.urdf.xacro
[2.269s] -- Installing: /home/hoan/colcon_ws/install/open_manipulator_x_moveit_config/share/open_manipulator_x_moveit_config/config/joint_limits.yaml
[2.269s] -- Installing: /home/hoan/colcon_ws/install/open_manipulator_x_moveit_config/share/open_manipulator_x_moveit_config/config/kinematics.yaml
[2.269s] -- Installing: /home/hoan/colcon_ws/install/open_manipulator_x_moveit_config/share/open_manipulator_x_moveit_config/config/ompl_planning.yaml
[2.269s] -- Installing: /home/hoan/colcon_ws/install/open_manipulator_x_moveit_config/share/open_manipulator_x_moveit_config/config/open_manipulator_x.ros2_control.xacro
[2.270s] -- Installing: /home/hoan/colcon_ws/install/open_manipulator_x_moveit_config/share/open_manipulator_x_moveit_config/config/open_manipulator_x.srdf
[2.274s] -- Installing: /home/hoan/colcon_ws/install/open_manipulator_x_moveit_config/share/open_manipulator_x_moveit_config/config/moveit_controllers.yaml
[2.274s] -- Installing: /home/hoan/colcon_ws/install/open_manipulator_x_moveit_config/share/open_manipulator_x_moveit_config/.setup_assistant
[2.274s] -- Installing: /home/hoan/colcon_ws/install/open_manipulator_x_moveit_config/share/ament_index/resource_index/package_run_dependencies/open_manipulator_x_moveit_config
[2.274s] -- Installing: /home/hoan/colcon_ws/install/open_manipulator_x_moveit_config/share/ament_index/resource_index/parent_prefix_path/open_manipulator_x_moveit_config
[2.274s] -- Installing: /home/hoan/colcon_ws/install/open_manipulator_x_moveit_config/share/open_manipulator_x_moveit_config/environment/ament_prefix_path.sh
[2.275s] -- Installing: /home/hoan/colcon_ws/install/open_manipulator_x_moveit_config/share/open_manipulator_x_moveit_config/environment/ament_prefix_path.dsv
[2.275s] -- Installing: /home/hoan/colcon_ws/install/open_manipulator_x_moveit_config/share/open_manipulator_x_moveit_config/environment/path.sh
[2.275s] -- Installing: /home/hoan/colcon_ws/install/open_manipulator_x_moveit_config/share/open_manipulator_x_moveit_config/environment/path.dsv
[2.276s] -- Installing: /home/hoan/colcon_ws/install/open_manipulator_x_moveit_config/share/open_manipulator_x_moveit_config/local_setup.bash
[2.276s] -- Installing: /home/hoan/colcon_ws/install/open_manipulator_x_moveit_config/share/open_manipulator_x_moveit_config/local_setup.sh
[2.276s] -- Installing: /home/hoan/colcon_ws/install/open_manipulator_x_moveit_config/share/open_manipulator_x_moveit_config/local_setup.zsh
[2.276s] -- Installing: /home/hoan/colcon_ws/install/open_manipulator_x_moveit_config/share/open_manipulator_x_moveit_config/local_setup.dsv
[2.276s] -- Installing: /home/hoan/colcon_ws/install/open_manipulator_x_moveit_config/share/open_manipulator_x_moveit_config/package.dsv
[2.276s] -- Installing: /home/hoan/colcon_ws/install/open_manipulator_x_moveit_config/share/ament_index/resource_index/packages/open_manipulator_x_moveit_config
[2.276s] -- Installing: /home/hoan/colcon_ws/install/open_manipulator_x_moveit_config/share/open_manipulator_x_moveit_config/cmake/open_manipulator_x_moveit_configConfig.cmake
[2.276s] -- Installing: /home/hoan/colcon_ws/install/open_manipulator_x_moveit_config/share/open_manipulator_x_moveit_config/cmake/open_manipulator_x_moveit_configConfig-version.cmake
[2.277s] -- Installing: /home/hoan/colcon_ws/install/open_manipulator_x_moveit_config/share/open_manipulator_x_moveit_config/package.xml
[2.316s] Invoked command in '/home/hoan/colcon_ws/build/open_manipulator_x_moveit_config' returned '0': CMAKE_PREFIX_PATH=/home/hoan/colcon_ws/install/open_manipulator_x_description:/home/hoan/ros2_ws/install/rosbridge_test_msgs:/home/hoan/ros2_ws/install/rosbridge_msgs:/home/hoan/ros2_ws/install/rosapi_msgs:/home/hoan/ros2_ws/install/astra_camera:/home/hoan/ros2_ws/install/astra_camera_msgs:/home/hoan/colcon_ws/install/open_manipulator:/home/hoan/colcon_ws/install/open_manipulator_x_teleop:/home/hoan/colcon_ws/install/open_manipulator_x_playground:/home/hoan/colcon_ws/install/open_manipulator_x_moveit_config:/home/hoan/colcon_ws/install/open_manipulator_x_gui:/home/hoan/colcon_ws/install/open_manipulator_x_bringup:/home/hoan/colcon_ws/install/dynamixel_sdk_examples:/home/hoan/colcon_ws/install/dynamixel_hardware_interface:/home/hoan/ros2_ws/install/camera_onnx_processor:/home/hoan/colcon_ws/install/dynamixel_sdk_custom_interfaces:/home/hoan/colcon_ws/install/dynamixel_sdk:/home/hoan/colcon_ws/install/dynamixel_interfaces:/opt/ros/humble /usr/bin/cmake --install /home/hoan/colcon_ws/build/open_manipulator_x_moveit_config
