[0.020s] Invoking command in '/home/ros/colcon_ws/src/build/open_manipulator_x_teleop': AMENT_PREFIX_PATH=/home/ros/colcon_ws/src/install/open_manipulator_x_moveit_config:/home/ros/colcon_ws/src/install/open_manipulator_x_bringup:/home/ros/colcon_ws/src/install/open_manipulator_x_description:${AMENT_PREFIX_PATH} CMAKE_PREFIX_PATH=/home/ros/colcon_ws/src/install/open_manipulator_x_moveit_config:/home/ros/colcon_ws/src/install/open_manipulator_x_bringup:/home/ros/colcon_ws/src/install/open_manipulator_x_description:/opt/ros/humble /usr/bin/cmake /home/ros/colcon_ws/src/open_manipulator/open_manipulator_x_teleop -DCMAKE_INSTALL_PREFIX=/home/ros/colcon_ws/src/install/open_manipulator_x_teleop
[0.127s] -- The C compiler identification is GNU 11.4.0
[0.278s] -- The CXX compiler identification is GNU 11.4.0
[0.302s] -- Detecting C compiler ABI info
[0.508s] -- Detecting C compiler ABI info - done
[0.536s] -- Check for working C compiler: /usr/bin/cc - skipped
[0.537s] -- Detecting C compile features
[0.538s] -- Detecting C compile features - done
[0.543s] -- Detecting CXX compiler ABI info
[0.756s] -- Detecting CXX compiler ABI info - done
[0.786s] -- Check for working CXX compiler: /usr/bin/c++ - skipped
[0.786s] -- Detecting CXX compile features
[0.787s] -- Detecting CXX compile features - done
[0.799s] -- Found ament_cmake: 1.3.13 (/opt/ros/humble/share/ament_cmake/cmake)
[1.146s] -- Found Python3: /usr/bin/python3 (found version "3.10.12") found components: Interpreter 
[1.418s] -- Found rclcpp: 16.0.18 (/opt/ros/humble/share/rclcpp/cmake)
[1.586s] -- Found rosidl_generator_c: 3.1.8 (/opt/ros/humble/share/rosidl_generator_c/cmake)
[1.608s] -- Found rosidl_adapter: 3.1.8 (/opt/ros/humble/share/rosidl_adapter/cmake)
[1.649s] -- Found rosidl_generator_cpp: 3.1.8 (/opt/ros/humble/share/rosidl_generator_cpp/cmake)
[1.703s] -- Using all available rosidl_typesupport_c: rosidl_typesupport_fastrtps_c;rosidl_typesupport_introspection_c
[1.785s] -- Using all available rosidl_typesupport_cpp: rosidl_typesupport_fastrtps_cpp;rosidl_typesupport_introspection_cpp
[2.044s] -- Found rmw_implementation_cmake: 6.1.2 (/opt/ros/humble/share/rmw_implementation_cmake/cmake)
[2.065s] -- Found rmw_fastrtps_cpp: 6.2.10 (/opt/ros/humble/share/rmw_fastrtps_cpp/cmake)
[2.424s] -- Found OpenSSL: /usr/lib/x86_64-linux-gnu/libcrypto.so (found version "3.0.2")  
[2.564s] -- Found FastRTPS: /opt/ros/humble/include  
[2.779s] -- Using RMW implementation 'rmw_fastrtps_cpp' as default
[2.832s] -- Looking for pthread.h
[3.111s] -- Looking for pthread.h - found
[3.112s] -- Performing Test CMAKE_HAVE_LIBC_PTHREAD
[3.367s] -- Performing Test CMAKE_HAVE_LIBC_PTHREAD - Success
[3.376s] -- Found Threads: TRUE  
[3.588s] -- Found open_manipulator_x_bringup: 3.0.4 (/home/ros/colcon_ws/src/install/open_manipulator_x_bringup/share/open_manipulator_x_bringup/cmake)
[3.590s] -- Found open_manipulator_x_moveit_config: 3.0.4 (/home/ros/colcon_ws/src/install/open_manipulator_x_moveit_config/share/open_manipulator_x_moveit_config/cmake)
[3.592s] -- Found open_manipulator_x_description: 3.0.4 (/home/ros/colcon_ws/src/install/open_manipulator_x_description/share/open_manipulator_x_description/cmake)
[3.597s] -- Found geometry_msgs: 4.9.1 (/opt/ros/humble/share/geometry_msgs/cmake)
[3.629s] -- Found nav_msgs: 4.9.1 (/opt/ros/humble/share/nav_msgs/cmake)
[3.689s] -- Found control_msgs: 4.8.0 (/opt/ros/humble/share/control_msgs/cmake)
[4.014s] -- Found std_srvs: 4.9.1 (/opt/ros/humble/share/std_srvs/cmake)
[4.080s] -- Found rclcpp_action: 16.0.18 (/opt/ros/humble/share/rclcpp_action/cmake)
[4.339s] -- Configuring done
[4.394s] -- Generating done
[4.413s] -- Build files have been written to: /home/ros/colcon_ws/src/build/open_manipulator_x_teleop
[4.437s] Invoked command in '/home/ros/colcon_ws/src/build/open_manipulator_x_teleop' returned '0': AMENT_PREFIX_PATH=/home/ros/colcon_ws/src/install/open_manipulator_x_moveit_config:/home/ros/colcon_ws/src/install/open_manipulator_x_bringup:/home/ros/colcon_ws/src/install/open_manipulator_x_description:${AMENT_PREFIX_PATH} CMAKE_PREFIX_PATH=/home/ros/colcon_ws/src/install/open_manipulator_x_moveit_config:/home/ros/colcon_ws/src/install/open_manipulator_x_bringup:/home/ros/colcon_ws/src/install/open_manipulator_x_description:/opt/ros/humble /usr/bin/cmake /home/ros/colcon_ws/src/open_manipulator/open_manipulator_x_teleop -DCMAKE_INSTALL_PREFIX=/home/ros/colcon_ws/src/install/open_manipulator_x_teleop
[4.439s] Invoking command in '/home/ros/colcon_ws/src/build/open_manipulator_x_teleop': AMENT_PREFIX_PATH=/home/ros/colcon_ws/src/install/open_manipulator_x_moveit_config:/home/ros/colcon_ws/src/install/open_manipulator_x_bringup:/home/ros/colcon_ws/src/install/open_manipulator_x_description:${AMENT_PREFIX_PATH} CMAKE_PREFIX_PATH=/home/ros/colcon_ws/src/install/open_manipulator_x_moveit_config:/home/ros/colcon_ws/src/install/open_manipulator_x_bringup:/home/ros/colcon_ws/src/install/open_manipulator_x_description:/opt/ros/humble /usr/bin/cmake --build /home/ros/colcon_ws/src/build/open_manipulator_x_teleop -- -j8 -l8
[4.596s] [ 50%] [32mBuilding CXX object CMakeFiles/open_manipulator_x_teleop.dir/src/open_manipulator_x_teleop.cpp.o[0m
[21.006s] [100%] [32m[1mLinking CXX executable open_manipulator_x_teleop[0m
[22.324s] [100%] Built target open_manipulator_x_teleop
[22.365s] Invoked command in '/home/ros/colcon_ws/src/build/open_manipulator_x_teleop' returned '0': AMENT_PREFIX_PATH=/home/ros/colcon_ws/src/install/open_manipulator_x_moveit_config:/home/ros/colcon_ws/src/install/open_manipulator_x_bringup:/home/ros/colcon_ws/src/install/open_manipulator_x_description:${AMENT_PREFIX_PATH} CMAKE_PREFIX_PATH=/home/ros/colcon_ws/src/install/open_manipulator_x_moveit_config:/home/ros/colcon_ws/src/install/open_manipulator_x_bringup:/home/ros/colcon_ws/src/install/open_manipulator_x_description:/opt/ros/humble /usr/bin/cmake --build /home/ros/colcon_ws/src/build/open_manipulator_x_teleop -- -j8 -l8
[22.371s] Invoking command in '/home/ros/colcon_ws/src/build/open_manipulator_x_teleop': AMENT_PREFIX_PATH=/home/ros/colcon_ws/src/install/open_manipulator_x_moveit_config:/home/ros/colcon_ws/src/install/open_manipulator_x_bringup:/home/ros/colcon_ws/src/install/open_manipulator_x_description:${AMENT_PREFIX_PATH} CMAKE_PREFIX_PATH=/home/ros/colcon_ws/src/install/open_manipulator_x_moveit_config:/home/ros/colcon_ws/src/install/open_manipulator_x_bringup:/home/ros/colcon_ws/src/install/open_manipulator_x_description:/opt/ros/humble /usr/bin/cmake --install /home/ros/colcon_ws/src/build/open_manipulator_x_teleop
[22.394s] -- Install configuration: ""
[22.398s] -- Installing: /home/ros/colcon_ws/src/install/open_manipulator_x_teleop/lib/open_manipulator_x_teleop/open_manipulator_x_teleop
[22.403s] -- Set runtime path of "/home/ros/colcon_ws/src/install/open_manipulator_x_teleop/lib/open_manipulator_x_teleop/open_manipulator_x_teleop" to ""
[22.405s] -- Installing: /home/ros/colcon_ws/src/install/open_manipulator_x_teleop/share/ament_index/resource_index/package_run_dependencies/open_manipulator_x_teleop
[22.406s] -- Installing: /home/ros/colcon_ws/src/install/open_manipulator_x_teleop/share/ament_index/resource_index/parent_prefix_path/open_manipulator_x_teleop
[22.406s] -- Installing: /home/ros/colcon_ws/src/install/open_manipulator_x_teleop/share/open_manipulator_x_teleop/environment/ament_prefix_path.sh
[22.406s] -- Installing: /home/ros/colcon_ws/src/install/open_manipulator_x_teleop/share/open_manipulator_x_teleop/environment/ament_prefix_path.dsv
[22.407s] -- Installing: /home/ros/colcon_ws/src/install/open_manipulator_x_teleop/share/open_manipulator_x_teleop/environment/path.sh
[22.407s] -- Installing: /home/ros/colcon_ws/src/install/open_manipulator_x_teleop/share/open_manipulator_x_teleop/environment/path.dsv
[22.410s] -- Installing: /home/ros/colcon_ws/src/install/open_manipulator_x_teleop/share/open_manipulator_x_teleop/local_setup.bash
[22.410s] -- Installing: /home/ros/colcon_ws/src/install/open_manipulator_x_teleop/share/open_manipulator_x_teleop/local_setup.sh
[22.410s] -- Installing: /home/ros/colcon_ws/src/install/open_manipulator_x_teleop/share/open_manipulator_x_teleop/local_setup.zsh
[22.411s] -- Installing: /home/ros/colcon_ws/src/install/open_manipulator_x_teleop/share/open_manipulator_x_teleop/local_setup.dsv
[22.411s] -- Installing: /home/ros/colcon_ws/src/install/open_manipulator_x_teleop/share/open_manipulator_x_teleop/package.dsv
[22.415s] -- Installing: /home/ros/colcon_ws/src/install/open_manipulator_x_teleop/share/ament_index/resource_index/packages/open_manipulator_x_teleop
[22.416s] -- Installing: /home/ros/colcon_ws/src/install/open_manipulator_x_teleop/share/open_manipulator_x_teleop/cmake/open_manipulator_x_teleopConfig.cmake
[22.417s] -- Installing: /home/ros/colcon_ws/src/install/open_manipulator_x_teleop/share/open_manipulator_x_teleop/cmake/open_manipulator_x_teleopConfig-version.cmake
[22.418s] -- Installing: /home/ros/colcon_ws/src/install/open_manipulator_x_teleop/share/open_manipulator_x_teleop/package.xml
[22.418s] Invoked command in '/home/ros/colcon_ws/src/build/open_manipulator_x_teleop' returned '0': AMENT_PREFIX_PATH=/home/ros/colcon_ws/src/install/open_manipulator_x_moveit_config:/home/ros/colcon_ws/src/install/open_manipulator_x_bringup:/home/ros/colcon_ws/src/install/open_manipulator_x_description:${AMENT_PREFIX_PATH} CMAKE_PREFIX_PATH=/home/ros/colcon_ws/src/install/open_manipulator_x_moveit_config:/home/ros/colcon_ws/src/install/open_manipulator_x_bringup:/home/ros/colcon_ws/src/install/open_manipulator_x_description:/opt/ros/humble /usr/bin/cmake --install /home/ros/colcon_ws/src/build/open_manipulator_x_teleop
