[0.060s] Invoking command in '/home/ros/colcon_ws/src/build/dynamixel_sdk_examples': AMENT_PREFIX_PATH=/home/ros/colcon_ws/src/install/dynamixel_sdk_custom_interfaces:/home/ros/colcon_ws/src/install/dynamixel_sdk:${AMENT_PREFIX_PATH} CMAKE_PREFIX_PATH=/home/ros/colcon_ws/src/install/dynamixel_sdk_custom_interfaces:/home/ros/colcon_ws/src/install/dynamixel_sdk:/opt/ros/humble LD_LIBRARY_PATH=/home/ros/colcon_ws/src/install/dynamixel_sdk_custom_interfaces/lib:/home/ros/colcon_ws/src/install/dynamixel_sdk/lib:${LD_LIBRARY_PATH} PYTHONPATH=/home/ros/colcon_ws/src/install/dynamixel_sdk_custom_interfaces/local/lib/python3.10/dist-packages:/home/ros/colcon_ws/src/install/dynamixel_sdk/local/lib/python3.10/dist-packages:${PYTHONPATH} /usr/bin/cmake /home/ros/colcon_ws/src/DynamixelSDK/ros/dynamixel_sdk_examples -DCMAKE_INSTALL_PREFIX=/home/ros/colcon_ws/src/install/dynamixel_sdk_examples
[0.244s] -- The C compiler identification is GNU 11.4.0
[0.428s] -- The CXX compiler identification is GNU 11.4.0
[0.466s] -- Detecting C compiler ABI info
[0.739s] -- Detecting C compiler ABI info - done
[0.772s] -- Check for working C compiler: /usr/bin/cc - skipped
[0.773s] -- Detecting C compile features
[0.773s] -- Detecting C compile features - done
[0.787s] -- Detecting CXX compiler ABI info
[1.094s] -- Detecting CXX compiler ABI info - done
[1.125s] -- Check for working CXX compiler: /usr/bin/c++ - skipped
[1.125s] -- Detecting CXX compile features
[1.125s] -- Detecting CXX compile features - done
[1.136s] -- Found ament_cmake: 1.3.13 (/opt/ros/humble/share/ament_cmake/cmake)
[1.779s] -- Found Python3: /usr/bin/python3 (found version "3.10.12") found components: Interpreter 
[2.199s] -- Found dynamixel_sdk: 4.0.3 (/home/ros/colcon_ws/src/install/dynamixel_sdk/share/dynamixel_sdk/cmake)
[2.210s] -- Found dynamixel_sdk_custom_interfaces: 4.0.3 (/home/ros/colcon_ws/src/install/dynamixel_sdk_custom_interfaces/share/dynamixel_sdk_custom_interfaces/cmake)
[2.317s] -- Found rosidl_generator_c: 3.1.8 (/opt/ros/humble/share/rosidl_generator_c/cmake)
[2.331s] -- Found rosidl_adapter: 3.1.8 (/opt/ros/humble/share/rosidl_adapter/cmake)
[2.355s] -- Found rosidl_generator_cpp: 3.1.8 (/opt/ros/humble/share/rosidl_generator_cpp/cmake)
[2.382s] -- Using all available rosidl_typesupport_c: rosidl_typesupport_fastrtps_c;rosidl_typesupport_introspection_c
[2.422s] -- Using all available rosidl_typesupport_cpp: rosidl_typesupport_fastrtps_cpp;rosidl_typesupport_introspection_cpp
[2.482s] -- Found rclcpp: 16.0.18 (/opt/ros/humble/share/rclcpp/cmake)
[2.580s] -- Found rmw_implementation_cmake: 6.1.2 (/opt/ros/humble/share/rmw_implementation_cmake/cmake)
[2.589s] -- Found rmw_fastrtps_cpp: 6.2.10 (/opt/ros/humble/share/rmw_fastrtps_cpp/cmake)
[2.786s] -- Found OpenSSL: /usr/lib/x86_64-linux-gnu/libcrypto.so (found version "3.0.2")  
[2.875s] -- Found FastRTPS: /opt/ros/humble/include  
[3.029s] -- Using RMW implementation 'rmw_fastrtps_cpp' as default
[3.053s] -- Looking for pthread.h
[3.309s] -- Looking for pthread.h - found
[3.309s] -- Performing Test CMAKE_HAVE_LIBC_PTHREAD
[3.580s] -- Performing Test CMAKE_HAVE_LIBC_PTHREAD - Success
[3.582s] -- Found Threads: TRUE  
[3.822s] -- Found rclpy: 3.3.20 (/opt/ros/humble/share/rclpy/cmake)
[3.833s] -- Found ament_lint_auto: 0.12.15 (/opt/ros/humble/share/ament_lint_auto/cmake)
[4.208s] -- Added test 'copyright' to check source files copyright and LICENSE
[4.213s] -- Added test 'cppcheck' to perform static code analysis on C / C++ code
[4.213s] -- Configured cppcheck include dirs: /home/ros/colcon_ws/src/DynamixelSDK/ros/dynamixel_sdk_examples/include
[4.213s] -- Configured cppcheck exclude dirs and/or files: 
[4.219s] -- Added test 'cpplint' to check C / C++ code against the Google style
[4.219s] -- Configured cpplint exclude dirs and/or files: 
[4.222s] -- Added test 'flake8' to check Python code syntax and style conventions
[4.223s] -- Added test 'lint_cmake' to check CMake code style
[4.229s] -- Added test 'pep257' to check Python code against some of the docstring style conventions in PEP 257
[4.229s] -- Added test 'uncrustify' to check C / C++ code style
[4.229s] -- Configured uncrustify additional arguments: 
[4.241s] -- Added test 'xmllint' to check XML markup files
[4.244s] -- Configuring done
[4.293s] -- Generating done
[4.310s] -- Build files have been written to: /home/ros/colcon_ws/src/build/dynamixel_sdk_examples
[4.331s] Invoked command in '/home/ros/colcon_ws/src/build/dynamixel_sdk_examples' returned '0': AMENT_PREFIX_PATH=/home/ros/colcon_ws/src/install/dynamixel_sdk_custom_interfaces:/home/ros/colcon_ws/src/install/dynamixel_sdk:${AMENT_PREFIX_PATH} CMAKE_PREFIX_PATH=/home/ros/colcon_ws/src/install/dynamixel_sdk_custom_interfaces:/home/ros/colcon_ws/src/install/dynamixel_sdk:/opt/ros/humble LD_LIBRARY_PATH=/home/ros/colcon_ws/src/install/dynamixel_sdk_custom_interfaces/lib:/home/ros/colcon_ws/src/install/dynamixel_sdk/lib:${LD_LIBRARY_PATH} PYTHONPATH=/home/ros/colcon_ws/src/install/dynamixel_sdk_custom_interfaces/local/lib/python3.10/dist-packages:/home/ros/colcon_ws/src/install/dynamixel_sdk/local/lib/python3.10/dist-packages:${PYTHONPATH} /usr/bin/cmake /home/ros/colcon_ws/src/DynamixelSDK/ros/dynamixel_sdk_examples -DCMAKE_INSTALL_PREFIX=/home/ros/colcon_ws/src/install/dynamixel_sdk_examples
[4.334s] Invoking command in '/home/ros/colcon_ws/src/build/dynamixel_sdk_examples': AMENT_PREFIX_PATH=/home/ros/colcon_ws/src/install/dynamixel_sdk_custom_interfaces:/home/ros/colcon_ws/src/install/dynamixel_sdk:${AMENT_PREFIX_PATH} CMAKE_PREFIX_PATH=/home/ros/colcon_ws/src/install/dynamixel_sdk_custom_interfaces:/home/ros/colcon_ws/src/install/dynamixel_sdk:/opt/ros/humble LD_LIBRARY_PATH=/home/ros/colcon_ws/src/install/dynamixel_sdk_custom_interfaces/lib:/home/ros/colcon_ws/src/install/dynamixel_sdk/lib:${LD_LIBRARY_PATH} PYTHONPATH=/home/ros/colcon_ws/src/install/dynamixel_sdk_custom_interfaces/local/lib/python3.10/dist-packages:/home/ros/colcon_ws/src/install/dynamixel_sdk/local/lib/python3.10/dist-packages:${PYTHONPATH} /usr/bin/cmake --build /home/ros/colcon_ws/src/build/dynamixel_sdk_examples -- -j8 -l8
[4.518s] [ 50%] [32mBuilding CXX object CMakeFiles/read_write_node.dir/src/read_write_node.cpp.o[0m
[24.968s] [100%] [32m[1mLinking CXX executable read_write_node[0m
[25.560s] [100%] Built target read_write_node
[25.572s] Invoked command in '/home/ros/colcon_ws/src/build/dynamixel_sdk_examples' returned '0': AMENT_PREFIX_PATH=/home/ros/colcon_ws/src/install/dynamixel_sdk_custom_interfaces:/home/ros/colcon_ws/src/install/dynamixel_sdk:${AMENT_PREFIX_PATH} CMAKE_PREFIX_PATH=/home/ros/colcon_ws/src/install/dynamixel_sdk_custom_interfaces:/home/ros/colcon_ws/src/install/dynamixel_sdk:/opt/ros/humble LD_LIBRARY_PATH=/home/ros/colcon_ws/src/install/dynamixel_sdk_custom_interfaces/lib:/home/ros/colcon_ws/src/install/dynamixel_sdk/lib:${LD_LIBRARY_PATH} PYTHONPATH=/home/ros/colcon_ws/src/install/dynamixel_sdk_custom_interfaces/local/lib/python3.10/dist-packages:/home/ros/colcon_ws/src/install/dynamixel_sdk/local/lib/python3.10/dist-packages:${PYTHONPATH} /usr/bin/cmake --build /home/ros/colcon_ws/src/build/dynamixel_sdk_examples -- -j8 -l8
[25.574s] Invoking command in '/home/ros/colcon_ws/src/build/dynamixel_sdk_examples': AMENT_PREFIX_PATH=/home/ros/colcon_ws/src/install/dynamixel_sdk_custom_interfaces:/home/ros/colcon_ws/src/install/dynamixel_sdk:${AMENT_PREFIX_PATH} CMAKE_PREFIX_PATH=/home/ros/colcon_ws/src/install/dynamixel_sdk_custom_interfaces:/home/ros/colcon_ws/src/install/dynamixel_sdk:/opt/ros/humble LD_LIBRARY_PATH=/home/ros/colcon_ws/src/install/dynamixel_sdk_custom_interfaces/lib:/home/ros/colcon_ws/src/install/dynamixel_sdk/lib:${LD_LIBRARY_PATH} PYTHONPATH=/home/ros/colcon_ws/src/install/dynamixel_sdk_custom_interfaces/local/lib/python3.10/dist-packages:/home/ros/colcon_ws/src/install/dynamixel_sdk/local/lib/python3.10/dist-packages:${PYTHONPATH} /usr/bin/cmake --install /home/ros/colcon_ws/src/build/dynamixel_sdk_examples
[25.582s] -- Install configuration: ""
[25.582s] -- Installing: /home/ros/colcon_ws/src/install/dynamixel_sdk_examples/lib/dynamixel_sdk_examples/read_write_node
[25.586s] -- Set runtime path of "/home/ros/colcon_ws/src/install/dynamixel_sdk_examples/lib/dynamixel_sdk_examples/read_write_node" to ""
[25.586s] -- Installing: /home/ros/colcon_ws/src/install/dynamixel_sdk_examples/lib/dynamixel_sdk_examples/read_write_node.py
[25.586s] -- Installing: /home/ros/colcon_ws/src/install/dynamixel_sdk_examples/share/ament_index/resource_index/package_run_dependencies/dynamixel_sdk_examples
[25.586s] -- Installing: /home/ros/colcon_ws/src/install/dynamixel_sdk_examples/share/ament_index/resource_index/parent_prefix_path/dynamixel_sdk_examples
[25.587s] -- Installing: /home/ros/colcon_ws/src/install/dynamixel_sdk_examples/share/dynamixel_sdk_examples/environment/ament_prefix_path.sh
[25.587s] -- Installing: /home/ros/colcon_ws/src/install/dynamixel_sdk_examples/share/dynamixel_sdk_examples/environment/ament_prefix_path.dsv
[25.587s] -- Installing: /home/ros/colcon_ws/src/install/dynamixel_sdk_examples/share/dynamixel_sdk_examples/environment/path.sh
[25.587s] -- Installing: /home/ros/colcon_ws/src/install/dynamixel_sdk_examples/share/dynamixel_sdk_examples/environment/path.dsv
[25.587s] -- Installing: /home/ros/colcon_ws/src/install/dynamixel_sdk_examples/share/dynamixel_sdk_examples/local_setup.bash
[25.587s] -- Installing: /home/ros/colcon_ws/src/install/dynamixel_sdk_examples/share/dynamixel_sdk_examples/local_setup.sh
[25.588s] -- Installing: /home/ros/colcon_ws/src/install/dynamixel_sdk_examples/share/dynamixel_sdk_examples/local_setup.zsh
[25.588s] -- Installing: /home/ros/colcon_ws/src/install/dynamixel_sdk_examples/share/dynamixel_sdk_examples/local_setup.dsv
[25.588s] -- Installing: /home/ros/colcon_ws/src/install/dynamixel_sdk_examples/share/dynamixel_sdk_examples/package.dsv
[25.588s] -- Installing: /home/ros/colcon_ws/src/install/dynamixel_sdk_examples/share/ament_index/resource_index/packages/dynamixel_sdk_examples
[25.588s] -- Installing: /home/ros/colcon_ws/src/install/dynamixel_sdk_examples/share/dynamixel_sdk_examples/cmake/dynamixel_sdk_examplesConfig.cmake
[25.589s] -- Installing: /home/ros/colcon_ws/src/install/dynamixel_sdk_examples/share/dynamixel_sdk_examples/cmake/dynamixel_sdk_examplesConfig-version.cmake
[25.589s] -- Installing: /home/ros/colcon_ws/src/install/dynamixel_sdk_examples/share/dynamixel_sdk_examples/package.xml
[25.592s] Invoked command in '/home/ros/colcon_ws/src/build/dynamixel_sdk_examples' returned '0': AMENT_PREFIX_PATH=/home/ros/colcon_ws/src/install/dynamixel_sdk_custom_interfaces:/home/ros/colcon_ws/src/install/dynamixel_sdk:${AMENT_PREFIX_PATH} CMAKE_PREFIX_PATH=/home/ros/colcon_ws/src/install/dynamixel_sdk_custom_interfaces:/home/ros/colcon_ws/src/install/dynamixel_sdk:/opt/ros/humble LD_LIBRARY_PATH=/home/ros/colcon_ws/src/install/dynamixel_sdk_custom_interfaces/lib:/home/ros/colcon_ws/src/install/dynamixel_sdk/lib:${LD_LIBRARY_PATH} PYTHONPATH=/home/ros/colcon_ws/src/install/dynamixel_sdk_custom_interfaces/local/lib/python3.10/dist-packages:/home/ros/colcon_ws/src/install/dynamixel_sdk/local/lib/python3.10/dist-packages:${PYTHONPATH} /usr/bin/cmake --install /home/ros/colcon_ws/src/build/dynamixel_sdk_examples
