[0.025s] Invoking command in '/home/hoan/colcon_ws/build/open_manipulator_x_playground': CMAKE_PREFIX_PATH=${CMAKE_PREFIX_PATH}:/home/hoan/ros2_ws/install/camera_onnx_processor:/home/hoan/colcon_ws/install/dynamixel_sdk_custom_interfaces:/home/hoan/colcon_ws/install/dynamixel_sdk:/home/hoan/colcon_ws/install/dynamixel_interfaces:/opt/ros/humble /usr/bin/cmake /home/hoan/colcon_ws/src/open_manipulator/open_manipulator_x_playground -DCMAKE_INSTALL_PREFIX=/home/hoan/colcon_ws/install/open_manipulator_x_playground
[0.160s] -- The C compiler identification is GNU 11.4.0
[0.283s] -- The CXX compiler identification is GNU 11.4.0
[0.292s] -- Detecting C compiler ABI info
[0.393s] -- Detecting C compiler ABI info - done
[0.405s] -- Check for working C compiler: /usr/bin/cc - skipped
[0.406s] -- Detecting C compile features
[0.408s] -- Detecting C compile features - done
[0.410s] -- Detecting CXX compiler ABI info
[0.519s] -- Detecting CXX compiler ABI info - done
[0.526s] -- Check for working CXX compiler: /usr/bin/c++ - skipped
[0.527s] -- Detecting CXX compile features
[0.528s] -- Detecting CXX compile features - done
[0.541s] -- Found ament_cmake: 1.3.12 (/opt/ros/humble/share/ament_cmake/cmake)
[0.784s] -- Found Python3: /usr/bin/python3 (found version "3.10.12") found components: Interpreter 
[0.956s] -- Found rclcpp: 16.0.16 (/opt/ros/humble/share/rclcpp/cmake)
[1.031s] -- Found rosidl_generator_c: 3.1.7 (/opt/ros/humble/share/rosidl_generator_c/cmake)
[1.045s] -- Found rosidl_adapter: 3.1.7 (/opt/ros/humble/share/rosidl_adapter/cmake)
[1.054s] -- Found rosidl_generator_cpp: 3.1.7 (/opt/ros/humble/share/rosidl_generator_cpp/cmake)
[1.077s] -- Using all available rosidl_typesupport_c: rosidl_typesupport_fastrtps_c;rosidl_typesupport_introspection_c
[1.100s] -- Using all available rosidl_typesupport_cpp: rosidl_typesupport_fastrtps_cpp;rosidl_typesupport_introspection_cpp
[1.189s] -- Found rmw_implementation_cmake: 6.1.2 (/opt/ros/humble/share/rmw_implementation_cmake/cmake)
[1.189s] -- Found rmw_fastrtps_cpp: 6.2.9 (/opt/ros/humble/share/rmw_fastrtps_cpp/cmake)
[1.412s] -- Found OpenSSL: /usr/lib/x86_64-linux-gnu/libcrypto.so (found version "3.0.2")  
[1.517s] -- Found FastRTPS: /opt/ros/humble/include  
[1.661s] -- Using RMW implementation 'rmw_fastrtps_cpp' as default
[1.728s] -- Looking for pthread.h
[2.009s] -- Looking for pthread.h - found
[2.009s] -- Performing Test CMAKE_HAVE_LIBC_PTHREAD
[2.303s] -- Performing Test CMAKE_HAVE_LIBC_PTHREAD - Success
[2.310s] -- Found Threads: TRUE  
[2.569s] -- Found moveit_ros_planning_interface: 2.5.9 (/opt/ros/humble/share/moveit_ros_planning_interface/cmake)
[2.698s] -- Found Boost: /usr/lib/x86_64-linux-gnu/cmake/Boost-1.74.0/BoostConfig.cmake (found version "1.74.0") found components: date_time filesystem program_options system thread 
[3.443s] -- Found Boost: /usr/lib/x86_64-linux-gnu/cmake/Boost-1.74.0/BoostConfig.cmake (found version "1.74.0") found components: chrono date_time filesystem iostreams program_options regex serialization system thread 
[3.613s] -- Found parameter_traits: 0.6.0 (/opt/ros/humble/share/parameter_traits/cmake)
[3.651s] -- Found rclcpp_lifecycle: 16.0.16 (/opt/ros/humble/share/rclcpp_lifecycle/cmake)
[3.763s] -- Found Boost: /usr/lib/x86_64-linux-gnu/cmake/Boost-1.74.0/BoostConfig.cmake (found version "1.74.0") found components: filesystem 
[4.115s] -- library: /usr/lib/x86_64-linux-gnu/libcurl.so
[4.267s] -- Found Eigen3: TRUE (found version "3.4.0") 
[4.267s] -- Ensuring Eigen3 include directory is part of orocos-kdl CMake target
[4.645s] -- Found Boost: /usr/lib/x86_64-linux-gnu/cmake/Boost-1.74.0/BoostConfig.cmake (found version "1.74.0") found components: system filesystem date_time program_options thread chrono 
[4.717s] -- Found Boost: /usr/lib/x86_64-linux-gnu/cmake/Boost-1.74.0/BoostConfig.cmake (found version "1.74.0") found components: thread system filesystem regex date_time program_options 
[4.779s] -- Found Boost: /usr/lib/x86_64-linux-gnu/cmake/Boost-1.74.0/BoostConfig.cmake (found version "1.74.0") found components: system filesystem date_time program_options thread 
[5.036s] -- Configuring done
[5.167s] -- Generating done
[5.202s] -- Build files have been written to: /home/hoan/colcon_ws/build/open_manipulator_x_playground
[5.255s] Invoked command in '/home/hoan/colcon_ws/build/open_manipulator_x_playground' returned '0': CMAKE_PREFIX_PATH=${CMAKE_PREFIX_PATH}:/home/hoan/ros2_ws/install/camera_onnx_processor:/home/hoan/colcon_ws/install/dynamixel_sdk_custom_interfaces:/home/hoan/colcon_ws/install/dynamixel_sdk:/home/hoan/colcon_ws/install/dynamixel_interfaces:/opt/ros/humble /usr/bin/cmake /home/hoan/colcon_ws/src/open_manipulator/open_manipulator_x_playground -DCMAKE_INSTALL_PREFIX=/home/hoan/colcon_ws/install/open_manipulator_x_playground
[5.256s] Invoking command in '/home/hoan/colcon_ws/build/open_manipulator_x_playground': CMAKE_PREFIX_PATH=${CMAKE_PREFIX_PATH}:/home/hoan/ros2_ws/install/camera_onnx_processor:/home/hoan/colcon_ws/install/dynamixel_sdk_custom_interfaces:/home/hoan/colcon_ws/install/dynamixel_sdk:/home/hoan/colcon_ws/install/dynamixel_interfaces:/opt/ros/humble /usr/bin/cmake --build /home/hoan/colcon_ws/build/open_manipulator_x_playground -- -j8 -l8
[5.446s] [ 25%] [32mBuilding CXX object CMakeFiles/main.dir/src/main.cpp.o[0m
[5.446s] [ 50%] [32mBuilding CXX object CMakeFiles/hello_moveit.dir/src/hello_moveit.cpp.o[0m
[170.607s] [ 75%] [32m[1mLinking CXX executable hello_moveit[0m
[172.505s] [ 75%] Built target hello_moveit
[174.271s] [100%] [32m[1mLinking CXX executable main[0m
[175.503s] [100%] Built target main
[175.554s] Invoked command in '/home/hoan/colcon_ws/build/open_manipulator_x_playground' returned '0': CMAKE_PREFIX_PATH=${CMAKE_PREFIX_PATH}:/home/hoan/ros2_ws/install/camera_onnx_processor:/home/hoan/colcon_ws/install/dynamixel_sdk_custom_interfaces:/home/hoan/colcon_ws/install/dynamixel_sdk:/home/hoan/colcon_ws/install/dynamixel_interfaces:/opt/ros/humble /usr/bin/cmake --build /home/hoan/colcon_ws/build/open_manipulator_x_playground -- -j8 -l8
[175.561s] Invoking command in '/home/hoan/colcon_ws/build/open_manipulator_x_playground': CMAKE_PREFIX_PATH=${CMAKE_PREFIX_PATH}:/home/hoan/ros2_ws/install/camera_onnx_processor:/home/hoan/colcon_ws/install/dynamixel_sdk_custom_interfaces:/home/hoan/colcon_ws/install/dynamixel_sdk:/home/hoan/colcon_ws/install/dynamixel_interfaces:/opt/ros/humble /usr/bin/cmake --install /home/hoan/colcon_ws/build/open_manipulator_x_playground
[175.596s] -- Install configuration: ""
[175.596s] -- Installing: /home/hoan/colcon_ws/install/open_manipulator_x_playground/lib/open_manipulator_x_playground/hello_moveit
[175.597s] -- Set runtime path of "/home/hoan/colcon_ws/install/open_manipulator_x_playground/lib/open_manipulator_x_playground/hello_moveit" to ""
[175.597s] -- Installing: /home/hoan/colcon_ws/install/open_manipulator_x_playground/lib/open_manipulator_x_playground/main
[175.600s] -- Set runtime path of "/home/hoan/colcon_ws/install/open_manipulator_x_playground/lib/open_manipulator_x_playground/main" to ""
[175.605s] -- Installing: /home/hoan/colcon_ws/install/open_manipulator_x_playground/share/ament_index/resource_index/package_run_dependencies/open_manipulator_x_playground
[175.606s] -- Installing: /home/hoan/colcon_ws/install/open_manipulator_x_playground/share/ament_index/resource_index/parent_prefix_path/open_manipulator_x_playground
[175.607s] -- Installing: /home/hoan/colcon_ws/install/open_manipulator_x_playground/share/open_manipulator_x_playground/environment/ament_prefix_path.sh
[175.613s] -- Installing: /home/hoan/colcon_ws/install/open_manipulator_x_playground/share/open_manipulator_x_playground/environment/ament_prefix_path.dsv
[175.613s] -- Installing: /home/hoan/colcon_ws/install/open_manipulator_x_playground/share/open_manipulator_x_playground/environment/path.sh
[175.613s] -- Installing: /home/hoan/colcon_ws/install/open_manipulator_x_playground/share/open_manipulator_x_playground/environment/path.dsv
[175.614s] -- Installing: /home/hoan/colcon_ws/install/open_manipulator_x_playground/share/open_manipulator_x_playground/local_setup.bash
[175.614s] -- Installing: /home/hoan/colcon_ws/install/open_manipulator_x_playground/share/open_manipulator_x_playground/local_setup.sh
[175.615s] -- Installing: /home/hoan/colcon_ws/install/open_manipulator_x_playground/share/open_manipulator_x_playground/local_setup.zsh
[175.622s] -- Installing: /home/hoan/colcon_ws/install/open_manipulator_x_playground/share/open_manipulator_x_playground/local_setup.dsv
[175.622s] -- Installing: /home/hoan/colcon_ws/install/open_manipulator_x_playground/share/open_manipulator_x_playground/package.dsv
[175.622s] -- Installing: /home/hoan/colcon_ws/install/open_manipulator_x_playground/share/ament_index/resource_index/packages/open_manipulator_x_playground
[175.623s] -- Installing: /home/hoan/colcon_ws/install/open_manipulator_x_playground/share/open_manipulator_x_playground/cmake/open_manipulator_x_playgroundConfig.cmake
[175.624s] -- Installing: /home/hoan/colcon_ws/install/open_manipulator_x_playground/share/open_manipulator_x_playground/cmake/open_manipulator_x_playgroundConfig-version.cmake
[175.631s] -- Installing: /home/hoan/colcon_ws/install/open_manipulator_x_playground/share/open_manipulator_x_playground/package.xml
[175.636s] Invoked command in '/home/hoan/colcon_ws/build/open_manipulator_x_playground' returned '0': CMAKE_PREFIX_PATH=${CMAKE_PREFIX_PATH}:/home/hoan/ros2_ws/install/camera_onnx_processor:/home/hoan/colcon_ws/install/dynamixel_sdk_custom_interfaces:/home/hoan/colcon_ws/install/dynamixel_sdk:/home/hoan/colcon_ws/install/dynamixel_interfaces:/opt/ros/humble /usr/bin/cmake --install /home/hoan/colcon_ws/build/open_manipulator_x_playground
