[0.029s] Invoking command in '/home/hoan/colcon_ws/build/dynamixel_sdk': CMAKE_PREFIX_PATH=${CMAKE_PREFIX_PATH}:/home/hoan/ros2_ws/install/camera_onnx_processor:/home/hoan/colcon_ws/install/dynamixel_sdk_custom_interfaces:/home/hoan/colcon_ws/install/dynamixel_sdk:/home/hoan/colcon_ws/install/dynamixel_interfaces:/opt/ros/humble /usr/bin/cmake /home/hoan/colcon_ws/src/DynamixelSDK/ros/dynamixel_sdk -DCMAKE_INSTALL_PREFIX=/home/hoan/colcon_ws/install/dynamixel_sdk
[0.187s] -- The C compiler identification is GNU 11.4.0
[0.298s] -- The CXX compiler identification is GNU 11.4.0
[0.307s] -- Detecting C compiler ABI info
[0.401s] -- Detecting C compiler ABI info - done
[0.414s] -- Check for working C compiler: /usr/bin/cc - skipped
[0.415s] -- Detecting C compile features
[0.415s] -- Detecting C compile features - done
[0.421s] -- Detecting CXX compiler ABI info
[0.538s] -- Detecting CXX compiler ABI info - done
[0.551s] -- Check for working CXX compiler: /usr/bin/c++ - skipped
[0.551s] -- Detecting CXX compile features
[0.552s] -- Detecting CXX compile features - done
[0.559s] -- Found ament_cmake: 1.3.12 (/opt/ros/humble/share/ament_cmake/cmake)
[0.804s] -- Found Python3: /usr/bin/python3 (found version "3.10.12") found components: Interpreter 
[1.265s] -- Configuring done
[1.280s] -- Generating done
[1.283s] -- Build files have been written to: /home/hoan/colcon_ws/build/dynamixel_sdk
[1.294s] Invoked command in '/home/hoan/colcon_ws/build/dynamixel_sdk' returned '0': CMAKE_PREFIX_PATH=${CMAKE_PREFIX_PATH}:/home/hoan/ros2_ws/install/camera_onnx_processor:/home/hoan/colcon_ws/install/dynamixel_sdk_custom_interfaces:/home/hoan/colcon_ws/install/dynamixel_sdk:/home/hoan/colcon_ws/install/dynamixel_interfaces:/opt/ros/humble /usr/bin/cmake /home/hoan/colcon_ws/src/DynamixelSDK/ros/dynamixel_sdk -DCMAKE_INSTALL_PREFIX=/home/hoan/colcon_ws/install/dynamixel_sdk
[1.295s] Invoking command in '/home/hoan/colcon_ws/build/dynamixel_sdk': CMAKE_PREFIX_PATH=${CMAKE_PREFIX_PATH}:/home/hoan/ros2_ws/install/camera_onnx_processor:/home/hoan/colcon_ws/install/dynamixel_sdk_custom_interfaces:/home/hoan/colcon_ws/install/dynamixel_sdk:/home/hoan/colcon_ws/install/dynamixel_interfaces:/opt/ros/humble /usr/bin/cmake --build /home/hoan/colcon_ws/build/dynamixel_sdk -- -j8 -l8
[3.248s] [  5%] [32mBuilding CXX object CMakeFiles/dynamixel_sdk.dir/src/dynamixel_sdk/packet_handler.cpp.o[0m
[3.249s] [ 11%] [32mBuilding CXX object CMakeFiles/dynamixel_sdk.dir/src/dynamixel_sdk/protocol2_packet_handler.cpp.o[0m
[3.249s] [ 16%] [32mBuilding CXX object CMakeFiles/dynamixel_sdk.dir/src/dynamixel_sdk/protocol1_packet_handler.cpp.o[0m
[3.249s] [ 22%] [32mBuilding CXX object CMakeFiles/dynamixel_sdk.dir/src/dynamixel_sdk/group_sync_read.cpp.o[0m
[3.249s] [ 27%] [32mBuilding CXX object CMakeFiles/dynamixel_sdk.dir/src/dynamixel_sdk/group_bulk_read.cpp.o[0m
[3.249s] [ 33%] [32mBuilding CXX object CMakeFiles/dynamixel_sdk.dir/src/dynamixel_sdk/group_sync_write.cpp.o[0m
[3.249s] [ 33%] Built target ament_cmake_python_copy_dynamixel_easy_sdk
[3.249s] [ 33%] Built target ament_cmake_python_copy_dynamixel_sdk
[3.249s] [ 38%] [32mBuilding CXX object CMakeFiles/dynamixel_sdk.dir/src/dynamixel_sdk/group_bulk_write.cpp.o[0m
[3.250s] [ 44%] [32mBuilding CXX object CMakeFiles/dynamixel_sdk.dir/src/dynamixel_sdk/group_fast_bulk_read.cpp.o[0m
[3.250s] [ 50%] [32mBuilding CXX object CMakeFiles/dynamixel_sdk.dir/src/dynamixel_sdk/group_fast_sync_read.cpp.o[0m
[3.250s] [ 55%] [32mBuilding CXX object CMakeFiles/dynamixel_sdk.dir/src/dynamixel_sdk/group_handler.cpp.o[0m
[3.250s] running egg_info
[3.250s] creating dynamixel_easy_sdk.egg-info
[3.250s] writing dynamixel_easy_sdk.egg-info/PKG-INFO
[3.253s] writing dependency_links to dynamixel_easy_sdk.egg-info/dependency_links.txt
[3.254s] writing top-level names to dynamixel_easy_sdk.egg-info/top_level.txt
[3.254s] writing manifest file 'dynamixel_easy_sdk.egg-info/SOURCES.txt'
[3.254s] reading manifest file 'dynamixel_easy_sdk.egg-info/SOURCES.txt'
[3.254s] writing manifest file 'dynamixel_easy_sdk.egg-info/SOURCES.txt'
[3.254s] [ 55%] Built target ament_cmake_python_build_dynamixel_easy_sdk_egg
[3.254s] [ 61%] [32mBuilding CXX object CMakeFiles/dynamixel_sdk.dir/src/dynamixel_sdk/port_handler.cpp.o[0m
[3.254s] [ 66%] [32mBuilding CXX object CMakeFiles/dynamixel_sdk.dir/src/dynamixel_easy_sdk/connector.cpp.o[0m
[3.255s] [ 72%] [32mBuilding CXX object CMakeFiles/dynamixel_sdk.dir/src/dynamixel_easy_sdk/control_table.cpp.o[0m
[3.255s] [ 77%] [32mBuilding CXX object CMakeFiles/dynamixel_sdk.dir/src/dynamixel_easy_sdk/dynamixel_error.cpp.o[0m
[3.255s] [ 83%] [32mBuilding CXX object CMakeFiles/dynamixel_sdk.dir/src/dynamixel_easy_sdk/group_executor.cpp.o[0m
[3.255s] [ 88%] [32mBuilding CXX object CMakeFiles/dynamixel_sdk.dir/src/dynamixel_easy_sdk/motor.cpp.o[0m
[3.255s] [ 94%] [32mBuilding CXX object CMakeFiles/dynamixel_sdk.dir/src/dynamixel_sdk/port_handler_linux.cpp.o[0m
[3.255s] running egg_info
[3.255s] creating dynamixel_sdk.egg-info
[3.255s] writing dynamixel_sdk.egg-info/PKG-INFO
[3.255s] writing dependency_links to dynamixel_sdk.egg-info/dependency_links.txt
[3.256s] writing top-level names to dynamixel_sdk.egg-info/top_level.txt
[3.256s] writing manifest file 'dynamixel_sdk.egg-info/SOURCES.txt'
[3.256s] reading manifest file 'dynamixel_sdk.egg-info/SOURCES.txt'
[3.256s] writing manifest file 'dynamixel_sdk.egg-info/SOURCES.txt'
[3.374s] [ 94%] Built target ament_cmake_python_build_dynamixel_sdk_egg
[5.375s] [100%] [32m[1mLinking CXX shared library libdynamixel_sdk.so[0m
[5.698s] [100%] Built target dynamixel_sdk
[5.726s] Invoked command in '/home/hoan/colcon_ws/build/dynamixel_sdk' returned '0': CMAKE_PREFIX_PATH=${CMAKE_PREFIX_PATH}:/home/hoan/ros2_ws/install/camera_onnx_processor:/home/hoan/colcon_ws/install/dynamixel_sdk_custom_interfaces:/home/hoan/colcon_ws/install/dynamixel_sdk:/home/hoan/colcon_ws/install/dynamixel_interfaces:/opt/ros/humble /usr/bin/cmake --build /home/hoan/colcon_ws/build/dynamixel_sdk -- -j8 -l8
[5.726s] Invoking command in '/home/hoan/colcon_ws/build/dynamixel_sdk': CMAKE_PREFIX_PATH=${CMAKE_PREFIX_PATH}:/home/hoan/ros2_ws/install/camera_onnx_processor:/home/hoan/colcon_ws/install/dynamixel_sdk_custom_interfaces:/home/hoan/colcon_ws/install/dynamixel_sdk:/home/hoan/colcon_ws/install/dynamixel_interfaces:/opt/ros/humble /usr/bin/cmake --install /home/hoan/colcon_ws/build/dynamixel_sdk
[5.746s] -- Install configuration: ""
[5.746s] -- Installing: /home/hoan/colcon_ws/install/dynamixel_sdk/include/
[5.746s] -- Installing: /home/hoan/colcon_ws/install/dynamixel_sdk/include//dynamixel_sdk
[5.746s] -- Installing: /home/hoan/colcon_ws/install/dynamixel_sdk/include//dynamixel_sdk/port_handler_windows.h
[5.747s] -- Installing: /home/hoan/colcon_ws/install/dynamixel_sdk/include//dynamixel_sdk/group_fast_sync_read.h
[5.751s] -- Installing: /home/hoan/colcon_ws/install/dynamixel_sdk/include//dynamixel_sdk/group_sync_read.h
[5.751s] -- Installing: /home/hoan/colcon_ws/install/dynamixel_sdk/include//dynamixel_sdk/group_sync_write.h
[5.751s] -- Installing: /home/hoan/colcon_ws/install/dynamixel_sdk/include//dynamixel_sdk/group_handler.h
[5.751s] -- Installing: /home/hoan/colcon_ws/install/dynamixel_sdk/include//dynamixel_sdk/packet_handler.h
[5.754s] -- Installing: /home/hoan/colcon_ws/install/dynamixel_sdk/include//dynamixel_sdk/group_bulk_read.h
[5.755s] -- Installing: /home/hoan/colcon_ws/install/dynamixel_sdk/include//dynamixel_sdk/port_handler_arduino.h
[5.755s] -- Installing: /home/hoan/colcon_ws/install/dynamixel_sdk/include//dynamixel_sdk/protocol2_packet_handler.h
[5.755s] -- Installing: /home/hoan/colcon_ws/install/dynamixel_sdk/include//dynamixel_sdk/port_handler_linux.h
[5.755s] -- Installing: /home/hoan/colcon_ws/install/dynamixel_sdk/include//dynamixel_sdk/port_handler.h
[5.755s] -- Installing: /home/hoan/colcon_ws/install/dynamixel_sdk/include//dynamixel_sdk/group_bulk_write.h
[5.755s] -- Installing: /home/hoan/colcon_ws/install/dynamixel_sdk/include//dynamixel_sdk/port_handler_mac.h
[5.755s] -- Installing: /home/hoan/colcon_ws/install/dynamixel_sdk/include//dynamixel_sdk/group_fast_bulk_read.h
[5.755s] -- Installing: /home/hoan/colcon_ws/install/dynamixel_sdk/include//dynamixel_sdk/protocol1_packet_handler.h
[5.755s] -- Installing: /home/hoan/colcon_ws/install/dynamixel_sdk/include//dynamixel_sdk/dynamixel_sdk.h
[5.755s] -- Installing: /home/hoan/colcon_ws/install/dynamixel_sdk/include//dynamixel_easy_sdk
[5.756s] -- Installing: /home/hoan/colcon_ws/install/dynamixel_sdk/include//dynamixel_easy_sdk/data_types.hpp
[5.756s] -- Installing: /home/hoan/colcon_ws/install/dynamixel_sdk/include//dynamixel_easy_sdk/motor.hpp
[5.756s] -- Installing: /home/hoan/colcon_ws/install/dynamixel_sdk/include//dynamixel_easy_sdk/connector.hpp
[5.756s] -- Installing: /home/hoan/colcon_ws/install/dynamixel_sdk/include//dynamixel_easy_sdk/control_table.hpp
[5.761s] -- Installing: /home/hoan/colcon_ws/install/dynamixel_sdk/include//dynamixel_easy_sdk/dynamixel_easy_sdk.hpp
[5.762s] -- Installing: /home/hoan/colcon_ws/install/dynamixel_sdk/include//dynamixel_easy_sdk/dynamixel_error.hpp
[5.762s] -- Installing: /home/hoan/colcon_ws/install/dynamixel_sdk/include//dynamixel_easy_sdk/group_executor.hpp
[5.762s] -- Installing: /home/hoan/colcon_ws/install/dynamixel_sdk/lib/libdynamixel_sdk.so
[5.762s] -- Installing: /home/hoan/colcon_ws/install/dynamixel_sdk/share/dynamixel_sdk/control_table
[5.763s] -- Installing: /home/hoan/colcon_ws/install/dynamixel_sdk/share/dynamixel_sdk/control_table/mx_28.model
[5.763s] -- Installing: /home/hoan/colcon_ws/install/dynamixel_sdk/share/dynamixel_sdk/control_table/xl330_m288.model
[5.763s] -- Installing: /home/hoan/colcon_ws/install/dynamixel_sdk/share/dynamixel_sdk/control_table/xl330_m077.model
[5.763s] -- Installing: /home/hoan/colcon_ws/install/dynamixel_sdk/share/dynamixel_sdk/control_table/2xl430_w250.model
[5.764s] -- Installing: /home/hoan/colcon_ws/install/dynamixel_sdk/share/dynamixel_sdk/control_table/ym070_210_a051.model
[5.764s] -- Installing: /home/hoan/colcon_ws/install/dynamixel_sdk/share/dynamixel_sdk/control_table/dynamixel.model
[5.764s] -- Installing: /home/hoan/colcon_ws/install/dynamixel_sdk/share/dynamixel_sdk/control_table/xh540_w270.model
[5.764s] -- Installing: /home/hoan/colcon_ws/install/dynamixel_sdk/share/dynamixel_sdk/control_table/mx_64.model
[5.765s] -- Installing: /home/hoan/colcon_ws/install/dynamixel_sdk/share/dynamixel_sdk/control_table/xl430_w250.model
[5.766s] -- Installing: /home/hoan/colcon_ws/install/dynamixel_sdk/share/dynamixel_sdk/control_table/xc330_t288_fw52.model
[5.766s] -- Installing: /home/hoan/colcon_ws/install/dynamixel_sdk/share/dynamixel_sdk/control_table/xc330_m288.model
[5.766s] -- Installing: /home/hoan/colcon_ws/install/dynamixel_sdk/share/dynamixel_sdk/control_table/ym080_230_r051.model
[5.766s] -- Installing: /home/hoan/colcon_ws/install/dynamixel_sdk/share/dynamixel_sdk/control_table/xl330_m077_fw52.model
[5.766s] -- Installing: /home/hoan/colcon_ws/install/dynamixel_sdk/share/dynamixel_sdk/control_table/xd430_t210.model
[5.766s] -- Installing: /home/hoan/colcon_ws/install/dynamixel_sdk/share/dynamixel_sdk/control_table/xw430_t200.model
[5.766s] -- Installing: /home/hoan/colcon_ws/install/dynamixel_sdk/share/dynamixel_sdk/control_table/rh_p12_rn.model
[5.766s] -- Installing: /home/hoan/colcon_ws/install/dynamixel_sdk/share/dynamixel_sdk/control_table/xc330_t288.model
[5.767s] -- Installing: /home/hoan/colcon_ws/install/dynamixel_sdk/share/dynamixel_sdk/control_table/xd540_t150.model
[5.767s] -- Installing: /home/hoan/colcon_ws/install/dynamixel_sdk/share/dynamixel_sdk/control_table/xm540_w270.model
[5.767s] -- Installing: /home/hoan/colcon_ws/install/dynamixel_sdk/share/dynamixel_sdk/control_table/xh540_v150.model
[5.767s] -- Installing: /home/hoan/colcon_ws/install/dynamixel_sdk/share/dynamixel_sdk/control_table/ph54_100_s500.model
[5.767s] -- Installing: /home/hoan/colcon_ws/install/dynamixel_sdk/share/dynamixel_sdk/control_table/pm54_040_s250.model
[5.774s] -- Installing: /home/hoan/colcon_ws/install/dynamixel_sdk/share/dynamixel_sdk/control_table/xc430_w150.model
[5.774s] -- Installing: /home/hoan/colcon_ws/install/dynamixel_sdk/share/dynamixel_sdk/control_table/xd430_t350.model
[5.774s] -- Installing: /home/hoan/colcon_ws/install/dynamixel_sdk/share/dynamixel_sdk/control_table/xd540_t270.model
[5.774s] -- Installing: /home/hoan/colcon_ws/install/dynamixel_sdk/share/dynamixel_sdk/control_table/xm430_w350.model
[5.774s] -- Installing: /home/hoan/colcon_ws/install/dynamixel_sdk/share/dynamixel_sdk/control_table/xw540_h260.model
[5.774s] -- Installing: /home/hoan/colcon_ws/install/dynamixel_sdk/share/dynamixel_sdk/control_table/xm540_w150.model
[5.774s] -- Installing: /home/hoan/colcon_ws/install/dynamixel_sdk/share/dynamixel_sdk/control_table/xc430_w240.model
[5.774s] -- Installing: /home/hoan/colcon_ws/install/dynamixel_sdk/share/dynamixel_sdk/control_table/ph54_200_s500.model
[5.774s] -- Installing: /home/hoan/colcon_ws/install/dynamixel_sdk/share/dynamixel_sdk/control_table/xw540_t140.model
[5.775s] -- Installing: /home/hoan/colcon_ws/install/dynamixel_sdk/share/dynamixel_sdk/control_table/xl320.model
[5.775s] -- Installing: /home/hoan/colcon_ws/install/dynamixel_sdk/share/dynamixel_sdk/control_table/xh430_w350.model
[5.775s] -- Installing: /home/hoan/colcon_ws/install/dynamixel_sdk/share/dynamixel_sdk/control_table/xc330_m181.model
[5.775s] -- Installing: /home/hoan/colcon_ws/install/dynamixel_sdk/share/dynamixel_sdk/control_table/ym080_230_a099.model
[5.775s] -- Installing: /home/hoan/colcon_ws/install/dynamixel_sdk/share/dynamixel_sdk/control_table/ph42_020_s300.model
[5.775s] -- Installing: /home/hoan/colcon_ws/install/dynamixel_sdk/share/dynamixel_sdk/control_table/xc330_m288_fw52.model
[5.775s] -- Installing: /home/hoan/colcon_ws/install/dynamixel_sdk/share/dynamixel_sdk/control_table/h54_200_s500_ra.model
[5.775s] -- Installing: /home/hoan/colcon_ws/install/dynamixel_sdk/share/dynamixel_sdk/control_table/m42_10_s260_ra.model
[5.775s] -- Installing: /home/hoan/colcon_ws/install/dynamixel_sdk/share/dynamixel_sdk/control_table/mx_106.model
[5.776s] -- Installing: /home/hoan/colcon_ws/install/dynamixel_sdk/share/dynamixel_sdk/control_table/ym080_230_m001.model
[5.776s] -- Installing: /home/hoan/colcon_ws/install/dynamixel_sdk/share/dynamixel_sdk/control_table/ym070_210_a099.model
[5.776s] -- Installing: /home/hoan/colcon_ws/install/dynamixel_sdk/share/dynamixel_sdk/control_table/pm54_060_s250.model
[5.776s] -- Installing: /home/hoan/colcon_ws/install/dynamixel_sdk/share/dynamixel_sdk/control_table/ym070_210_m001.model
[5.776s] -- Installing: /home/hoan/colcon_ws/install/dynamixel_sdk/share/dynamixel_sdk/control_table/xw430_t333.model
[5.776s] -- Installing: /home/hoan/colcon_ws/install/dynamixel_sdk/share/dynamixel_sdk/control_table/xh540_v270.model
[5.776s] -- Installing: /home/hoan/colcon_ws/install/dynamixel_sdk/share/dynamixel_sdk/control_table/ym080_230_r099.model
[5.776s] -- Installing: /home/hoan/colcon_ws/install/dynamixel_sdk/share/dynamixel_sdk/control_table/2xc430_w250.model
[5.776s] -- Installing: /home/hoan/colcon_ws/install/dynamixel_sdk/share/dynamixel_sdk/control_table/h42_20_s300_ra.model
[5.776s] -- Installing: /home/hoan/colcon_ws/install/dynamixel_sdk/share/dynamixel_sdk/control_table/xh430_w210.model
[5.776s] -- Installing: /home/hoan/colcon_ws/install/dynamixel_sdk/share/dynamixel_sdk/control_table/xl330_m288_fw52.model
[5.777s] -- Installing: /home/hoan/colcon_ws/install/dynamixel_sdk/share/dynamixel_sdk/control_table/pm42_010_s260.model
[5.778s] -- Installing: /home/hoan/colcon_ws/install/dynamixel_sdk/share/dynamixel_sdk/control_table/xh430_v210.model
[5.778s] -- Installing: /home/hoan/colcon_ws/install/dynamixel_sdk/share/dynamixel_sdk/control_table/h54_100_s500_ra.model
[5.778s] -- Installing: /home/hoan/colcon_ws/install/dynamixel_sdk/share/dynamixel_sdk/control_table/xw540_t260.model
[5.779s] -- Installing: /home/hoan/colcon_ws/install/dynamixel_sdk/share/dynamixel_sdk/control_table/xc330_t181_fw52.model
[5.779s] -- Installing: /home/hoan/colcon_ws/install/dynamixel_sdk/share/dynamixel_sdk/control_table/xm430_w210.model
[5.780s] -- Installing: /home/hoan/colcon_ws/install/dynamixel_sdk/share/dynamixel_sdk/control_table/ym070_210_r099.model
[5.780s] -- Installing: /home/hoan/colcon_ws/install/dynamixel_sdk/share/dynamixel_sdk/control_table/ym070_210_r051.model
[5.781s] -- Installing: /home/hoan/colcon_ws/install/dynamixel_sdk/share/dynamixel_sdk/control_table/ym070_210_b001.model
[5.781s] -- Installing: /home/hoan/colcon_ws/install/dynamixel_sdk/share/dynamixel_sdk/control_table/ym080_230_b001.model
[5.781s] -- Installing: /home/hoan/colcon_ws/install/dynamixel_sdk/share/dynamixel_sdk/control_table/xh430_v350.model
[5.782s] -- Installing: /home/hoan/colcon_ws/install/dynamixel_sdk/share/dynamixel_sdk/control_table/xc330_m181_fw52.model
[5.782s] -- Installing: /home/hoan/colcon_ws/install/dynamixel_sdk/share/dynamixel_sdk/control_table/m54_60_s250_ra.model
[5.782s] -- Installing: /home/hoan/colcon_ws/install/dynamixel_sdk/share/dynamixel_sdk/control_table/ym080_230_a051.model
[5.783s] -- Installing: /home/hoan/colcon_ws/install/dynamixel_sdk/share/dynamixel_sdk/control_table/xh540_w150.model
[5.783s] -- Installing: /home/hoan/colcon_ws/install/dynamixel_sdk/share/dynamixel_sdk/control_table/xc330_t181.model
[5.783s] -- Installing: /home/hoan/colcon_ws/install/dynamixel_sdk/share/dynamixel_sdk/control_table/m54_40_s250_ra.model
[5.784s] -- Installing: /home/hoan/colcon_ws/install/dynamixel_sdk/share/dynamixel_sdk/environment/pythonpath.sh
[5.784s] -- Installing: /home/hoan/colcon_ws/install/dynamixel_sdk/share/dynamixel_sdk/environment/pythonpath.dsv
[5.785s] -- Installing: /home/hoan/colcon_ws/install/dynamixel_sdk/local/lib/python3.10/dist-packages/dynamixel_sdk-4.0.3-py3.10.egg-info
[5.788s] -- Installing: /home/hoan/colcon_ws/install/dynamixel_sdk/local/lib/python3.10/dist-packages/dynamixel_sdk-4.0.3-py3.10.egg-info/SOURCES.txt
[5.788s] -- Installing: /home/hoan/colcon_ws/install/dynamixel_sdk/local/lib/python3.10/dist-packages/dynamixel_sdk-4.0.3-py3.10.egg-info/top_level.txt
[5.788s] -- Installing: /home/hoan/colcon_ws/install/dynamixel_sdk/local/lib/python3.10/dist-packages/dynamixel_sdk-4.0.3-py3.10.egg-info/dependency_links.txt
[5.789s] -- Installing: /home/hoan/colcon_ws/install/dynamixel_sdk/local/lib/python3.10/dist-packages/dynamixel_sdk-4.0.3-py3.10.egg-info/PKG-INFO
[5.789s] -- Installing: /home/hoan/colcon_ws/install/dynamixel_sdk/local/lib/python3.10/dist-packages/dynamixel_sdk
[5.789s] -- Installing: /home/hoan/colcon_ws/install/dynamixel_sdk/local/lib/python3.10/dist-packages/dynamixel_sdk/port_handler.py
[5.789s] -- Installing: /home/hoan/colcon_ws/install/dynamixel_sdk/local/lib/python3.10/dist-packages/dynamixel_sdk/port_handler_linux.cpp
[5.793s] -- Installing: /home/hoan/colcon_ws/install/dynamixel_sdk/local/lib/python3.10/dist-packages/dynamixel_sdk/group_sync_write.cpp
[5.793s] -- Installing: /home/hoan/colcon_ws/install/dynamixel_sdk/local/lib/python3.10/dist-packages/dynamixel_sdk/group_handler.cpp
[5.793s] -- Installing: /home/hoan/colcon_ws/install/dynamixel_sdk/local/lib/python3.10/dist-packages/dynamixel_sdk/protocol1_packet_handler.cpp
[5.793s] -- Installing: /home/hoan/colcon_ws/install/dynamixel_sdk/local/lib/python3.10/dist-packages/dynamixel_sdk/group_fast_sync_read.cpp
[5.793s] -- Installing: /home/hoan/colcon_ws/install/dynamixel_sdk/local/lib/python3.10/dist-packages/dynamixel_sdk/robotis_def.py
[5.793s] -- Installing: /home/hoan/colcon_ws/install/dynamixel_sdk/local/lib/python3.10/dist-packages/dynamixel_sdk/port_handler.cpp
[5.793s] -- Installing: /home/hoan/colcon_ws/install/dynamixel_sdk/local/lib/python3.10/dist-packages/dynamixel_sdk/group_sync_write.py
[5.794s] -- Installing: /home/hoan/colcon_ws/install/dynamixel_sdk/local/lib/python3.10/dist-packages/dynamixel_sdk/group_bulk_read.py
[5.794s] -- Installing: /home/hoan/colcon_ws/install/dynamixel_sdk/local/lib/python3.10/dist-packages/dynamixel_sdk/group_bulk_write.py
[5.794s] -- Installing: /home/hoan/colcon_ws/install/dynamixel_sdk/local/lib/python3.10/dist-packages/dynamixel_sdk/group_sync_read.cpp
[5.798s] -- Installing: /home/hoan/colcon_ws/install/dynamixel_sdk/local/lib/python3.10/dist-packages/dynamixel_sdk/__init__.py
[5.798s] -- Installing: /home/hoan/colcon_ws/install/dynamixel_sdk/local/lib/python3.10/dist-packages/dynamixel_sdk/protocol1_packet_handler.py
[5.798s] -- Installing: /home/hoan/colcon_ws/install/dynamixel_sdk/local/lib/python3.10/dist-packages/dynamixel_sdk/group_bulk_read.cpp
[5.798s] -- Installing: /home/hoan/colcon_ws/install/dynamixel_sdk/local/lib/python3.10/dist-packages/dynamixel_sdk/packet_handler.py
[5.798s] -- Installing: /home/hoan/colcon_ws/install/dynamixel_sdk/local/lib/python3.10/dist-packages/dynamixel_sdk/protocol2_packet_handler.cpp
[5.798s] -- Installing: /home/hoan/colcon_ws/install/dynamixel_sdk/local/lib/python3.10/dist-packages/dynamixel_sdk/packet_handler.cpp
[5.799s] -- Installing: /home/hoan/colcon_ws/install/dynamixel_sdk/local/lib/python3.10/dist-packages/dynamixel_sdk/port_handler_mac.cpp
[5.799s] -- Installing: /home/hoan/colcon_ws/install/dynamixel_sdk/local/lib/python3.10/dist-packages/dynamixel_sdk/port_handler_arduino.cpp
[5.799s] -- Installing: /home/hoan/colcon_ws/install/dynamixel_sdk/local/lib/python3.10/dist-packages/dynamixel_sdk/protocol2_packet_handler.py
[5.800s] -- Installing: /home/hoan/colcon_ws/install/dynamixel_sdk/local/lib/python3.10/dist-packages/dynamixel_sdk/port_handler_windows.cpp
[5.802s] -- Installing: /home/hoan/colcon_ws/install/dynamixel_sdk/local/lib/python3.10/dist-packages/dynamixel_sdk/group_fast_bulk_read.cpp
[5.803s] -- Installing: /home/hoan/colcon_ws/install/dynamixel_sdk/local/lib/python3.10/dist-packages/dynamixel_sdk/group_sync_read.py
[5.803s] -- Installing: /home/hoan/colcon_ws/install/dynamixel_sdk/local/lib/python3.10/dist-packages/dynamixel_sdk/group_bulk_write.cpp
[5.995s] Listing '/home/hoan/colcon_ws/install/dynamixel_sdk/local/lib/python3.10/dist-packages/dynamixel_sdk'...
[5.995s] Compiling '/home/hoan/colcon_ws/install/dynamixel_sdk/local/lib/python3.10/dist-packages/dynamixel_sdk/__init__.py'...
[5.995s] Compiling '/home/hoan/colcon_ws/install/dynamixel_sdk/local/lib/python3.10/dist-packages/dynamixel_sdk/group_bulk_read.py'...
[5.995s] Compiling '/home/hoan/colcon_ws/install/dynamixel_sdk/local/lib/python3.10/dist-packages/dynamixel_sdk/group_bulk_write.py'...
[5.995s] Compiling '/home/hoan/colcon_ws/install/dynamixel_sdk/local/lib/python3.10/dist-packages/dynamixel_sdk/group_sync_read.py'...
[5.998s] Compiling '/home/hoan/colcon_ws/install/dynamixel_sdk/local/lib/python3.10/dist-packages/dynamixel_sdk/group_sync_write.py'...
[5.999s] Compiling '/home/hoan/colcon_ws/install/dynamixel_sdk/local/lib/python3.10/dist-packages/dynamixel_sdk/packet_handler.py'...
[5.999s] Compiling '/home/hoan/colcon_ws/install/dynamixel_sdk/local/lib/python3.10/dist-packages/dynamixel_sdk/port_handler.py'...
[5.999s] Compiling '/home/hoan/colcon_ws/install/dynamixel_sdk/local/lib/python3.10/dist-packages/dynamixel_sdk/protocol1_packet_handler.py'...
[5.999s] Compiling '/home/hoan/colcon_ws/install/dynamixel_sdk/local/lib/python3.10/dist-packages/dynamixel_sdk/protocol2_packet_handler.py'...
[5.999s] Compiling '/home/hoan/colcon_ws/install/dynamixel_sdk/local/lib/python3.10/dist-packages/dynamixel_sdk/robotis_def.py'...
[6.017s] -- Installing: /home/hoan/colcon_ws/install/dynamixel_sdk/local/lib/python3.10/dist-packages/dynamixel_easy_sdk-4.0.3-py3.10.egg-info
[6.017s] -- Installing: /home/hoan/colcon_ws/install/dynamixel_sdk/local/lib/python3.10/dist-packages/dynamixel_easy_sdk-4.0.3-py3.10.egg-info/SOURCES.txt
[6.017s] -- Installing: /home/hoan/colcon_ws/install/dynamixel_sdk/local/lib/python3.10/dist-packages/dynamixel_easy_sdk-4.0.3-py3.10.egg-info/top_level.txt
[6.017s] -- Installing: /home/hoan/colcon_ws/install/dynamixel_sdk/local/lib/python3.10/dist-packages/dynamixel_easy_sdk-4.0.3-py3.10.egg-info/dependency_links.txt
[6.017s] -- Installing: /home/hoan/colcon_ws/install/dynamixel_sdk/local/lib/python3.10/dist-packages/dynamixel_easy_sdk-4.0.3-py3.10.egg-info/PKG-INFO
[6.017s] -- Installing: /home/hoan/colcon_ws/install/dynamixel_sdk/local/lib/python3.10/dist-packages/dynamixel_easy_sdk
[6.017s] -- Installing: /home/hoan/colcon_ws/install/dynamixel_sdk/local/lib/python3.10/dist-packages/dynamixel_easy_sdk/group_executor.py
[6.017s] -- Installing: /home/hoan/colcon_ws/install/dynamixel_sdk/local/lib/python3.10/dist-packages/dynamixel_easy_sdk/connector.py
[6.018s] -- Installing: /home/hoan/colcon_ws/install/dynamixel_sdk/local/lib/python3.10/dist-packages/dynamixel_easy_sdk/dynamixel_error.py
[6.028s] -- Installing: /home/hoan/colcon_ws/install/dynamixel_sdk/local/lib/python3.10/dist-packages/dynamixel_easy_sdk/connector.cpp
[6.028s] -- Installing: /home/hoan/colcon_ws/install/dynamixel_sdk/local/lib/python3.10/dist-packages/dynamixel_easy_sdk/__init__.py
[6.028s] -- Installing: /home/hoan/colcon_ws/install/dynamixel_sdk/local/lib/python3.10/dist-packages/dynamixel_easy_sdk/control_table.cpp
[6.028s] -- Installing: /home/hoan/colcon_ws/install/dynamixel_sdk/local/lib/python3.10/dist-packages/dynamixel_easy_sdk/dynamixel_error.cpp
[6.028s] -- Installing: /home/hoan/colcon_ws/install/dynamixel_sdk/local/lib/python3.10/dist-packages/dynamixel_easy_sdk/group_executor.cpp
[6.028s] -- Installing: /home/hoan/colcon_ws/install/dynamixel_sdk/local/lib/python3.10/dist-packages/dynamixel_easy_sdk/motor.cpp
[6.028s] -- Installing: /home/hoan/colcon_ws/install/dynamixel_sdk/local/lib/python3.10/dist-packages/dynamixel_easy_sdk/motor.py
[6.029s] -- Installing: /home/hoan/colcon_ws/install/dynamixel_sdk/local/lib/python3.10/dist-packages/dynamixel_easy_sdk/control_table.py
[6.029s] -- Installing: /home/hoan/colcon_ws/install/dynamixel_sdk/local/lib/python3.10/dist-packages/dynamixel_easy_sdk/data_types.py
[6.220s] Listing '/home/hoan/colcon_ws/install/dynamixel_sdk/local/lib/python3.10/dist-packages/dynamixel_easy_sdk'...
[6.220s] Compiling '/home/hoan/colcon_ws/install/dynamixel_sdk/local/lib/python3.10/dist-packages/dynamixel_easy_sdk/__init__.py'...
[6.220s] Compiling '/home/hoan/colcon_ws/install/dynamixel_sdk/local/lib/python3.10/dist-packages/dynamixel_easy_sdk/connector.py'...
[6.220s] Compiling '/home/hoan/colcon_ws/install/dynamixel_sdk/local/lib/python3.10/dist-packages/dynamixel_easy_sdk/control_table.py'...
[6.220s] Compiling '/home/hoan/colcon_ws/install/dynamixel_sdk/local/lib/python3.10/dist-packages/dynamixel_easy_sdk/data_types.py'...
[6.220s] Compiling '/home/hoan/colcon_ws/install/dynamixel_sdk/local/lib/python3.10/dist-packages/dynamixel_easy_sdk/dynamixel_error.py'...
[6.220s] Compiling '/home/hoan/colcon_ws/install/dynamixel_sdk/local/lib/python3.10/dist-packages/dynamixel_easy_sdk/group_executor.py'...
[6.220s] Compiling '/home/hoan/colcon_ws/install/dynamixel_sdk/local/lib/python3.10/dist-packages/dynamixel_easy_sdk/motor.py'...
[6.251s] -- Installing: /home/hoan/colcon_ws/install/dynamixel_sdk/share/dynamixel_sdk/environment/library_path.sh
[6.252s] -- Installing: /home/hoan/colcon_ws/install/dynamixel_sdk/share/dynamixel_sdk/environment/library_path.dsv
[6.252s] -- Installing: /home/hoan/colcon_ws/install/dynamixel_sdk/share/ament_index/resource_index/package_run_dependencies/dynamixel_sdk
[6.252s] -- Installing: /home/hoan/colcon_ws/install/dynamixel_sdk/share/ament_index/resource_index/parent_prefix_path/dynamixel_sdk
[6.252s] -- Installing: /home/hoan/colcon_ws/install/dynamixel_sdk/share/dynamixel_sdk/environment/ament_prefix_path.sh
[6.253s] -- Installing: /home/hoan/colcon_ws/install/dynamixel_sdk/share/dynamixel_sdk/environment/ament_prefix_path.dsv
[6.254s] -- Installing: /home/hoan/colcon_ws/install/dynamixel_sdk/share/dynamixel_sdk/environment/path.sh
[6.256s] -- Installing: /home/hoan/colcon_ws/install/dynamixel_sdk/share/dynamixel_sdk/environment/path.dsv
[6.260s] -- Installing: /home/hoan/colcon_ws/install/dynamixel_sdk/share/dynamixel_sdk/local_setup.bash
[6.260s] -- Installing: /home/hoan/colcon_ws/install/dynamixel_sdk/share/dynamixel_sdk/local_setup.sh
[6.263s] -- Installing: /home/hoan/colcon_ws/install/dynamixel_sdk/share/dynamixel_sdk/local_setup.zsh
[6.264s] -- Installing: /home/hoan/colcon_ws/install/dynamixel_sdk/share/dynamixel_sdk/local_setup.dsv
[6.264s] -- Installing: /home/hoan/colcon_ws/install/dynamixel_sdk/share/dynamixel_sdk/package.dsv
[6.264s] -- Installing: /home/hoan/colcon_ws/install/dynamixel_sdk/share/ament_index/resource_index/packages/dynamixel_sdk
[6.264s] -- Installing: /home/hoan/colcon_ws/install/dynamixel_sdk/share/dynamixel_sdk/cmake/dynamixel_sdkExport.cmake
[6.264s] -- Installing: /home/hoan/colcon_ws/install/dynamixel_sdk/share/dynamixel_sdk/cmake/dynamixel_sdkExport-noconfig.cmake
[6.268s] -- Installing: /home/hoan/colcon_ws/install/dynamixel_sdk/share/dynamixel_sdk/cmake/ament_cmake_export_targets-extras.cmake
[6.268s] -- Installing: /home/hoan/colcon_ws/install/dynamixel_sdk/share/dynamixel_sdk/cmake/ament_cmake_export_include_directories-extras.cmake
[6.268s] -- Installing: /home/hoan/colcon_ws/install/dynamixel_sdk/share/dynamixel_sdk/cmake/ament_cmake_export_libraries-extras.cmake
[6.268s] -- Installing: /home/hoan/colcon_ws/install/dynamixel_sdk/share/dynamixel_sdk/cmake/dynamixel_sdkConfig.cmake
[6.268s] -- Installing: /home/hoan/colcon_ws/install/dynamixel_sdk/share/dynamixel_sdk/cmake/dynamixel_sdkConfig-version.cmake
[6.268s] -- Installing: /home/hoan/colcon_ws/install/dynamixel_sdk/share/dynamixel_sdk/package.xml
[6.285s] Invoked command in '/home/hoan/colcon_ws/build/dynamixel_sdk' returned '0': CMAKE_PREFIX_PATH=${CMAKE_PREFIX_PATH}:/home/hoan/ros2_ws/install/camera_onnx_processor:/home/hoan/colcon_ws/install/dynamixel_sdk_custom_interfaces:/home/hoan/colcon_ws/install/dynamixel_sdk:/home/hoan/colcon_ws/install/dynamixel_interfaces:/opt/ros/humble /usr/bin/cmake --install /home/hoan/colcon_ws/build/dynamixel_sdk
